mode: atomic
github.com/kintsdev/norm/examples/main.go:32.13,51.16 4 0
github.com/kintsdev/norm/examples/main.go:51.16,53.3 1 0
github.com/kintsdev/norm/examples/main.go:54.2,54.15 1 0
github.com/kintsdev/norm/examples/main.go:54.15,54.33 1 0
github.com/kintsdev/norm/examples/main.go:57.2,57.39 1 0
github.com/kintsdev/norm/examples/main.go:57.39,59.3 1 0
github.com/kintsdev/norm/examples/main.go:62.2,62.60 1 0
github.com/kintsdev/norm/examples/main.go:62.60,64.3 1 0
github.com/kintsdev/norm/examples/main.go:66.2,66.102 1 0
github.com/kintsdev/norm/examples/main.go:66.102,68.3 1 0
github.com/kintsdev/norm/examples/main.go:70.2,74.65 3 0
github.com/kintsdev/norm/examples/main.go:74.65,76.3 1 0
github.com/kintsdev/norm/examples/main.go:79.2,97.16 11 0
github.com/kintsdev/norm/examples/main.go:97.16,102.3 3 0
github.com/kintsdev/norm/examples/main.go:104.2,113.16 6 0
github.com/kintsdev/norm/examples/main.go:113.16,118.3 4 0
github.com/kintsdev/norm/examples/main.go:119.2,142.23 12 0
github.com/kintsdev/norm/examples/main.go:142.23,145.3 2 0
github.com/kintsdev/norm/examples/main.go:148.2,178.67 16 0
github.com/kintsdev/norm/examples/main.go:178.67,182.3 3 0
github.com/kintsdev/norm/examples/main.go:184.2,185.16 2 0
github.com/kintsdev/norm/examples/main.go:185.16,189.3 3 0
github.com/kintsdev/norm/examples/main.go:193.2,197.25 5 0
github.com/kintsdev/norm/examples/main.go:197.25,199.3 1 0
github.com/kintsdev/norm/examples/main.go:200.2,200.61 1 0
github.com/kintsdev/norm/examples/main.go:200.61,200.76 1 0
github.com/kintsdev/norm/examples/main.go:200.118,203.3 1 0
github.com/kintsdev/norm/examples/main.go:204.2,209.50 4 0
github.com/kintsdev/norm/internal/core/reflectx.go:21.36,21.50 1 0
github.com/kintsdev/norm/internal/core/reflectx.go:23.49,25.30 1 2
github.com/kintsdev/norm/internal/core/reflectx.go:25.30,27.3 1 0
github.com/kintsdev/norm/internal/core/reflectx.go:28.2,29.36 2 2
github.com/kintsdev/norm/internal/core/reflectx.go:29.36,31.22 2 8
github.com/kintsdev/norm/internal/core/reflectx.go:31.22,32.12 1 0
github.com/kintsdev/norm/internal/core/reflectx.go:34.3,35.16 2 8
github.com/kintsdev/norm/internal/core/reflectx.go:35.16,37.4 1 0
github.com/kintsdev/norm/internal/core/reflectx.go:38.3,41.16 3 8
github.com/kintsdev/norm/internal/core/reflectx.go:41.16,43.28 2 2
github.com/kintsdev/norm/internal/core/reflectx.go:43.28,45.27 2 3
github.com/kintsdev/norm/internal/core/reflectx.go:45.27,47.6 1 1
github.com/kintsdev/norm/internal/core/reflectx.go:48.5,48.30 1 3
github.com/kintsdev/norm/internal/core/reflectx.go:48.30,50.6 1 1
github.com/kintsdev/norm/internal/core/reflectx.go:51.5,51.23 1 3
github.com/kintsdev/norm/internal/core/reflectx.go:51.23,53.6 1 1
github.com/kintsdev/norm/internal/core/reflectx.go:56.3,56.60 1 8
github.com/kintsdev/norm/internal/core/reflectx.go:56.60,58.4 1 0
github.com/kintsdev/norm/internal/core/reflectx.go:60.2,60.10 1 2
github.com/kintsdev/norm/internal/core/reflectx.go:63.63,65.30 1 3
github.com/kintsdev/norm/internal/core/reflectx.go:65.30,66.16 1 3
github.com/kintsdev/norm/internal/core/reflectx.go:66.16,68.4 1 0
github.com/kintsdev/norm/internal/core/reflectx.go:69.3,69.15 1 3
github.com/kintsdev/norm/internal/core/reflectx.go:71.2,72.35 2 3
github.com/kintsdev/norm/internal/core/reflectx.go:72.35,74.3 1 0
github.com/kintsdev/norm/internal/core/reflectx.go:75.2,76.18 2 3
github.com/kintsdev/norm/internal/core/reflectx.go:76.18,78.31 1 1
github.com/kintsdev/norm/internal/core/reflectx.go:78.31,80.4 1 1
github.com/kintsdev/norm/internal/core/reflectx.go:81.3,81.9 1 1
github.com/kintsdev/norm/internal/core/reflectx.go:84.2,84.46 1 2
github.com/kintsdev/norm/internal/core/reflectx.go:84.46,85.28 1 1
github.com/kintsdev/norm/internal/core/reflectx.go:86.18,88.10 2 1
github.com/kintsdev/norm/internal/core/reflectx.go:92.2,92.40 1 1
github.com/kintsdev/norm/internal/core/reflectx.go:92.40,95.3 2 1
github.com/kintsdev/norm/internal/core/reflectx.go:96.2,96.41 1 0
github.com/kintsdev/norm/internal/core/reflectx.go:96.41,99.3 2 0
github.com/kintsdev/norm/internal/core/reflectx.go:101.2,101.75 1 0
github.com/kintsdev/norm/internal/core/reflectx.go:101.75,105.3 3 0
github.com/kintsdev/norm/internal/core/reflectx.go:108.35,110.22 2 3
github.com/kintsdev/norm/internal/core/reflectx.go:110.22,111.36 1 24
github.com/kintsdev/norm/internal/core/reflectx.go:111.36,113.4 1 7
github.com/kintsdev/norm/internal/core/reflectx.go:113.9,114.28 1 17
github.com/kintsdev/norm/internal/core/reflectx.go:114.28,116.5 1 3
github.com/kintsdev/norm/internal/core/reflectx.go:116.10,118.5 1 14
github.com/kintsdev/norm/internal/core/reflectx.go:121.2,121.20 1 3
github.com/kintsdev/norm/internal/core/reflectx.go:125.46,126.30 1 1
github.com/kintsdev/norm/internal/core/reflectx.go:126.30,128.3 1 0
github.com/kintsdev/norm/internal/core/reflectx.go:129.2,129.32 1 1
github.com/kintsdev/norm/internal/core/reflectx.go:129.32,131.3 1 0
github.com/kintsdev/norm/internal/core/reflectx.go:132.2,132.36 1 1
github.com/kintsdev/norm/internal/core/reflectx.go:132.36,134.22 2 4
github.com/kintsdev/norm/internal/core/reflectx.go:134.22,135.12 1 0
github.com/kintsdev/norm/internal/core/reflectx.go:137.3,138.16 2 4
github.com/kintsdev/norm/internal/core/reflectx.go:138.16,140.4 1 0
github.com/kintsdev/norm/internal/core/reflectx.go:141.3,141.43 1 4
github.com/kintsdev/norm/internal/core/reflectx.go:141.43,143.4 1 1
github.com/kintsdev/norm/internal/core/reflectx.go:145.2,145.14 1 0
github.com/kintsdev/norm/internal/sqlutil/util.go:10.53,13.22 3 1
github.com/kintsdev/norm/internal/sqlutil/util.go:13.22,14.15 1 15
github.com/kintsdev/norm/internal/sqlutil/util.go:14.15,17.4 2 2
github.com/kintsdev/norm/internal/sqlutil/util.go:17.9,19.4 1 13
github.com/kintsdev/norm/internal/sqlutil/util.go:21.2,21.20 1 1
github.com/kintsdev/norm/internal/sqlutil/util.go:31.92,37.32 6 6
github.com/kintsdev/norm/internal/sqlutil/util.go:37.32,39.17 2 90
github.com/kintsdev/norm/internal/sqlutil/util.go:39.17,42.12 3 2
github.com/kintsdev/norm/internal/sqlutil/util.go:44.3,44.15 1 88
github.com/kintsdev/norm/internal/sqlutil/util.go:44.15,46.12 2 5
github.com/kintsdev/norm/internal/sqlutil/util.go:48.3,48.16 1 83
github.com/kintsdev/norm/internal/sqlutil/util.go:48.16,50.41 1 10
github.com/kintsdev/norm/internal/sqlutil/util.go:50.41,53.13 3 1
github.com/kintsdev/norm/internal/sqlutil/util.go:56.4,56.23 1 9
github.com/kintsdev/norm/internal/sqlutil/util.go:56.23,58.13 2 0
github.com/kintsdev/norm/internal/sqlutil/util.go:60.4,61.33 2 9
github.com/kintsdev/norm/internal/sqlutil/util.go:61.33,63.13 2 0
github.com/kintsdev/norm/internal/sqlutil/util.go:65.4,66.44 2 9
github.com/kintsdev/norm/internal/sqlutil/util.go:66.44,68.5 1 14
github.com/kintsdev/norm/internal/sqlutil/util.go:69.4,71.11 3 9
github.com/kintsdev/norm/internal/sqlutil/util.go:71.11,73.5 1 1
github.com/kintsdev/norm/internal/sqlutil/util.go:75.4,75.31 1 8
github.com/kintsdev/norm/internal/sqlutil/util.go:75.31,76.43 1 4
github.com/kintsdev/norm/internal/sqlutil/util.go:76.43,78.6 1 1
github.com/kintsdev/norm/internal/sqlutil/util.go:79.5,81.16 3 3
github.com/kintsdev/norm/internal/sqlutil/util.go:81.16,85.6 1 1
github.com/kintsdev/norm/internal/sqlutil/util.go:85.11,87.30 2 2
github.com/kintsdev/norm/internal/sqlutil/util.go:87.30,88.16 1 5
github.com/kintsdev/norm/internal/sqlutil/util.go:88.16,90.8 1 3
github.com/kintsdev/norm/internal/sqlutil/util.go:91.7,93.17 3 5
github.com/kintsdev/norm/internal/sqlutil/util.go:95.6,95.24 1 2
github.com/kintsdev/norm/internal/sqlutil/util.go:97.5,97.27 1 3
github.com/kintsdev/norm/internal/sqlutil/util.go:98.10,99.56 1 4
github.com/kintsdev/norm/internal/sqlutil/util.go:99.56,101.6 1 1
github.com/kintsdev/norm/internal/sqlutil/util.go:101.11,106.6 4 3
github.com/kintsdev/norm/internal/sqlutil/util.go:108.4,109.12 2 7
github.com/kintsdev/norm/internal/sqlutil/util.go:111.3,111.20 1 73
github.com/kintsdev/norm/internal/sqlutil/util.go:113.2,113.32 1 4
github.com/kintsdev/norm/internal/sqlutil/util.go:116.32,118.2 1 26
github.com/kintsdev/norm/internal/sqlutil/util.go:120.31,122.2 1 17
github.com/kintsdev/norm/internal/sqlutil/util.go:124.37,126.62 2 11
github.com/kintsdev/norm/internal/sqlutil/util.go:126.62,128.77 1 6
github.com/kintsdev/norm/internal/sqlutil/util.go:128.77,130.4 1 1
github.com/kintsdev/norm/internal/sqlutil/util.go:131.3,131.14 1 5
github.com/kintsdev/norm/internal/sqlutil/util.go:133.2,133.14 1 5
github.com/kintsdev/norm/cache.go:18.77,18.103 1 1
github.com/kintsdev/norm/cache.go:19.94,21.2 1 1
github.com/kintsdev/norm/cache.go:22.72,22.86 1 1
github.com/kintsdev/norm/circuit_breaker.go:37.41,37.82 1 3
github.com/kintsdev/norm/circuit_breaker.go:39.66,40.34 1 2
github.com/kintsdev/norm/circuit_breaker.go:40.34,42.3 1 1
github.com/kintsdev/norm/circuit_breaker.go:43.2,45.11 3 2
github.com/kintsdev/norm/circuit_breaker.go:48.52,49.19 1 4
github.com/kintsdev/norm/circuit_breaker.go:49.19,51.3 1 0
github.com/kintsdev/norm/circuit_breaker.go:52.2,53.11 2 4
github.com/kintsdev/norm/circuit_breaker.go:54.19,56.34 2 1
github.com/kintsdev/norm/circuit_breaker.go:56.34,58.4 1 1
github.com/kintsdev/norm/circuit_breaker.go:59.17,61.34 2 2
github.com/kintsdev/norm/circuit_breaker.go:61.34,63.4 1 1
github.com/kintsdev/norm/circuit_breaker.go:64.21,67.34 2 1
github.com/kintsdev/norm/circuit_breaker.go:67.34,69.4 1 1
github.com/kintsdev/norm/circuit_breaker.go:74.42,77.18 3 7
github.com/kintsdev/norm/circuit_breaker.go:78.19,79.13 1 4
github.com/kintsdev/norm/circuit_breaker.go:80.17,81.52 1 3
github.com/kintsdev/norm/circuit_breaker.go:81.52,83.4 1 1
github.com/kintsdev/norm/circuit_breaker.go:83.9,85.4 1 2
github.com/kintsdev/norm/circuit_breaker.go:88.2,88.9 1 1
github.com/kintsdev/norm/circuit_breaker.go:89.36,90.13 1 1
github.com/kintsdev/norm/circuit_breaker.go:91.10,92.24 1 0
github.com/kintsdev/norm/circuit_breaker.go:97.46,102.31 3 4
github.com/kintsdev/norm/circuit_breaker.go:102.31,103.10 1 1
github.com/kintsdev/norm/circuit_breaker.go:104.25,104.25 0 1
github.com/kintsdev/norm/circuit_breaker.go:105.11,105.11 0 0
github.com/kintsdev/norm/circuit_breaker.go:109.2,109.18 1 4
github.com/kintsdev/norm/circuit_breaker.go:109.18,110.19 1 1
github.com/kintsdev/norm/circuit_breaker.go:111.20,112.19 1 0
github.com/kintsdev/norm/circuit_breaker.go:113.22,115.28 1 1
github.com/kintsdev/norm/circuit_breaker.go:116.18,116.18 0 0
github.com/kintsdev/norm/circuit_breaker.go:119.3,119.9 1 1
github.com/kintsdev/norm/circuit_breaker.go:122.2,122.18 1 3
github.com/kintsdev/norm/circuit_breaker.go:123.19,125.45 2 3
github.com/kintsdev/norm/circuit_breaker.go:125.45,127.4 1 2
github.com/kintsdev/norm/circuit_breaker.go:128.21,130.25 1 0
github.com/kintsdev/norm/conditions.go:13.38,13.94 1 3
github.com/kintsdev/norm/conditions.go:14.38,14.95 1 2
github.com/kintsdev/norm/conditions.go:15.38,15.94 1 1
github.com/kintsdev/norm/conditions.go:16.38,16.95 1 1
github.com/kintsdev/norm/conditions.go:17.38,17.94 1 1
github.com/kintsdev/norm/conditions.go:18.38,18.95 1 1
github.com/kintsdev/norm/conditions.go:20.43,21.20 1 1
github.com/kintsdev/norm/conditions.go:21.20,23.3 1 0
github.com/kintsdev/norm/conditions.go:24.2,26.25 3 1
github.com/kintsdev/norm/conditions.go:26.25,29.3 2 3
github.com/kintsdev/norm/conditions.go:30.2,30.92 1 1
github.com/kintsdev/norm/conditions.go:33.50,33.94 1 1
github.com/kintsdev/norm/conditions.go:36.56,38.2 1 1
github.com/kintsdev/norm/conditions.go:41.58,43.2 1 1
github.com/kintsdev/norm/conditions.go:46.50,51.2 4 1
github.com/kintsdev/norm/conditions.go:53.40,54.21 1 2
github.com/kintsdev/norm/conditions.go:54.21,56.3 1 1
github.com/kintsdev/norm/conditions.go:57.2,59.26 3 1
github.com/kintsdev/norm/conditions.go:59.26,62.3 2 2
github.com/kintsdev/norm/conditions.go:63.2,63.66 1 1
github.com/kintsdev/norm/conditions.go:66.39,67.21 1 1
github.com/kintsdev/norm/conditions.go:67.21,69.3 1 1
github.com/kintsdev/norm/conditions.go:70.2,72.26 3 0
github.com/kintsdev/norm/conditions.go:72.26,75.3 2 0
github.com/kintsdev/norm/conditions.go:76.2,76.65 1 0
github.com/kintsdev/norm/config.go:35.38,37.15 2 2
github.com/kintsdev/norm/config.go:37.15,39.3 1 1
github.com/kintsdev/norm/config.go:40.2,41.16 2 2
github.com/kintsdev/norm/config.go:41.16,43.3 1 1
github.com/kintsdev/norm/config.go:44.2,45.15 2 2
github.com/kintsdev/norm/config.go:45.15,47.3 1 1
github.com/kintsdev/norm/config.go:48.2,58.3 1 2
github.com/kintsdev/norm/connection.go:12.71,13.16 1 0
github.com/kintsdev/norm/connection.go:13.16,15.3 1 0
github.com/kintsdev/norm/connection.go:16.2,17.16 2 0
github.com/kintsdev/norm/connection.go:17.16,19.3 1 0
github.com/kintsdev/norm/connection.go:20.2,20.28 1 0
github.com/kintsdev/norm/connection.go:20.28,22.3 1 0
github.com/kintsdev/norm/connection.go:23.2,23.28 1 0
github.com/kintsdev/norm/connection.go:23.28,25.3 1 0
github.com/kintsdev/norm/connection.go:26.2,26.29 1 0
github.com/kintsdev/norm/connection.go:26.29,28.3 1 0
github.com/kintsdev/norm/connection.go:29.2,29.29 1 0
github.com/kintsdev/norm/connection.go:29.29,31.3 1 0
github.com/kintsdev/norm/connection.go:32.2,32.31 1 0
github.com/kintsdev/norm/connection.go:32.31,34.3 1 0
github.com/kintsdev/norm/connection.go:35.2,35.36 1 0
github.com/kintsdev/norm/connection.go:35.36,38.3 2 0
github.com/kintsdev/norm/connection.go:40.2,41.16 2 0
github.com/kintsdev/norm/connection.go:41.16,43.3 1 0
github.com/kintsdev/norm/connection.go:44.2,44.18 1 0
github.com/kintsdev/norm/connection.go:47.91,49.16 2 0
github.com/kintsdev/norm/connection.go:49.16,51.3 1 0
github.com/kintsdev/norm/connection.go:52.2,53.16 2 0
github.com/kintsdev/norm/connection.go:53.16,55.3 1 0
github.com/kintsdev/norm/connection.go:56.2,56.18 1 0
github.com/kintsdev/norm/connection.go:59.65,60.17 1 0
github.com/kintsdev/norm/connection.go:60.17,62.3 1 0
github.com/kintsdev/norm/connection.go:63.2,66.66 4 0
github.com/kintsdev/norm/connection.go:66.66,68.3 1 0
github.com/kintsdev/norm/connection.go:69.2,69.14 1 0
github.com/kintsdev/norm/connection.go:69.14,71.3 1 0
github.com/kintsdev/norm/connection.go:72.2,72.12 1 0
github.com/kintsdev/norm/connection.go:76.100,79.16 2 0
github.com/kintsdev/norm/connection.go:79.16,81.3 1 0
github.com/kintsdev/norm/connection.go:82.2,82.43 1 0
github.com/kintsdev/norm/connection.go:82.43,82.68 1 0
github.com/kintsdev/norm/connection.go:83.2,83.25 1 0
github.com/kintsdev/norm/connection.go:87.76,91.22 3 6
github.com/kintsdev/norm/connection.go:91.22,94.3 2 3
github.com/kintsdev/norm/connection.go:95.2,95.19 1 6
github.com/kintsdev/norm/connection.go:95.19,97.3 1 4
github.com/kintsdev/norm/connection.go:98.2,99.32 2 2
github.com/kintsdev/norm/connection.go:99.32,101.17 2 5
github.com/kintsdev/norm/connection.go:101.17,103.4 1 1
github.com/kintsdev/norm/connection.go:104.3,104.40 1 4
github.com/kintsdev/norm/connection.go:104.40,108.29 2 3
github.com/kintsdev/norm/connection.go:108.29,110.5 1 0
github.com/kintsdev/norm/connection.go:112.4,113.72 2 3
github.com/kintsdev/norm/connection.go:116.2,116.12 1 1
github.com/kintsdev/norm/dbexec.go:23.109,24.35 1 1
github.com/kintsdev/norm/dbexec.go:24.35,25.37 1 1
github.com/kintsdev/norm/dbexec.go:25.37,27.4 1 1
github.com/kintsdev/norm/dbexec.go:28.3,30.18 3 0
github.com/kintsdev/norm/dbexec.go:32.2,32.44 1 0
github.com/kintsdev/norm/dbexec.go:35.96,36.35 1 0
github.com/kintsdev/norm/dbexec.go:36.35,37.37 1 0
github.com/kintsdev/norm/dbexec.go:37.37,39.4 1 0
github.com/kintsdev/norm/dbexec.go:40.3,42.19 3 0
github.com/kintsdev/norm/dbexec.go:44.2,44.40 1 0
github.com/kintsdev/norm/dbexec.go:47.89,48.35 1 0
github.com/kintsdev/norm/dbexec.go:48.35,49.37 1 0
github.com/kintsdev/norm/dbexec.go:49.37,52.4 1 0
github.com/kintsdev/norm/dbexec.go:53.3,54.56 2 0
github.com/kintsdev/norm/dbexec.go:54.56,54.73 1 0
github.com/kintsdev/norm/dbexec.go:56.2,56.43 1 0
github.com/kintsdev/norm/dbexec.go:62.43,62.59 1 1
github.com/kintsdev/norm/dbexec.go:70.47,72.20 2 0
github.com/kintsdev/norm/dbexec.go:72.20,74.3 1 0
github.com/kintsdev/norm/dbexec.go:75.2,75.12 1 0
github.com/kintsdev/norm/dbexec.go:81.109,83.35 2 0
github.com/kintsdev/norm/dbexec.go:83.35,84.37 1 0
github.com/kintsdev/norm/dbexec.go:84.37,86.4 1 0
github.com/kintsdev/norm/dbexec.go:87.3,89.18 3 0
github.com/kintsdev/norm/dbexec.go:91.2,91.42 1 0
github.com/kintsdev/norm/dbexec.go:94.96,96.35 2 0
github.com/kintsdev/norm/dbexec.go:96.35,97.37 1 0
github.com/kintsdev/norm/dbexec.go:97.37,99.4 1 0
github.com/kintsdev/norm/dbexec.go:100.3,102.19 3 0
github.com/kintsdev/norm/dbexec.go:104.2,104.38 1 0
github.com/kintsdev/norm/dbexec.go:107.89,109.35 2 0
github.com/kintsdev/norm/dbexec.go:109.35,110.37 1 0
github.com/kintsdev/norm/dbexec.go:110.37,112.4 1 0
github.com/kintsdev/norm/dbexec.go:113.3,114.56 2 0
github.com/kintsdev/norm/dbexec.go:114.56,114.73 1 0
github.com/kintsdev/norm/dbexec.go:116.2,116.41 1 0
github.com/kintsdev/norm/errors.go:32.35,32.55 1 1
github.com/kintsdev/norm/errors.go:36.46,37.16 1 7
github.com/kintsdev/norm/errors.go:38.15,39.26 1 2
github.com/kintsdev/norm/errors.go:40.15,41.27 1 1
github.com/kintsdev/norm/errors.go:42.15,43.27 1 1
github.com/kintsdev/norm/errors.go:44.15,45.27 1 1
github.com/kintsdev/norm/errors.go:46.15,47.28 1 1
github.com/kintsdev/norm/errors.go:48.10,49.27 1 1
github.com/kintsdev/norm/errors.go:53.61,54.16 1 5
github.com/kintsdev/norm/errors.go:54.16,56.3 1 0
github.com/kintsdev/norm/errors.go:57.2,59.66 2 5
github.com/kintsdev/norm/errors.go:59.66,61.3 1 2
github.com/kintsdev/norm/errors.go:63.2,63.29 1 3
github.com/kintsdev/norm/errors.go:63.29,65.3 1 1
github.com/kintsdev/norm/errors.go:66.2,66.28 1 2
github.com/kintsdev/norm/errors.go:66.28,68.3 1 1
github.com/kintsdev/norm/errors.go:69.2,69.12 1 1
github.com/kintsdev/norm/errors.go:73.33,73.74 1 6
github.com/kintsdev/norm/logger.go:19.55,19.56 0 1
github.com/kintsdev/norm/logger.go:20.55,20.56 0 1
github.com/kintsdev/norm/logger.go:21.55,21.56 0 1
github.com/kintsdev/norm/logger.go:22.55,22.56 0 1
github.com/kintsdev/norm/metrics.go:16.73,16.74 0 1
github.com/kintsdev/norm/metrics.go:17.73,17.74 0 1
github.com/kintsdev/norm/metrics.go:18.73,18.74 0 1
github.com/kintsdev/norm/metrics.go:19.73,19.74 0 1
github.com/kintsdev/norm/norm.go:26.62,27.19 1 0
github.com/kintsdev/norm/norm.go:27.19,29.3 1 0
github.com/kintsdev/norm/norm.go:31.2,32.27 2 0
github.com/kintsdev/norm/norm.go:32.27,34.3 1 0
github.com/kintsdev/norm/norm.go:36.2,37.16 2 0
github.com/kintsdev/norm/norm.go:37.16,39.3 1 0
github.com/kintsdev/norm/norm.go:41.2,43.37 2 0
github.com/kintsdev/norm/norm.go:43.37,45.18 2 0
github.com/kintsdev/norm/norm.go:45.18,47.4 1 0
github.com/kintsdev/norm/norm.go:49.2,51.34 2 0
github.com/kintsdev/norm/norm.go:51.34,56.38 1 0
github.com/kintsdev/norm/norm.go:56.38,57.26 1 0
github.com/kintsdev/norm/norm.go:57.26,59.6 1 0
github.com/kintsdev/norm/norm.go:63.2,63.16 1 0
github.com/kintsdev/norm/norm.go:67.79,69.27 2 0
github.com/kintsdev/norm/norm.go:69.27,71.3 1 0
github.com/kintsdev/norm/norm.go:73.2,74.16 2 0
github.com/kintsdev/norm/norm.go:74.16,76.3 1 0
github.com/kintsdev/norm/norm.go:77.2,85.16 3 0
github.com/kintsdev/norm/norm.go:89.39,90.12 1 2
github.com/kintsdev/norm/norm.go:90.12,92.3 1 1
github.com/kintsdev/norm/norm.go:93.2,93.10 1 1
github.com/kintsdev/norm/norm.go:95.64,96.12 1 2
github.com/kintsdev/norm/norm.go:96.12,98.3 1 1
github.com/kintsdev/norm/norm.go:99.2,99.10 1 1
github.com/kintsdev/norm/norm.go:103.55,105.2 1 0
github.com/kintsdev/norm/norm.go:108.116,109.16 1 0
github.com/kintsdev/norm/norm.go:109.16,111.3 1 0
github.com/kintsdev/norm/norm.go:112.2,112.65 1 0
github.com/kintsdev/norm/norm.go:116.74,117.16 1 0
github.com/kintsdev/norm/norm.go:117.16,119.3 1 0
github.com/kintsdev/norm/norm.go:120.2,120.43 1 0
github.com/kintsdev/norm/norm.go:124.87,125.16 1 0
github.com/kintsdev/norm/norm.go:125.16,127.3 1 0
github.com/kintsdev/norm/norm.go:128.2,128.52 1 0
github.com/kintsdev/norm/norm.go:132.78,134.2 1 0
github.com/kintsdev/norm/norm.go:137.36,138.20 1 0
github.com/kintsdev/norm/norm.go:138.20,140.3 1 0
github.com/kintsdev/norm/norm.go:141.2,141.12 1 0
github.com/kintsdev/norm/norm.go:145.56,146.16 1 0
github.com/kintsdev/norm/norm.go:146.16,148.3 1 0
github.com/kintsdev/norm/norm.go:149.2,152.34 3 0
github.com/kintsdev/norm/norm.go:156.43,156.61 1 0
github.com/kintsdev/norm/norm.go:159.47,160.24 1 1
github.com/kintsdev/norm/norm.go:160.24,162.3 1 0
github.com/kintsdev/norm/norm.go:163.2,163.16 1 1
github.com/kintsdev/norm/norm.go:167.48,170.23 3 0
github.com/kintsdev/norm/norm.go:170.23,172.3 1 0
github.com/kintsdev/norm/norm.go:173.2,174.11 2 0
github.com/kintsdev/norm/options.go:11.31,17.2 1 2
github.com/kintsdev/norm/options.go:19.36,19.62 1 1
github.com/kintsdev/norm/options.go:19.62,19.78 1 1
github.com/kintsdev/norm/options.go:20.36,20.62 1 1
github.com/kintsdev/norm/options.go:20.62,20.79 1 1
github.com/kintsdev/norm/options.go:21.36,21.62 1 1
github.com/kintsdev/norm/options.go:21.62,21.77 1 1
github.com/kintsdev/norm/query_builder.go:50.44,52.24 1 0
github.com/kintsdev/norm/query_builder.go:52.24,55.3 2 0
github.com/kintsdev/norm/query_builder.go:56.2,57.23 2 0
github.com/kintsdev/norm/query_builder.go:57.23,59.3 1 0
github.com/kintsdev/norm/query_builder.go:60.2,60.42 1 0
github.com/kintsdev/norm/query_builder.go:64.48,68.2 2 10
github.com/kintsdev/norm/query_builder.go:71.41,72.35 1 4
github.com/kintsdev/norm/query_builder.go:72.35,74.3 1 0
github.com/kintsdev/norm/query_builder.go:75.2,76.26 2 4
github.com/kintsdev/norm/query_builder.go:76.26,78.3 1 8
github.com/kintsdev/norm/query_builder.go:79.2,79.33 1 4
github.com/kintsdev/norm/query_builder.go:83.59,86.2 2 1
github.com/kintsdev/norm/query_builder.go:89.66,90.28 1 1
github.com/kintsdev/norm/query_builder.go:90.28,92.3 1 2
github.com/kintsdev/norm/query_builder.go:93.2,93.11 1 1
github.com/kintsdev/norm/query_builder.go:98.67,99.28 1 1
github.com/kintsdev/norm/query_builder.go:99.28,101.3 1 1
github.com/kintsdev/norm/query_builder.go:102.2,102.11 1 1
github.com/kintsdev/norm/query_builder.go:106.52,108.26 2 1
github.com/kintsdev/norm/query_builder.go:108.26,110.3 1 0
github.com/kintsdev/norm/query_builder.go:111.2,112.11 2 1
github.com/kintsdev/norm/query_builder.go:117.53,119.26 2 1
github.com/kintsdev/norm/query_builder.go:119.26,121.3 1 0
github.com/kintsdev/norm/query_builder.go:122.2,123.11 2 1
github.com/kintsdev/norm/query_builder.go:126.58,129.2 2 15
github.com/kintsdev/norm/query_builder.go:131.65,134.2 2 3
github.com/kintsdev/norm/query_builder.go:136.62,139.2 2 0
github.com/kintsdev/norm/query_builder.go:141.76,145.2 3 9
github.com/kintsdev/norm/query_builder.go:148.94,150.16 2 1
github.com/kintsdev/norm/query_builder.go:150.16,154.3 2 0
github.com/kintsdev/norm/query_builder.go:155.2,157.11 3 1
github.com/kintsdev/norm/query_builder.go:160.58,160.88 2 3
github.com/kintsdev/norm/query_builder.go:161.58,161.85 2 2
github.com/kintsdev/norm/query_builder.go:162.58,162.86 2 1
github.com/kintsdev/norm/query_builder.go:165.71,169.2 3 1
github.com/kintsdev/norm/query_builder.go:170.72,174.2 3 1
github.com/kintsdev/norm/query_builder.go:176.68,181.2 4 2
github.com/kintsdev/norm/query_builder.go:184.86,186.16 2 2
github.com/kintsdev/norm/query_builder.go:186.16,191.3 3 1
github.com/kintsdev/norm/query_builder.go:192.2,195.11 4 1
github.com/kintsdev/norm/query_builder.go:199.62,201.2 1 1
github.com/kintsdev/norm/query_builder.go:204.83,208.2 3 1
github.com/kintsdev/norm/query_builder.go:211.74,214.2 2 2
github.com/kintsdev/norm/query_builder.go:216.55,217.14 1 7
github.com/kintsdev/norm/query_builder.go:217.14,219.3 1 0
github.com/kintsdev/norm/query_builder.go:220.2,221.25 2 7
github.com/kintsdev/norm/query_builder.go:221.25,223.3 1 5
github.com/kintsdev/norm/query_builder.go:224.2,229.23 6 7
github.com/kintsdev/norm/query_builder.go:229.23,232.3 2 0
github.com/kintsdev/norm/query_builder.go:233.2,233.24 1 7
github.com/kintsdev/norm/query_builder.go:233.24,238.3 4 5
github.com/kintsdev/norm/query_builder.go:240.2,241.18 2 7
github.com/kintsdev/norm/query_builder.go:241.18,242.26 1 1
github.com/kintsdev/norm/query_builder.go:242.26,244.4 1 1
github.com/kintsdev/norm/query_builder.go:244.9,246.4 1 0
github.com/kintsdev/norm/query_builder.go:247.3,247.25 1 1
github.com/kintsdev/norm/query_builder.go:249.2,249.22 1 7
github.com/kintsdev/norm/query_builder.go:249.22,252.3 2 4
github.com/kintsdev/norm/query_builder.go:253.2,253.18 1 7
github.com/kintsdev/norm/query_builder.go:253.18,255.3 1 4
github.com/kintsdev/norm/query_builder.go:256.2,256.19 1 7
github.com/kintsdev/norm/query_builder.go:256.19,258.3 1 1
github.com/kintsdev/norm/query_builder.go:259.2,259.29 1 7
github.com/kintsdev/norm/query_builder.go:263.67,264.16 1 3
github.com/kintsdev/norm/query_builder.go:264.16,266.3 1 0
github.com/kintsdev/norm/query_builder.go:268.2,268.45 1 3
github.com/kintsdev/norm/query_builder.go:268.45,269.59 1 0
github.com/kintsdev/norm/query_builder.go:269.59,271.50 1 0
github.com/kintsdev/norm/query_builder.go:271.50,273.57 2 0
github.com/kintsdev/norm/query_builder.go:273.57,276.6 2 0
github.com/kintsdev/norm/query_builder.go:280.2,283.26 4 3
github.com/kintsdev/norm/query_builder.go:283.26,285.3 1 0
github.com/kintsdev/norm/query_builder.go:286.2,286.16 1 3
github.com/kintsdev/norm/query_builder.go:286.16,288.3 1 0
github.com/kintsdev/norm/query_builder.go:289.2,292.26 2 3
github.com/kintsdev/norm/query_builder.go:293.25,294.19 1 1
github.com/kintsdev/norm/query_builder.go:294.19,296.18 2 1
github.com/kintsdev/norm/query_builder.go:296.18,298.5 1 0
github.com/kintsdev/norm/query_builder.go:299.4,301.27 3 1
github.com/kintsdev/norm/query_builder.go:301.27,303.5 1 1
github.com/kintsdev/norm/query_builder.go:304.4,304.22 1 1
github.com/kintsdev/norm/query_builder.go:306.3,306.36 1 1
github.com/kintsdev/norm/query_builder.go:306.36,308.4 1 0
github.com/kintsdev/norm/query_builder.go:310.3,310.65 1 1
github.com/kintsdev/norm/query_builder.go:310.65,311.48 1 0
github.com/kintsdev/norm/query_builder.go:311.48,313.5 1 0
github.com/kintsdev/norm/query_builder.go:315.3,315.13 1 1
github.com/kintsdev/norm/query_builder.go:316.10,319.68 2 2
github.com/kintsdev/norm/query_builder.go:319.68,321.4 1 1
github.com/kintsdev/norm/query_builder.go:322.3,325.19 4 1
github.com/kintsdev/norm/query_builder.go:325.19,327.18 2 2
github.com/kintsdev/norm/query_builder.go:327.18,329.5 1 0
github.com/kintsdev/norm/query_builder.go:330.4,332.27 3 2
github.com/kintsdev/norm/query_builder.go:332.27,334.49 2 4
github.com/kintsdev/norm/query_builder.go:334.49,336.6 1 4
github.com/kintsdev/norm/query_builder.go:338.4,338.58 1 2
github.com/kintsdev/norm/query_builder.go:340.3,340.36 1 1
github.com/kintsdev/norm/query_builder.go:340.36,342.4 1 0
github.com/kintsdev/norm/query_builder.go:344.3,344.13 1 1
github.com/kintsdev/norm/query_builder.go:349.68,353.68 3 1
github.com/kintsdev/norm/query_builder.go:353.68,357.43 3 0
github.com/kintsdev/norm/query_builder.go:357.43,359.4 1 0
github.com/kintsdev/norm/query_builder.go:360.3,361.20 2 0
github.com/kintsdev/norm/query_builder.go:361.20,363.4 1 0
github.com/kintsdev/norm/query_builder.go:364.3,365.13 2 0
github.com/kintsdev/norm/query_builder.go:368.2,368.43 1 1
github.com/kintsdev/norm/query_builder.go:368.43,370.3 1 1
github.com/kintsdev/norm/query_builder.go:372.2,372.26 1 0
github.com/kintsdev/norm/query_builder.go:373.25,374.19 1 0
github.com/kintsdev/norm/query_builder.go:374.19,376.4 1 0
github.com/kintsdev/norm/query_builder.go:378.2,378.12 1 0
github.com/kintsdev/norm/query_builder.go:382.67,383.41 1 1
github.com/kintsdev/norm/query_builder.go:383.41,385.3 1 1
github.com/kintsdev/norm/query_builder.go:387.2,389.38 3 0
github.com/kintsdev/norm/query_builder.go:389.38,391.3 1 0
github.com/kintsdev/norm/query_builder.go:391.8,391.46 1 0
github.com/kintsdev/norm/query_builder.go:391.46,393.3 1 0
github.com/kintsdev/norm/query_builder.go:393.8,395.3 1 0
github.com/kintsdev/norm/query_builder.go:396.2,397.28 2 0
github.com/kintsdev/norm/query_builder.go:401.55,405.24 4 2
github.com/kintsdev/norm/query_builder.go:405.24,410.3 4 2
github.com/kintsdev/norm/query_builder.go:411.2,411.29 1 2
github.com/kintsdev/norm/query_builder.go:415.68,416.16 1 2
github.com/kintsdev/norm/query_builder.go:416.16,418.3 1 0
github.com/kintsdev/norm/query_builder.go:419.2,422.26 4 2
github.com/kintsdev/norm/query_builder.go:422.26,424.3 1 0
github.com/kintsdev/norm/query_builder.go:425.2,425.16 1 2
github.com/kintsdev/norm/query_builder.go:425.16,427.3 1 0
github.com/kintsdev/norm/query_builder.go:428.2,428.50 1 2
github.com/kintsdev/norm/query_builder.go:428.50,430.3 1 0
github.com/kintsdev/norm/query_builder.go:431.2,431.39 1 2
github.com/kintsdev/norm/query_builder.go:438.57,439.15 1 2
github.com/kintsdev/norm/query_builder.go:439.15,441.3 1 0
github.com/kintsdev/norm/query_builder.go:442.2,444.26 3 2
github.com/kintsdev/norm/query_builder.go:444.26,446.3 1 0
github.com/kintsdev/norm/query_builder.go:447.2,447.16 1 2
github.com/kintsdev/norm/query_builder.go:447.16,449.3 1 1
github.com/kintsdev/norm/query_builder.go:450.2,450.50 1 1
github.com/kintsdev/norm/query_builder.go:450.50,452.3 1 0
github.com/kintsdev/norm/query_builder.go:453.2,453.12 1 1
github.com/kintsdev/norm/query_builder.go:457.65,461.2 3 4
github.com/kintsdev/norm/query_builder.go:462.61,465.2 2 4
github.com/kintsdev/norm/query_builder.go:466.64,469.2 2 0
github.com/kintsdev/norm/query_builder.go:470.66,470.104 2 4
github.com/kintsdev/norm/query_builder.go:471.66,471.103 2 1
github.com/kintsdev/norm/query_builder.go:472.80,476.2 3 1
github.com/kintsdev/norm/query_builder.go:478.55,482.31 4 4
github.com/kintsdev/norm/query_builder.go:482.31,486.3 3 4
github.com/kintsdev/norm/query_builder.go:487.2,491.34 5 4
github.com/kintsdev/norm/query_builder.go:491.34,493.15 2 4
github.com/kintsdev/norm/query_builder.go:493.15,496.4 2 6
github.com/kintsdev/norm/query_builder.go:497.3,498.28 2 4
github.com/kintsdev/norm/query_builder.go:500.2,501.30 2 4
github.com/kintsdev/norm/query_builder.go:501.30,505.29 4 1
github.com/kintsdev/norm/query_builder.go:505.29,517.33 5 1
github.com/kintsdev/norm/query_builder.go:517.33,520.5 2 1
github.com/kintsdev/norm/query_builder.go:521.4,522.44 2 1
github.com/kintsdev/norm/query_builder.go:523.9,525.4 1 0
github.com/kintsdev/norm/query_builder.go:527.2,527.31 1 4
github.com/kintsdev/norm/query_builder.go:527.31,530.3 2 2
github.com/kintsdev/norm/query_builder.go:531.2,531.26 1 4
github.com/kintsdev/norm/query_builder.go:534.82,535.23 1 2
github.com/kintsdev/norm/query_builder.go:535.23,537.3 1 0
github.com/kintsdev/norm/query_builder.go:538.2,538.16 1 2
github.com/kintsdev/norm/query_builder.go:538.16,540.3 1 0
github.com/kintsdev/norm/query_builder.go:541.2,542.32 2 2
github.com/kintsdev/norm/query_builder.go:542.32,545.27 3 1
github.com/kintsdev/norm/query_builder.go:545.27,547.4 1 0
github.com/kintsdev/norm/query_builder.go:548.3,548.17 1 1
github.com/kintsdev/norm/query_builder.go:548.17,550.4 1 0
github.com/kintsdev/norm/query_builder.go:551.3,551.51 1 1
github.com/kintsdev/norm/query_builder.go:551.51,553.4 1 0
github.com/kintsdev/norm/query_builder.go:554.3,554.40 1 1
github.com/kintsdev/norm/query_builder.go:557.2,559.26 3 1
github.com/kintsdev/norm/query_builder.go:559.26,561.3 1 0
github.com/kintsdev/norm/query_builder.go:562.2,562.16 1 1
github.com/kintsdev/norm/query_builder.go:562.16,564.3 1 0
github.com/kintsdev/norm/query_builder.go:565.2,566.26 2 1
github.com/kintsdev/norm/query_builder.go:567.25,569.19 2 1
github.com/kintsdev/norm/query_builder.go:569.19,571.18 2 1
github.com/kintsdev/norm/query_builder.go:571.18,573.5 1 0
github.com/kintsdev/norm/query_builder.go:574.4,576.27 3 1
github.com/kintsdev/norm/query_builder.go:576.27,578.5 1 1
github.com/kintsdev/norm/query_builder.go:579.4,580.11 2 1
github.com/kintsdev/norm/query_builder.go:582.3,582.36 1 1
github.com/kintsdev/norm/query_builder.go:582.36,584.4 1 0
github.com/kintsdev/norm/query_builder.go:585.3,585.51 1 1
github.com/kintsdev/norm/query_builder.go:585.51,587.4 1 0
github.com/kintsdev/norm/query_builder.go:588.3,588.20 1 1
github.com/kintsdev/norm/query_builder.go:589.10,590.104 1 0
github.com/kintsdev/norm/query_builder.go:595.72,600.2 4 2
github.com/kintsdev/norm/query_builder.go:602.55,614.31 9 3
github.com/kintsdev/norm/query_builder.go:614.31,616.3 1 4
github.com/kintsdev/norm/query_builder.go:617.2,619.24 3 3
github.com/kintsdev/norm/query_builder.go:619.24,625.51 5 3
github.com/kintsdev/norm/query_builder.go:625.51,627.4 1 3
github.com/kintsdev/norm/query_builder.go:628.3,629.34 2 3
github.com/kintsdev/norm/query_builder.go:631.2,631.31 1 3
github.com/kintsdev/norm/query_builder.go:631.31,634.3 2 2
github.com/kintsdev/norm/query_builder.go:635.2,635.26 1 3
github.com/kintsdev/norm/query_builder.go:638.82,639.23 1 2
github.com/kintsdev/norm/query_builder.go:639.23,641.3 1 0
github.com/kintsdev/norm/query_builder.go:642.2,642.16 1 2
github.com/kintsdev/norm/query_builder.go:642.16,644.3 1 0
github.com/kintsdev/norm/query_builder.go:645.2,646.32 2 2
github.com/kintsdev/norm/query_builder.go:646.32,649.27 3 1
github.com/kintsdev/norm/query_builder.go:649.27,651.4 1 0
github.com/kintsdev/norm/query_builder.go:652.3,652.17 1 1
github.com/kintsdev/norm/query_builder.go:652.17,654.4 1 0
github.com/kintsdev/norm/query_builder.go:655.3,655.51 1 1
github.com/kintsdev/norm/query_builder.go:655.51,657.4 1 0
github.com/kintsdev/norm/query_builder.go:658.3,658.40 1 1
github.com/kintsdev/norm/query_builder.go:660.2,662.26 3 1
github.com/kintsdev/norm/query_builder.go:662.26,664.3 1 0
github.com/kintsdev/norm/query_builder.go:665.2,665.16 1 1
github.com/kintsdev/norm/query_builder.go:665.16,667.3 1 0
github.com/kintsdev/norm/query_builder.go:668.2,669.26 2 1
github.com/kintsdev/norm/query_builder.go:670.25,672.19 2 1
github.com/kintsdev/norm/query_builder.go:672.19,674.18 2 1
github.com/kintsdev/norm/query_builder.go:674.18,676.5 1 0
github.com/kintsdev/norm/query_builder.go:677.4,679.27 3 1
github.com/kintsdev/norm/query_builder.go:679.27,681.5 1 1
github.com/kintsdev/norm/query_builder.go:682.4,683.11 2 1
github.com/kintsdev/norm/query_builder.go:685.3,685.36 1 1
github.com/kintsdev/norm/query_builder.go:685.36,687.4 1 0
github.com/kintsdev/norm/query_builder.go:688.3,688.51 1 1
github.com/kintsdev/norm/query_builder.go:688.51,690.4 1 0
github.com/kintsdev/norm/query_builder.go:691.3,691.20 1 1
github.com/kintsdev/norm/query_builder.go:692.10,693.104 1 0
github.com/kintsdev/norm/query_builder.go:698.86,703.36 5 1
github.com/kintsdev/norm/query_builder.go:703.36,705.22 2 3
github.com/kintsdev/norm/query_builder.go:705.22,706.12 1 0
github.com/kintsdev/norm/query_builder.go:708.3,709.16 2 3
github.com/kintsdev/norm/query_builder.go:709.16,711.4 1 0
github.com/kintsdev/norm/query_builder.go:712.3,714.55 3 3
github.com/kintsdev/norm/query_builder.go:714.55,715.12 1 1
github.com/kintsdev/norm/query_builder.go:717.3,718.36 2 2
github.com/kintsdev/norm/query_builder.go:720.2,720.63 1 1
github.com/kintsdev/norm/query_builder.go:724.107,730.36 6 1
github.com/kintsdev/norm/query_builder.go:730.36,732.22 2 3
github.com/kintsdev/norm/query_builder.go:732.22,733.12 1 0
github.com/kintsdev/norm/query_builder.go:735.3,736.16 2 3
github.com/kintsdev/norm/query_builder.go:736.16,738.4 1 0
github.com/kintsdev/norm/query_builder.go:739.3,740.39 2 3
github.com/kintsdev/norm/query_builder.go:740.39,742.12 2 1
github.com/kintsdev/norm/query_builder.go:744.3,745.26 2 2
github.com/kintsdev/norm/query_builder.go:747.2,747.15 1 1
github.com/kintsdev/norm/query_builder.go:747.15,749.3 1 0
github.com/kintsdev/norm/query_builder.go:750.2,754.32 5 1
github.com/kintsdev/norm/query_builder.go:757.55,759.51 1 7
github.com/kintsdev/norm/query_builder.go:759.51,761.3 1 6
github.com/kintsdev/norm/query_builder.go:763.2,765.39 3 1
github.com/kintsdev/norm/query_builder.go:765.39,767.3 1 0
github.com/kintsdev/norm/query_builder.go:769.2,770.26 2 1
github.com/kintsdev/norm/query_builder.go:770.26,772.20 2 1
github.com/kintsdev/norm/query_builder.go:772.20,774.4 1 0
github.com/kintsdev/norm/query_builder.go:775.3,776.43 2 1
github.com/kintsdev/norm/query_builder.go:778.2,778.27 1 1
github.com/kintsdev/norm/query_builder.go:778.27,780.20 2 1
github.com/kintsdev/norm/query_builder.go:780.20,782.4 1 0
github.com/kintsdev/norm/query_builder.go:783.3,784.44 2 1
github.com/kintsdev/norm/query_builder.go:786.2,786.37 1 1
github.com/kintsdev/norm/relations.go:14.176,15.23 1 0
github.com/kintsdev/norm/relations.go:15.23,17.3 1 0
github.com/kintsdev/norm/relations.go:19.2,20.28 2 0
github.com/kintsdev/norm/relations.go:20.28,23.3 2 0
github.com/kintsdev/norm/relations.go:25.2,29.141 5 0
github.com/kintsdev/norm/relations.go:29.141,31.3 1 0
github.com/kintsdev/norm/relations.go:33.2,35.9 3 0
github.com/kintsdev/norm/relations.go:35.9,37.3 1 0
github.com/kintsdev/norm/relations.go:38.2,39.26 2 0
github.com/kintsdev/norm/relations.go:39.26,44.3 4 0
github.com/kintsdev/norm/relations.go:46.2,46.28 1 0
github.com/kintsdev/norm/relations.go:46.28,49.3 2 0
github.com/kintsdev/norm/relations.go:50.2,50.12 1 0
github.com/kintsdev/norm/relations.go:54.114,59.110 5 0
github.com/kintsdev/norm/relations.go:59.110,61.3 1 0
github.com/kintsdev/norm/relations.go:62.2,63.22 2 0
github.com/kintsdev/norm/relations.go:63.22,65.3 1 0
github.com/kintsdev/norm/relations.go:66.2,66.17 1 0
github.com/kintsdev/norm/repository.go:55.56,57.23 2 0
github.com/kintsdev/norm/repository.go:57.23,59.3 1 0
github.com/kintsdev/norm/repository.go:60.2,60.37 1 0
github.com/kintsdev/norm/repository.go:64.85,66.2 1 0
github.com/kintsdev/norm/repository.go:68.47,68.102 3 0
github.com/kintsdev/norm/repository.go:69.47,69.102 3 0
github.com/kintsdev/norm/repository.go:71.38,74.32 3 12
github.com/kintsdev/norm/repository.go:74.32,76.3 1 0
github.com/kintsdev/norm/repository.go:77.2,77.43 1 12
github.com/kintsdev/norm/repository.go:80.64,81.19 1 3
github.com/kintsdev/norm/repository.go:81.19,83.3 1 0
github.com/kintsdev/norm/repository.go:84.2,84.25 1 3
github.com/kintsdev/norm/repository.go:84.25,92.39 8 3
github.com/kintsdev/norm/repository.go:92.39,94.23 2 9
github.com/kintsdev/norm/repository.go:94.23,95.13 1 0
github.com/kintsdev/norm/repository.go:97.4,98.17 2 9
github.com/kintsdev/norm/repository.go:98.17,100.5 1 0
github.com/kintsdev/norm/repository.go:101.4,101.76 1 9
github.com/kintsdev/norm/repository.go:101.76,102.13 1 3
github.com/kintsdev/norm/repository.go:104.4,106.56 3 6
github.com/kintsdev/norm/repository.go:106.56,107.13 1 0
github.com/kintsdev/norm/repository.go:109.4,112.9 4 6
github.com/kintsdev/norm/repository.go:114.3,116.13 3 3
github.com/kintsdev/norm/repository.go:118.2,118.17 1 3
github.com/kintsdev/norm/repository.go:118.17,120.3 1 3
github.com/kintsdev/norm/repository.go:121.2,121.17 1 0
github.com/kintsdev/norm/repository.go:124.73,125.29 1 1
github.com/kintsdev/norm/repository.go:125.29,126.42 1 2
github.com/kintsdev/norm/repository.go:126.42,128.4 1 0
github.com/kintsdev/norm/repository.go:130.2,130.12 1 1
github.com/kintsdev/norm/repository.go:133.68,138.48 4 0
github.com/kintsdev/norm/repository.go:138.48,139.17 1 0
github.com/kintsdev/norm/repository.go:140.28,141.43 1 0
github.com/kintsdev/norm/repository.go:142.28,142.28 0 0
github.com/kintsdev/norm/repository.go:144.11,145.39 1 0
github.com/kintsdev/norm/repository.go:148.2,148.43 1 0
github.com/kintsdev/norm/repository.go:148.43,150.3 1 0
github.com/kintsdev/norm/repository.go:151.2,151.19 1 0
github.com/kintsdev/norm/repository.go:151.19,153.3 1 0
github.com/kintsdev/norm/repository.go:154.2,154.21 1 0
github.com/kintsdev/norm/repository.go:157.64,161.32 4 1
github.com/kintsdev/norm/repository.go:161.32,163.3 1 0
github.com/kintsdev/norm/repository.go:165.2,171.38 6 1
github.com/kintsdev/norm/repository.go:171.38,173.22 2 3
github.com/kintsdev/norm/repository.go:173.22,174.12 1 0
github.com/kintsdev/norm/repository.go:176.3,177.16 2 3
github.com/kintsdev/norm/repository.go:177.16,179.4 1 0
github.com/kintsdev/norm/repository.go:180.3,181.51 2 3
github.com/kintsdev/norm/repository.go:181.51,183.12 2 1
github.com/kintsdev/norm/repository.go:186.3,186.81 1 2
github.com/kintsdev/norm/repository.go:186.81,188.12 2 1
github.com/kintsdev/norm/repository.go:190.3,190.23 1 1
github.com/kintsdev/norm/repository.go:190.23,192.12 2 0
github.com/kintsdev/norm/repository.go:194.3,196.8 3 1
github.com/kintsdev/norm/repository.go:198.2,198.15 1 1
github.com/kintsdev/norm/repository.go:198.15,200.3 1 0
github.com/kintsdev/norm/repository.go:202.2,202.32 1 1
github.com/kintsdev/norm/repository.go:202.32,204.95 1 1
github.com/kintsdev/norm/repository.go:204.95,204.166 1 3
github.com/kintsdev/norm/repository.go:205.3,208.17 4 1
github.com/kintsdev/norm/repository.go:208.17,210.4 1 0
github.com/kintsdev/norm/repository.go:211.3,211.30 1 1
github.com/kintsdev/norm/repository.go:211.30,213.4 1 1
github.com/kintsdev/norm/repository.go:214.3,214.13 1 0
github.com/kintsdev/norm/repository.go:216.2,219.12 4 0
github.com/kintsdev/norm/repository.go:222.91,226.32 3 1
github.com/kintsdev/norm/repository.go:226.32,228.3 1 0
github.com/kintsdev/norm/repository.go:229.2,230.22 2 1
github.com/kintsdev/norm/repository.go:230.22,231.28 1 0
github.com/kintsdev/norm/repository.go:231.28,233.4 1 0
github.com/kintsdev/norm/repository.go:234.3,235.32 2 0
github.com/kintsdev/norm/repository.go:235.32,237.4 1 0
github.com/kintsdev/norm/repository.go:238.3,240.13 3 0
github.com/kintsdev/norm/repository.go:242.2,246.29 5 1
github.com/kintsdev/norm/repository.go:246.29,251.3 4 1
github.com/kintsdev/norm/repository.go:253.2,253.31 1 1
github.com/kintsdev/norm/repository.go:253.31,254.51 1 0
github.com/kintsdev/norm/repository.go:254.51,256.4 1 0
github.com/kintsdev/norm/repository.go:258.2,261.12 4 1
github.com/kintsdev/norm/repository.go:264.61,268.2 3 1
github.com/kintsdev/norm/repository.go:270.65,273.49 2 1
github.com/kintsdev/norm/repository.go:273.49,275.3 1 0
github.com/kintsdev/norm/repository.go:277.2,279.12 3 1
github.com/kintsdev/norm/repository.go:282.69,284.49 2 1
github.com/kintsdev/norm/repository.go:284.49,286.3 1 0
github.com/kintsdev/norm/repository.go:287.2,289.16 3 1
github.com/kintsdev/norm/repository.go:289.16,291.3 1 0
github.com/kintsdev/norm/repository.go:292.2,292.39 1 1
github.com/kintsdev/norm/repository.go:295.62,297.49 2 1
github.com/kintsdev/norm/repository.go:297.49,299.3 1 0
github.com/kintsdev/norm/repository.go:300.2,302.12 3 1
github.com/kintsdev/norm/repository.go:305.68,307.49 2 0
github.com/kintsdev/norm/repository.go:307.49,309.3 1 0
github.com/kintsdev/norm/repository.go:310.2,312.16 3 0
github.com/kintsdev/norm/repository.go:312.16,314.3 1 0
github.com/kintsdev/norm/repository.go:315.2,315.39 1 0
github.com/kintsdev/norm/repository.go:318.84,320.31 2 0
github.com/kintsdev/norm/repository.go:320.31,322.3 1 0
github.com/kintsdev/norm/repository.go:323.2,324.48 2 0
github.com/kintsdev/norm/repository.go:324.48,325.17 1 0
github.com/kintsdev/norm/repository.go:326.28,327.43 1 0
github.com/kintsdev/norm/repository.go:328.28,328.28 0 0
github.com/kintsdev/norm/repository.go:330.11,331.39 1 0
github.com/kintsdev/norm/repository.go:334.2,337.43 3 0
github.com/kintsdev/norm/repository.go:337.43,339.3 1 0
github.com/kintsdev/norm/repository.go:340.2,340.21 1 0
github.com/kintsdev/norm/repository.go:340.21,342.3 1 0
github.com/kintsdev/norm/repository.go:343.2,343.17 1 0
github.com/kintsdev/norm/repository.go:346.85,348.31 2 0
github.com/kintsdev/norm/repository.go:348.31,350.3 1 0
github.com/kintsdev/norm/repository.go:351.2,352.48 2 0
github.com/kintsdev/norm/repository.go:352.48,353.17 1 0
github.com/kintsdev/norm/repository.go:354.28,355.43 1 0
github.com/kintsdev/norm/repository.go:356.28,356.28 0 0
github.com/kintsdev/norm/repository.go:358.11,359.39 1 0
github.com/kintsdev/norm/repository.go:362.2,363.43 2 0
github.com/kintsdev/norm/repository.go:363.43,365.3 1 0
github.com/kintsdev/norm/repository.go:366.2,366.19 1 0
github.com/kintsdev/norm/repository.go:366.19,368.3 1 0
github.com/kintsdev/norm/repository.go:369.2,369.21 1 0
github.com/kintsdev/norm/repository.go:372.86,374.31 2 0
github.com/kintsdev/norm/repository.go:374.31,376.3 1 0
github.com/kintsdev/norm/repository.go:377.2,378.48 2 0
github.com/kintsdev/norm/repository.go:378.48,379.17 1 0
github.com/kintsdev/norm/repository.go:380.28,381.43 1 0
github.com/kintsdev/norm/repository.go:382.28,382.28 0 0
github.com/kintsdev/norm/repository.go:384.11,385.39 1 0
github.com/kintsdev/norm/repository.go:388.2,389.44 2 0
github.com/kintsdev/norm/repository.go:389.44,391.3 1 0
github.com/kintsdev/norm/repository.go:392.2,392.20 1 0
github.com/kintsdev/norm/repository.go:392.20,394.3 1 0
github.com/kintsdev/norm/repository.go:395.2,395.38 1 0
github.com/kintsdev/norm/repository.go:396.13,397.16 1 0
github.com/kintsdev/norm/repository.go:398.13,399.23 1 0
github.com/kintsdev/norm/repository.go:400.11,401.23 1 0
github.com/kintsdev/norm/repository.go:402.10,403.16 1 0
github.com/kintsdev/norm/repository.go:407.86,410.2 2 0
github.com/kintsdev/norm/repository.go:428.109,430.16 2 0
github.com/kintsdev/norm/repository.go:430.16,432.3 1 0
github.com/kintsdev/norm/repository.go:433.2,434.31 2 0
github.com/kintsdev/norm/repository.go:434.31,436.3 1 0
github.com/kintsdev/norm/repository.go:437.2,438.48 2 0
github.com/kintsdev/norm/repository.go:438.48,439.17 1 0
github.com/kintsdev/norm/repository.go:440.28,441.43 1 0
github.com/kintsdev/norm/repository.go:442.28,442.28 0 0
github.com/kintsdev/norm/repository.go:443.11,444.39 1 0
github.com/kintsdev/norm/repository.go:447.2,447.24 1 0
github.com/kintsdev/norm/repository.go:447.24,449.3 1 0
github.com/kintsdev/norm/repository.go:450.2,450.20 1 0
github.com/kintsdev/norm/repository.go:450.20,452.3 1 0
github.com/kintsdev/norm/repository.go:453.2,453.21 1 0
github.com/kintsdev/norm/repository.go:453.21,455.3 1 0
github.com/kintsdev/norm/repository.go:456.2,457.43 2 0
github.com/kintsdev/norm/repository.go:457.43,459.3 1 0
github.com/kintsdev/norm/repository.go:460.2,461.21 2 0
github.com/kintsdev/norm/repository.go:461.21,463.3 1 0
github.com/kintsdev/norm/repository.go:464.2,464.89 1 0
github.com/kintsdev/norm/repository.go:469.104,474.9 2 0
github.com/kintsdev/norm/repository.go:474.9,476.3 1 0
github.com/kintsdev/norm/repository.go:477.2,478.16 2 0
github.com/kintsdev/norm/repository.go:478.16,480.3 1 0
github.com/kintsdev/norm/repository.go:481.2,484.29 3 0
github.com/kintsdev/norm/repository.go:484.29,486.17 2 0
github.com/kintsdev/norm/repository.go:486.17,488.4 1 0
github.com/kintsdev/norm/repository.go:489.3,489.28 1 0
github.com/kintsdev/norm/repository.go:491.2,493.16 3 0
github.com/kintsdev/norm/repository.go:493.16,495.3 1 0
github.com/kintsdev/norm/repository.go:496.2,496.15 1 0
github.com/kintsdev/norm/repository.go:499.86,504.30 5 2
github.com/kintsdev/norm/repository.go:504.30,506.10 2 3
github.com/kintsdev/norm/repository.go:506.10,508.4 1 1
github.com/kintsdev/norm/repository.go:509.3,509.50 1 2
github.com/kintsdev/norm/repository.go:511.2,511.17 1 1
github.com/kintsdev/norm/repository.go:515.108,524.38 8 1
github.com/kintsdev/norm/repository.go:524.38,526.22 2 3
github.com/kintsdev/norm/repository.go:526.22,527.12 1 0
github.com/kintsdev/norm/repository.go:529.3,530.16 2 3
github.com/kintsdev/norm/repository.go:530.16,532.4 1 0
github.com/kintsdev/norm/repository.go:533.3,533.75 1 3
github.com/kintsdev/norm/repository.go:533.75,534.12 1 1
github.com/kintsdev/norm/repository.go:536.3,539.8 4 2
github.com/kintsdev/norm/repository.go:541.2,542.31 2 1
github.com/kintsdev/norm/repository.go:542.31,544.3 1 1
github.com/kintsdev/norm/repository.go:545.2,547.12 3 1
github.com/kintsdev/norm/repository.go:551.72,552.32 1 3
github.com/kintsdev/norm/repository.go:552.32,554.3 1 0
github.com/kintsdev/norm/repository.go:555.2,556.38 2 3
github.com/kintsdev/norm/repository.go:556.38,558.22 2 9
github.com/kintsdev/norm/repository.go:558.22,559.12 1 0
github.com/kintsdev/norm/repository.go:561.3,562.16 2 9
github.com/kintsdev/norm/repository.go:562.16,563.12 1 3
github.com/kintsdev/norm/repository.go:565.3,566.27 2 6
github.com/kintsdev/norm/repository.go:566.27,568.47 2 9
github.com/kintsdev/norm/repository.go:568.47,570.18 2 1
github.com/kintsdev/norm/repository.go:570.18,572.6 1 0
github.com/kintsdev/norm/repository.go:573.5,573.20 1 1
github.com/kintsdev/norm/repository.go:577.2,577.12 1 3
github.com/kintsdev/norm/transaction.go:26.37,26.66 1 0
github.com/kintsdev/norm/transaction.go:33.95,35.16 2 0
github.com/kintsdev/norm/transaction.go:35.16,37.3 1 0
github.com/kintsdev/norm/transaction.go:38.2,38.32 1 0
github.com/kintsdev/norm/transaction.go:38.32,41.3 2 0
github.com/kintsdev/norm/transaction.go:42.2,42.24 1 0
github.com/kintsdev/norm/transaction.go:45.88,47.16 2 0
github.com/kintsdev/norm/transaction.go:47.16,49.3 1 0
github.com/kintsdev/norm/transaction.go:50.2,50.39 1 0
github.com/kintsdev/norm/transaction.go:53.54,53.81 1 0
github.com/kintsdev/norm/transaction.go:54.54,54.83 1 0
github.com/kintsdev/norm/transaction.go:56.58,58.2 1 0
github.com/kintsdev/norm/transaction.go:60.36,61.25 1 0
github.com/kintsdev/norm/transaction.go:61.25,63.3 1 0
github.com/kintsdev/norm/transaction.go:64.2,64.13 1 0
github.com/kintsdev/norm/transaction.go:66.40,68.25 2 0
github.com/kintsdev/norm/transaction.go:68.25,70.3 1 0
github.com/kintsdev/norm/transaction.go:70.8,72.3 1 0
github.com/kintsdev/norm/transaction.go:73.2,73.11 1 0
github.com/kintsdev/norm/migration/format.go:10.41,18.34 3 1
github.com/kintsdev/norm/migration/format.go:18.34,20.15 2 6
github.com/kintsdev/norm/migration/format.go:20.15,23.4 2 1
github.com/kintsdev/norm/migration/format.go:24.3,24.11 1 6
github.com/kintsdev/norm/migration/format.go:26.2,26.36 1 1
github.com/kintsdev/norm/migration/format.go:26.36,29.3 2 1
github.com/kintsdev/norm/migration/format.go:30.2,30.42 1 1
github.com/kintsdev/norm/migration/format.go:30.42,33.3 2 1
github.com/kintsdev/norm/migration/format.go:34.2,34.47 1 1
github.com/kintsdev/norm/migration/format.go:34.47,37.3 2 1
github.com/kintsdev/norm/migration/format.go:40.2,41.25 2 1
github.com/kintsdev/norm/migration/format.go:41.25,43.3 1 1
github.com/kintsdev/norm/migration/format.go:44.2,49.28 4 1
github.com/kintsdev/norm/migration/format.go:49.28,51.35 2 0
github.com/kintsdev/norm/migration/format.go:51.35,55.4 3 0
github.com/kintsdev/norm/migration/format.go:56.3,56.23 1 0
github.com/kintsdev/norm/migration/format.go:58.2,58.27 1 1
github.com/kintsdev/norm/migration/format.go:58.27,61.28 3 1
github.com/kintsdev/norm/migration/format.go:61.28,63.35 2 1
github.com/kintsdev/norm/migration/format.go:63.35,67.5 3 1
github.com/kintsdev/norm/migration/format.go:69.3,69.24 1 1
github.com/kintsdev/norm/migration/format.go:69.24,71.31 2 1
github.com/kintsdev/norm/migration/format.go:71.31,75.5 3 1
github.com/kintsdev/norm/migration/format.go:77.3,77.29 1 1
github.com/kintsdev/norm/migration/format.go:77.29,79.36 2 1
github.com/kintsdev/norm/migration/format.go:79.36,83.5 3 1
github.com/kintsdev/norm/migration/format.go:85.3,85.23 1 1
github.com/kintsdev/norm/migration/format.go:88.2,88.30 1 1
github.com/kintsdev/norm/migration/format.go:88.30,91.37 3 1
github.com/kintsdev/norm/migration/format.go:91.37,95.4 3 1
github.com/kintsdev/norm/migration/format.go:96.3,96.23 1 1
github.com/kintsdev/norm/migration/format.go:98.2,98.35 1 1
github.com/kintsdev/norm/migration/format.go:98.35,101.42 3 0
github.com/kintsdev/norm/migration/format.go:101.42,105.4 3 0
github.com/kintsdev/norm/migration/format.go:106.3,106.23 1 0
github.com/kintsdev/norm/migration/format.go:108.2,108.20 1 1
github.com/kintsdev/norm/migration/format.go:112.42,115.13 3 6
github.com/kintsdev/norm/migration/format.go:115.13,117.3 1 1
github.com/kintsdev/norm/migration/format.go:118.2,121.45 3 5
github.com/kintsdev/norm/migration/format.go:121.45,123.3 1 1
github.com/kintsdev/norm/migration/format.go:125.2,126.51 2 5
github.com/kintsdev/norm/migration/format.go:126.51,128.3 1 5
github.com/kintsdev/norm/migration/format.go:129.2,129.38 1 5
github.com/kintsdev/norm/migration/generator.go:12.58,16.30 4 1
github.com/kintsdev/norm/migration/generator.go:16.30,18.16 2 6
github.com/kintsdev/norm/migration/generator.go:18.16,20.4 1 1
github.com/kintsdev/norm/migration/generator.go:21.3,21.22 1 6
github.com/kintsdev/norm/migration/generator.go:21.22,23.4 1 1
github.com/kintsdev/norm/migration/generator.go:24.3,24.16 1 6
github.com/kintsdev/norm/migration/generator.go:24.16,26.4 1 1
github.com/kintsdev/norm/migration/generator.go:27.3,28.19 2 6
github.com/kintsdev/norm/migration/generator.go:28.19,30.4 1 1
github.com/kintsdev/norm/migration/generator.go:31.3,31.15 1 6
github.com/kintsdev/norm/migration/generator.go:31.15,34.4 1 1
github.com/kintsdev/norm/migration/generator.go:35.3,35.27 1 6
github.com/kintsdev/norm/migration/generator.go:35.27,38.4 1 1
github.com/kintsdev/norm/migration/generator.go:40.3,40.42 1 6
github.com/kintsdev/norm/migration/generator.go:40.42,43.4 1 0
github.com/kintsdev/norm/migration/generator.go:45.2,45.14 1 1
github.com/kintsdev/norm/migration/generator.go:45.14,47.3 1 1
github.com/kintsdev/norm/migration/generator.go:48.2,56.42 9 1
github.com/kintsdev/norm/migration/generator.go:59.39,62.9 2 6
github.com/kintsdev/norm/migration/generator.go:63.39,64.18 1 1
github.com/kintsdev/norm/migration/generator.go:65.19,66.16 1 1
github.com/kintsdev/norm/migration/generator.go:67.26,68.23 1 2
github.com/kintsdev/norm/migration/generator.go:69.21,70.18 1 2
github.com/kintsdev/norm/migration/generator.go:71.22,72.19 1 0
github.com/kintsdev/norm/migration/generator.go:73.22,74.19 1 0
github.com/kintsdev/norm/migration/generator.go:75.31,76.28 1 0
github.com/kintsdev/norm/migration/generator.go:77.19,78.16 1 0
github.com/kintsdev/norm/migration/generator.go:79.10,81.18 1 0
github.com/kintsdev/norm/migration/manual.go:25.72,26.15 1 0
github.com/kintsdev/norm/migration/manual.go:26.15,28.3 1 0
github.com/kintsdev/norm/migration/manual.go:29.2,30.16 2 0
github.com/kintsdev/norm/migration/manual.go:30.16,32.3 1 0
github.com/kintsdev/norm/migration/manual.go:33.2,33.21 1 0
github.com/kintsdev/norm/migration/manual.go:33.21,35.3 1 0
github.com/kintsdev/norm/migration/manual.go:37.2,38.16 2 0
github.com/kintsdev/norm/migration/manual.go:38.16,40.3 1 0
github.com/kintsdev/norm/migration/manual.go:41.2,41.15 1 0
github.com/kintsdev/norm/migration/manual.go:41.15,41.39 1 0
github.com/kintsdev/norm/migration/manual.go:42.2,42.118 1 0
github.com/kintsdev/norm/migration/manual.go:42.118,44.3 1 0
github.com/kintsdev/norm/migration/manual.go:45.2,45.179 1 0
github.com/kintsdev/norm/migration/manual.go:45.179,47.3 1 0
github.com/kintsdev/norm/migration/manual.go:49.2,51.16 3 0
github.com/kintsdev/norm/migration/manual.go:51.16,53.3 1 0
github.com/kintsdev/norm/migration/manual.go:54.2,54.18 1 0
github.com/kintsdev/norm/migration/manual.go:54.18,56.39 2 0
github.com/kintsdev/norm/migration/manual.go:56.39,58.4 1 0
github.com/kintsdev/norm/migration/manual.go:59.3,59.20 1 0
github.com/kintsdev/norm/migration/manual.go:61.2,63.40 2 0
github.com/kintsdev/norm/migration/manual.go:63.40,63.86 1 0
github.com/kintsdev/norm/migration/manual.go:64.2,64.26 1 0
github.com/kintsdev/norm/migration/manual.go:64.26,65.25 1 0
github.com/kintsdev/norm/migration/manual.go:65.25,66.12 1 0
github.com/kintsdev/norm/migration/manual.go:68.3,68.39 1 0
github.com/kintsdev/norm/migration/manual.go:68.39,70.4 1 0
github.com/kintsdev/norm/migration/manual.go:71.3,71.52 1 0
github.com/kintsdev/norm/migration/manual.go:71.52,72.48 1 0
github.com/kintsdev/norm/migration/manual.go:72.48,74.5 1 0
github.com/kintsdev/norm/migration/manual.go:76.3,76.145 1 0
github.com/kintsdev/norm/migration/manual.go:76.145,78.4 1 0
github.com/kintsdev/norm/migration/manual.go:80.2,80.23 1 0
github.com/kintsdev/norm/migration/manual.go:84.85,85.16 1 0
github.com/kintsdev/norm/migration/manual.go:85.16,87.3 1 0
github.com/kintsdev/norm/migration/manual.go:88.2,89.16 2 0
github.com/kintsdev/norm/migration/manual.go:89.16,91.3 1 0
github.com/kintsdev/norm/migration/manual.go:92.2,92.21 1 0
github.com/kintsdev/norm/migration/manual.go:92.21,94.3 1 0
github.com/kintsdev/norm/migration/manual.go:95.2,96.26 2 0
github.com/kintsdev/norm/migration/manual.go:96.26,98.3 1 0
github.com/kintsdev/norm/migration/manual.go:99.2,100.16 2 0
github.com/kintsdev/norm/migration/manual.go:100.16,102.3 1 0
github.com/kintsdev/norm/migration/manual.go:103.2,103.15 1 0
github.com/kintsdev/norm/migration/manual.go:103.15,103.39 1 0
github.com/kintsdev/norm/migration/manual.go:104.2,104.118 1 0
github.com/kintsdev/norm/migration/manual.go:104.118,106.3 1 0
github.com/kintsdev/norm/migration/manual.go:107.2,107.179 1 0
github.com/kintsdev/norm/migration/manual.go:107.179,109.3 1 0
github.com/kintsdev/norm/migration/manual.go:111.2,113.16 3 0
github.com/kintsdev/norm/migration/manual.go:113.16,115.3 1 0
github.com/kintsdev/norm/migration/manual.go:116.2,116.18 1 0
github.com/kintsdev/norm/migration/manual.go:116.18,118.39 2 0
github.com/kintsdev/norm/migration/manual.go:118.39,120.4 1 0
github.com/kintsdev/norm/migration/manual.go:121.3,121.31 1 0
github.com/kintsdev/norm/migration/manual.go:123.2,125.49 2 0
github.com/kintsdev/norm/migration/manual.go:125.49,128.48 3 0
github.com/kintsdev/norm/migration/manual.go:128.48,130.4 1 0
github.com/kintsdev/norm/migration/manual.go:131.3,131.54 1 0
github.com/kintsdev/norm/migration/manual.go:131.54,134.77 2 0
github.com/kintsdev/norm/migration/manual.go:134.77,136.5 1 0
github.com/kintsdev/norm/migration/manual.go:137.4,137.79 1 0
github.com/kintsdev/norm/migration/manual.go:137.79,139.5 1 0
github.com/kintsdev/norm/migration/manual.go:140.4,140.48 1 0
github.com/kintsdev/norm/migration/manual.go:140.48,142.5 1 0
github.com/kintsdev/norm/migration/manual.go:144.3,144.96 1 0
github.com/kintsdev/norm/migration/manual.go:144.96,146.4 1 0
github.com/kintsdev/norm/migration/manual.go:148.2,148.23 1 0
github.com/kintsdev/norm/migration/manual.go:151.57,153.81 2 0
github.com/kintsdev/norm/migration/manual.go:153.81,154.17 1 0
github.com/kintsdev/norm/migration/manual.go:154.17,156.4 1 0
github.com/kintsdev/norm/migration/manual.go:157.3,157.16 1 0
github.com/kintsdev/norm/migration/manual.go:157.16,159.4 1 0
github.com/kintsdev/norm/migration/manual.go:160.3,162.18 3 0
github.com/kintsdev/norm/migration/manual.go:162.18,164.4 1 0
github.com/kintsdev/norm/migration/manual.go:165.3,168.18 4 0
github.com/kintsdev/norm/migration/manual.go:168.18,170.4 1 0
github.com/kintsdev/norm/migration/manual.go:171.3,172.15 2 0
github.com/kintsdev/norm/migration/manual.go:172.15,175.4 2 0
github.com/kintsdev/norm/migration/manual.go:176.3,176.19 1 0
github.com/kintsdev/norm/migration/manual.go:176.19,178.4 1 0
github.com/kintsdev/norm/migration/manual.go:178.9,180.4 1 0
github.com/kintsdev/norm/migration/manual.go:181.3,181.13 1 0
github.com/kintsdev/norm/migration/manual.go:183.2,183.16 1 0
github.com/kintsdev/norm/migration/manual.go:183.16,185.3 1 0
github.com/kintsdev/norm/migration/manual.go:186.2,187.28 2 0
github.com/kintsdev/norm/migration/manual.go:187.28,189.3 1 0
github.com/kintsdev/norm/migration/manual.go:190.2,190.17 1 0
github.com/kintsdev/norm/migration/manual.go:193.46,196.26 3 1
github.com/kintsdev/norm/migration/manual.go:196.26,198.14 2 3
github.com/kintsdev/norm/migration/manual.go:198.14,199.12 1 1
github.com/kintsdev/norm/migration/manual.go:201.3,201.23 1 2
github.com/kintsdev/norm/migration/manual.go:203.2,203.12 1 1
github.com/kintsdev/norm/migration/manual.go:206.42,208.22 2 2
github.com/kintsdev/norm/migration/manual.go:208.22,209.25 1 8
github.com/kintsdev/norm/migration/manual.go:209.25,211.4 1 1
github.com/kintsdev/norm/migration/manual.go:212.3,212.26 1 7
github.com/kintsdev/norm/migration/manual.go:214.2,214.15 1 1
github.com/kintsdev/norm/migration/migrator.go:20.48,20.80 1 0
github.com/kintsdev/norm/migration/migrator.go:29.57,29.80 1 0
github.com/kintsdev/norm/migration/migrator.go:42.81,53.16 4 0
github.com/kintsdev/norm/migration/migrator.go:53.16,55.3 1 0
github.com/kintsdev/norm/migration/migrator.go:56.2,62.18 4 0
github.com/kintsdev/norm/migration/migrator.go:62.18,65.65 3 0
github.com/kintsdev/norm/migration/migrator.go:65.65,67.4 1 0
github.com/kintsdev/norm/migration/migrator.go:68.3,68.33 1 0
github.com/kintsdev/norm/migration/migrator.go:68.33,70.4 1 0
github.com/kintsdev/norm/migration/migrator.go:71.3,71.85 1 0
github.com/kintsdev/norm/migration/migrator.go:73.2,73.23 1 0
github.com/kintsdev/norm/migration/migrator.go:73.23,75.3 1 0
github.com/kintsdev/norm/migration/migrator.go:77.2,78.31 2 0
github.com/kintsdev/norm/migration/migrator.go:78.31,81.43 3 0
github.com/kintsdev/norm/migration/migrator.go:81.43,84.12 3 0
github.com/kintsdev/norm/migration/migrator.go:86.3,86.31 1 0
github.com/kintsdev/norm/migration/migrator.go:86.31,88.26 1 0
github.com/kintsdev/norm/migration/migrator.go:88.26,91.32 3 0
github.com/kintsdev/norm/migration/migrator.go:91.32,96.6 3 0
github.com/kintsdev/norm/migration/migrator.go:96.11,96.38 1 0
github.com/kintsdev/norm/migration/migrator.go:96.38,98.6 1 0
github.com/kintsdev/norm/migration/migrator.go:101.4,101.54 1 0
github.com/kintsdev/norm/migration/migrator.go:101.54,103.24 2 0
github.com/kintsdev/norm/migration/migrator.go:103.24,105.6 1 0
github.com/kintsdev/norm/migration/migrator.go:106.5,106.52 1 0
github.com/kintsdev/norm/migration/migrator.go:107.10,112.57 4 0
github.com/kintsdev/norm/migration/migrator.go:112.57,116.6 2 0
github.com/kintsdev/norm/migration/migrator.go:118.5,118.61 1 0
github.com/kintsdev/norm/migration/migrator.go:118.61,121.6 2 0
github.com/kintsdev/norm/migration/migrator.go:124.3,125.31 2 0
github.com/kintsdev/norm/migration/migrator.go:125.31,127.4 1 0
github.com/kintsdev/norm/migration/migrator.go:130.2,130.34 1 0
github.com/kintsdev/norm/migration/migrator.go:130.34,131.37 1 0
github.com/kintsdev/norm/migration/migrator.go:131.37,132.12 1 0
github.com/kintsdev/norm/migration/migrator.go:135.3,136.32 2 0
github.com/kintsdev/norm/migration/migrator.go:136.32,138.27 2 0
github.com/kintsdev/norm/migration/migrator.go:138.27,139.13 1 0
github.com/kintsdev/norm/migration/migrator.go:141.4,141.32 1 0
github.com/kintsdev/norm/migration/migrator.go:141.32,143.5 1 0
github.com/kintsdev/norm/migration/migrator.go:145.3,145.24 1 0
github.com/kintsdev/norm/migration/migrator.go:145.24,147.35 2 0
github.com/kintsdev/norm/migration/migrator.go:147.35,149.5 1 0
github.com/kintsdev/norm/migration/migrator.go:153.2,154.16 2 0
github.com/kintsdev/norm/migration/migrator.go:154.16,159.32 4 0
github.com/kintsdev/norm/migration/migrator.go:159.32,161.32 2 0
github.com/kintsdev/norm/migration/migrator.go:161.32,162.17 1 0
github.com/kintsdev/norm/migration/migrator.go:162.17,164.6 1 0
github.com/kintsdev/norm/migration/migrator.go:164.11,164.23 1 0
github.com/kintsdev/norm/migration/migrator.go:164.23,166.6 1 0
github.com/kintsdev/norm/migration/migrator.go:169.3,169.22 1 0
github.com/kintsdev/norm/migration/migrator.go:169.22,171.58 2 0
github.com/kintsdev/norm/migration/migrator.go:171.58,172.13 1 0
github.com/kintsdev/norm/migration/migrator.go:174.4,174.40 1 0
github.com/kintsdev/norm/migration/migrator.go:174.40,175.13 1 0
github.com/kintsdev/norm/migration/migrator.go:177.4,177.41 1 0
github.com/kintsdev/norm/migration/migrator.go:177.41,180.33 2 0
github.com/kintsdev/norm/migration/migrator.go:180.33,182.6 1 0
github.com/kintsdev/norm/migration/migrator.go:183.5,183.13 1 0
github.com/kintsdev/norm/migration/migrator.go:186.4,186.103 1 0
github.com/kintsdev/norm/migration/migrator.go:191.2,197.17 2 0
github.com/kintsdev/norm/migration/migrator.go:197.17,200.32 3 0
github.com/kintsdev/norm/migration/migrator.go:200.32,202.32 2 0
github.com/kintsdev/norm/migration/migrator.go:202.32,203.44 1 0
github.com/kintsdev/norm/migration/migrator.go:203.44,205.6 1 0
github.com/kintsdev/norm/migration/migrator.go:208.3,208.20 1 0
github.com/kintsdev/norm/migration/migrator.go:208.20,210.47 2 0
github.com/kintsdev/norm/migration/migrator.go:210.47,211.13 1 0
github.com/kintsdev/norm/migration/migrator.go:213.4,213.42 1 0
github.com/kintsdev/norm/migration/migrator.go:213.42,214.13 1 0
github.com/kintsdev/norm/migration/migrator.go:216.4,216.41 1 0
github.com/kintsdev/norm/migration/migrator.go:216.41,218.5 1 0
github.com/kintsdev/norm/migration/migrator.go:222.2,222.18 1 0
github.com/kintsdev/norm/migration/migrator.go:226.74,228.16 2 0
github.com/kintsdev/norm/migration/migrator.go:228.16,230.3 1 0
github.com/kintsdev/norm/migration/migrator.go:231.2,232.16 2 0
github.com/kintsdev/norm/migration/migrator.go:232.16,234.3 1 0
github.com/kintsdev/norm/migration/migrator.go:235.2,235.15 1 0
github.com/kintsdev/norm/migration/migrator.go:235.15,235.39 1 0
github.com/kintsdev/norm/migration/migrator.go:236.2,236.118 1 0
github.com/kintsdev/norm/migration/migrator.go:236.118,238.3 1 0
github.com/kintsdev/norm/migration/migrator.go:239.2,239.179 1 0
github.com/kintsdev/norm/migration/migrator.go:239.179,241.3 1 0
github.com/kintsdev/norm/migration/migrator.go:242.2,243.36 2 0
github.com/kintsdev/norm/migration/migrator.go:243.36,244.44 1 0
github.com/kintsdev/norm/migration/migrator.go:244.44,246.4 1 0
github.com/kintsdev/norm/migration/migrator.go:247.3,247.33 1 0
github.com/kintsdev/norm/migration/migrator.go:249.2,251.135 3 0
github.com/kintsdev/norm/migration/migrator.go:251.135,253.3 1 0
github.com/kintsdev/norm/migration/migrator.go:254.2,254.13 1 0
github.com/kintsdev/norm/migration/migrator.go:254.13,256.119 2 0
github.com/kintsdev/norm/migration/migrator.go:256.119,258.4 1 0
github.com/kintsdev/norm/migration/migrator.go:259.3,259.132 1 0
github.com/kintsdev/norm/migration/migrator.go:259.132,261.4 1 0
github.com/kintsdev/norm/migration/migrator.go:263.2,263.23 1 0
github.com/kintsdev/norm/migration/migrator.go:274.104,276.16 2 0
github.com/kintsdev/norm/migration/migrator.go:276.16,278.3 1 0
github.com/kintsdev/norm/migration/migrator.go:279.2,280.16 2 0
github.com/kintsdev/norm/migration/migrator.go:280.16,282.3 1 0
github.com/kintsdev/norm/migration/migrator.go:283.2,283.15 1 0
github.com/kintsdev/norm/migration/migrator.go:283.15,283.39 1 0
github.com/kintsdev/norm/migration/migrator.go:284.2,284.118 1 0
github.com/kintsdev/norm/migration/migrator.go:284.118,286.3 1 0
github.com/kintsdev/norm/migration/migrator.go:287.2,287.179 1 0
github.com/kintsdev/norm/migration/migrator.go:287.179,289.3 1 0
github.com/kintsdev/norm/migration/migrator.go:290.2,291.36 2 0
github.com/kintsdev/norm/migration/migrator.go:291.36,292.44 1 0
github.com/kintsdev/norm/migration/migrator.go:292.44,294.4 1 0
github.com/kintsdev/norm/migration/migrator.go:295.3,295.33 1 0
github.com/kintsdev/norm/migration/migrator.go:297.2,297.27 1 0
github.com/kintsdev/norm/migration/migrator.go:297.27,298.48 1 0
github.com/kintsdev/norm/migration/migrator.go:298.48,299.45 1 0
github.com/kintsdev/norm/migration/migrator.go:299.45,301.5 1 0
github.com/kintsdev/norm/migration/migrator.go:302.4,302.34 1 0
github.com/kintsdev/norm/migration/migrator.go:305.2,305.27 1 0
github.com/kintsdev/norm/migration/migrator.go:305.27,306.37 1 0
github.com/kintsdev/norm/migration/migrator.go:306.37,307.45 1 0
github.com/kintsdev/norm/migration/migrator.go:307.45,309.5 1 0
github.com/kintsdev/norm/migration/migrator.go:310.4,310.34 1 0
github.com/kintsdev/norm/migration/migrator.go:313.2,313.31 1 0
github.com/kintsdev/norm/migration/migrator.go:313.31,314.42 1 0
github.com/kintsdev/norm/migration/migrator.go:314.42,316.33 1 0
github.com/kintsdev/norm/migration/migrator.go:316.33,317.13 1 0
github.com/kintsdev/norm/migration/migrator.go:319.4,319.45 1 0
github.com/kintsdev/norm/migration/migrator.go:319.45,321.5 1 0
github.com/kintsdev/norm/migration/migrator.go:322.4,322.34 1 0
github.com/kintsdev/norm/migration/migrator.go:325.2,327.135 3 0
github.com/kintsdev/norm/migration/migrator.go:327.135,329.3 1 0
github.com/kintsdev/norm/migration/migrator.go:330.2,330.13 1 0
github.com/kintsdev/norm/migration/migrator.go:330.13,332.119 2 0
github.com/kintsdev/norm/migration/migrator.go:332.119,334.4 1 0
github.com/kintsdev/norm/migration/migrator.go:335.3,335.132 1 0
github.com/kintsdev/norm/migration/migrator.go:335.132,337.4 1 0
github.com/kintsdev/norm/migration/migrator.go:339.2,339.23 1 0
github.com/kintsdev/norm/migration/migrator.go:342.39,345.2 2 0
github.com/kintsdev/norm/migration/migrator.go:348.61,350.12 2 2
github.com/kintsdev/norm/migration/migrator.go:351.17,352.19 1 1
github.com/kintsdev/norm/migration/migrator.go:353.16,354.18 1 0
github.com/kintsdev/norm/migration/migrator.go:355.17,356.19 1 0
github.com/kintsdev/norm/migration/migrator.go:357.14,358.16 1 0
github.com/kintsdev/norm/migration/migrator.go:359.26,360.28 1 0
github.com/kintsdev/norm/migration/migrator.go:361.14,362.16 1 0
github.com/kintsdev/norm/migration/migrator.go:363.34,364.23 1 0
github.com/kintsdev/norm/migration/migrator.go:365.27,366.18 1 1
github.com/kintsdev/norm/migration/migrator.go:366.18,368.4 1 1
github.com/kintsdev/norm/migration/migrator.go:369.3,369.19 1 0
github.com/kintsdev/norm/migration/migrator.go:370.10,371.35 1 0
github.com/kintsdev/norm/migration/parser.go:33.35,34.14 1 15
github.com/kintsdev/norm/migration/parser.go:34.14,36.3 1 0
github.com/kintsdev/norm/migration/parser.go:38.2,39.25 2 15
github.com/kintsdev/norm/migration/parser.go:42.35,44.22 2 2
github.com/kintsdev/norm/migration/parser.go:44.22,45.36 1 10
github.com/kintsdev/norm/migration/parser.go:45.36,47.4 1 2
github.com/kintsdev/norm/migration/parser.go:47.9,48.28 1 8
github.com/kintsdev/norm/migration/parser.go:48.28,50.5 1 0
github.com/kintsdev/norm/migration/parser.go:50.10,52.5 1 8
github.com/kintsdev/norm/migration/parser.go:55.2,55.20 1 2
github.com/kintsdev/norm/migration/parser.go:58.46,59.30 1 2
github.com/kintsdev/norm/migration/parser.go:59.30,61.3 1 0
github.com/kintsdev/norm/migration/parser.go:62.2,62.36 1 2
github.com/kintsdev/norm/migration/parser.go:65.38,67.30 2 2
github.com/kintsdev/norm/migration/parser.go:67.30,69.3 1 0
github.com/kintsdev/norm/migration/parser.go:70.2,71.36 2 2
github.com/kintsdev/norm/migration/parser.go:71.36,73.22 2 12
github.com/kintsdev/norm/migration/parser.go:73.22,74.12 1 0
github.com/kintsdev/norm/migration/parser.go:76.3,77.15 2 12
github.com/kintsdev/norm/migration/parser.go:77.15,79.4 1 0
github.com/kintsdev/norm/migration/parser.go:80.3,82.16 3 12
github.com/kintsdev/norm/migration/parser.go:82.16,83.46 1 10
github.com/kintsdev/norm/migration/parser.go:83.46,85.12 2 18
github.com/kintsdev/norm/migration/parser.go:86.29,87.26 1 2
github.com/kintsdev/norm/migration/parser.go:88.32,89.23 1 2
github.com/kintsdev/norm/migration/parser.go:90.24,91.22 1 2
github.com/kintsdev/norm/migration/parser.go:92.26,93.23 1 2
github.com/kintsdev/norm/migration/parser.go:94.43,95.52 1 2
github.com/kintsdev/norm/migration/parser.go:96.23,97.21 1 2
github.com/kintsdev/norm/migration/parser.go:98.45,99.55 1 2
github.com/kintsdev/norm/migration/parser.go:100.25,101.26 1 2
github.com/kintsdev/norm/migration/parser.go:102.111,104.76 2 0
github.com/kintsdev/norm/migration/parser.go:104.76,107.7 2 0
github.com/kintsdev/norm/migration/parser.go:108.59,109.54 1 0
github.com/kintsdev/norm/migration/parser.go:110.13,112.118 1 2
github.com/kintsdev/norm/migration/parser.go:112.118,114.7 1 2
github.com/kintsdev/norm/migration/parser.go:118.3,118.36 1 12
github.com/kintsdev/norm/migration/parser.go:120.2,120.11 1 2
github.com/kintsdev/norm/migration/parser.go:123.62,125.30 1 16
github.com/kintsdev/norm/migration/parser.go:125.30,127.3 1 2
github.com/kintsdev/norm/migration/parser.go:128.2,128.18 1 16
github.com/kintsdev/norm/migration/parser.go:129.50,130.19 1 1
github.com/kintsdev/norm/migration/parser.go:131.34,132.18 1 4
github.com/kintsdev/norm/migration/parser.go:133.53,134.19 1 1
github.com/kintsdev/norm/migration/parser.go:135.36,136.18 1 0
github.com/kintsdev/norm/migration/parser.go:137.20,138.19 1 0
github.com/kintsdev/norm/migration/parser.go:139.23,140.16 1 1
github.com/kintsdev/norm/migration/parser.go:141.23,142.28 1 1
github.com/kintsdev/norm/migration/parser.go:143.22,145.59 1 4
github.com/kintsdev/norm/migration/parser.go:145.59,147.4 1 2
github.com/kintsdev/norm/migration/parser.go:148.3,148.16 1 2
github.com/kintsdev/norm/migration/parser.go:149.22,150.39 1 4
github.com/kintsdev/norm/migration/parser.go:150.39,152.4 1 4
github.com/kintsdev/norm/migration/parser.go:154.2,154.15 1 0
