mode: atomic
github.com/kintsdev/norm/audit.go:40.71,40.88 1 0
github.com/kintsdev/norm/cache.go:18.77,18.103 1 1
github.com/kintsdev/norm/cache.go:19.94,21.2 1 1
github.com/kintsdev/norm/cache.go:22.72,22.86 1 1
github.com/kintsdev/norm/circuit_breaker.go:37.41,37.82 1 5
github.com/kintsdev/norm/circuit_breaker.go:39.66,40.34 1 3
github.com/kintsdev/norm/circuit_breaker.go:40.34,42.3 1 2
github.com/kintsdev/norm/circuit_breaker.go:43.2,45.11 3 3
github.com/kintsdev/norm/circuit_breaker.go:48.52,49.19 1 4
github.com/kintsdev/norm/circuit_breaker.go:49.19,51.3 1 0
github.com/kintsdev/norm/circuit_breaker.go:52.2,53.11 2 4
github.com/kintsdev/norm/circuit_breaker.go:54.19,56.34 2 1
github.com/kintsdev/norm/circuit_breaker.go:56.34,58.4 1 1
github.com/kintsdev/norm/circuit_breaker.go:59.17,61.34 2 2
github.com/kintsdev/norm/circuit_breaker.go:61.34,63.4 1 1
github.com/kintsdev/norm/circuit_breaker.go:64.21,67.34 2 1
github.com/kintsdev/norm/circuit_breaker.go:67.34,69.4 1 1
github.com/kintsdev/norm/circuit_breaker.go:74.42,77.18 3 9
github.com/kintsdev/norm/circuit_breaker.go:78.19,79.13 1 6
github.com/kintsdev/norm/circuit_breaker.go:80.17,81.52 1 3
github.com/kintsdev/norm/circuit_breaker.go:81.52,83.4 1 1
github.com/kintsdev/norm/circuit_breaker.go:83.9,85.4 1 2
github.com/kintsdev/norm/circuit_breaker.go:88.2,88.9 1 1
github.com/kintsdev/norm/circuit_breaker.go:89.36,90.13 1 1
github.com/kintsdev/norm/circuit_breaker.go:91.10,92.24 1 0
github.com/kintsdev/norm/circuit_breaker.go:97.46,102.31 3 6
github.com/kintsdev/norm/circuit_breaker.go:102.31,103.10 1 1
github.com/kintsdev/norm/circuit_breaker.go:104.25,104.25 0 1
github.com/kintsdev/norm/circuit_breaker.go:105.11,105.11 0 0
github.com/kintsdev/norm/circuit_breaker.go:109.2,109.18 1 6
github.com/kintsdev/norm/circuit_breaker.go:109.18,110.19 1 3
github.com/kintsdev/norm/circuit_breaker.go:111.20,112.19 1 2
github.com/kintsdev/norm/circuit_breaker.go:113.22,115.28 1 1
github.com/kintsdev/norm/circuit_breaker.go:116.18,116.18 0 0
github.com/kintsdev/norm/circuit_breaker.go:119.3,119.9 1 3
github.com/kintsdev/norm/circuit_breaker.go:122.2,122.18 1 3
github.com/kintsdev/norm/circuit_breaker.go:123.19,125.45 2 3
github.com/kintsdev/norm/circuit_breaker.go:125.45,127.4 1 2
github.com/kintsdev/norm/circuit_breaker.go:128.21,130.25 1 0
github.com/kintsdev/norm/conditions.go:13.38,13.94 1 4
github.com/kintsdev/norm/conditions.go:14.38,14.95 1 3
github.com/kintsdev/norm/conditions.go:15.38,15.94 1 1
github.com/kintsdev/norm/conditions.go:16.38,16.95 1 1
github.com/kintsdev/norm/conditions.go:17.38,17.94 1 1
github.com/kintsdev/norm/conditions.go:18.38,18.95 1 1
github.com/kintsdev/norm/conditions.go:20.43,21.20 1 1
github.com/kintsdev/norm/conditions.go:21.20,23.3 1 0
github.com/kintsdev/norm/conditions.go:24.2,31.22 7 1
github.com/kintsdev/norm/conditions.go:31.22,32.12 1 3
github.com/kintsdev/norm/conditions.go:32.12,34.4 1 2
github.com/kintsdev/norm/conditions.go:35.3,35.20 1 3
github.com/kintsdev/norm/conditions.go:37.2,38.49 2 1
github.com/kintsdev/norm/conditions.go:41.50,41.94 1 1
github.com/kintsdev/norm/conditions.go:44.56,46.2 1 1
github.com/kintsdev/norm/conditions.go:49.58,51.2 1 1
github.com/kintsdev/norm/conditions.go:54.50,59.2 4 1
github.com/kintsdev/norm/conditions.go:61.40,62.21 1 2
github.com/kintsdev/norm/conditions.go:62.21,64.3 1 1
github.com/kintsdev/norm/conditions.go:66.2,67.26 2 1
github.com/kintsdev/norm/conditions.go:67.26,69.3 1 2
github.com/kintsdev/norm/conditions.go:70.2,72.26 3 1
github.com/kintsdev/norm/conditions.go:72.26,73.12 1 2
github.com/kintsdev/norm/conditions.go:73.12,75.4 1 1
github.com/kintsdev/norm/conditions.go:76.3,79.33 4 2
github.com/kintsdev/norm/conditions.go:81.2,81.49 1 1
github.com/kintsdev/norm/conditions.go:84.39,85.21 1 2
github.com/kintsdev/norm/conditions.go:85.21,87.3 1 1
github.com/kintsdev/norm/conditions.go:89.2,90.26 2 1
github.com/kintsdev/norm/conditions.go:90.26,92.3 1 2
github.com/kintsdev/norm/conditions.go:93.2,95.26 3 1
github.com/kintsdev/norm/conditions.go:95.26,96.12 1 2
github.com/kintsdev/norm/conditions.go:96.12,98.4 1 1
github.com/kintsdev/norm/conditions.go:99.3,102.33 4 2
github.com/kintsdev/norm/conditions.go:104.2,104.49 1 1
github.com/kintsdev/norm/config.go:35.38,37.15 2 2
github.com/kintsdev/norm/config.go:37.15,39.3 1 1
github.com/kintsdev/norm/config.go:40.2,41.16 2 2
github.com/kintsdev/norm/config.go:41.16,43.3 1 1
github.com/kintsdev/norm/config.go:44.2,45.15 2 2
github.com/kintsdev/norm/config.go:45.15,47.3 1 1
github.com/kintsdev/norm/config.go:48.2,58.3 1 2
github.com/kintsdev/norm/connection.go:13.71,14.16 1 1
github.com/kintsdev/norm/connection.go:14.16,16.3 1 1
github.com/kintsdev/norm/connection.go:17.2,18.16 2 0
github.com/kintsdev/norm/connection.go:18.16,20.3 1 0
github.com/kintsdev/norm/connection.go:21.2,21.28 1 0
github.com/kintsdev/norm/connection.go:21.28,23.3 1 0
github.com/kintsdev/norm/connection.go:24.2,24.28 1 0
github.com/kintsdev/norm/connection.go:24.28,26.3 1 0
github.com/kintsdev/norm/connection.go:27.2,27.29 1 0
github.com/kintsdev/norm/connection.go:27.29,29.3 1 0
github.com/kintsdev/norm/connection.go:30.2,30.29 1 0
github.com/kintsdev/norm/connection.go:30.29,32.3 1 0
github.com/kintsdev/norm/connection.go:33.2,33.31 1 0
github.com/kintsdev/norm/connection.go:33.31,35.3 1 0
github.com/kintsdev/norm/connection.go:36.2,36.36 1 0
github.com/kintsdev/norm/connection.go:36.36,39.3 2 0
github.com/kintsdev/norm/connection.go:41.2,42.16 2 0
github.com/kintsdev/norm/connection.go:42.16,44.3 1 0
github.com/kintsdev/norm/connection.go:45.2,45.18 1 0
github.com/kintsdev/norm/connection.go:48.91,50.16 2 0
github.com/kintsdev/norm/connection.go:50.16,52.3 1 0
github.com/kintsdev/norm/connection.go:53.2,54.16 2 0
github.com/kintsdev/norm/connection.go:54.16,56.3 1 0
github.com/kintsdev/norm/connection.go:57.2,57.18 1 0
github.com/kintsdev/norm/connection.go:60.65,61.17 1 2
github.com/kintsdev/norm/connection.go:61.17,63.3 1 2
github.com/kintsdev/norm/connection.go:64.2,67.66 4 0
github.com/kintsdev/norm/connection.go:67.66,69.3 1 0
github.com/kintsdev/norm/connection.go:70.2,70.14 1 0
github.com/kintsdev/norm/connection.go:70.14,72.3 1 0
github.com/kintsdev/norm/connection.go:73.2,73.12 1 0
github.com/kintsdev/norm/connection.go:77.76,81.22 3 6
github.com/kintsdev/norm/connection.go:81.22,84.3 2 3
github.com/kintsdev/norm/connection.go:85.2,85.19 1 6
github.com/kintsdev/norm/connection.go:85.19,87.3 1 4
github.com/kintsdev/norm/connection.go:88.2,89.32 2 2
github.com/kintsdev/norm/connection.go:89.32,91.10 1 5
github.com/kintsdev/norm/connection.go:92.21,93.20 1 0
github.com/kintsdev/norm/connection.go:94.11,94.11 0 5
github.com/kintsdev/norm/connection.go:97.3,98.17 2 5
github.com/kintsdev/norm/connection.go:98.17,100.4 1 1
github.com/kintsdev/norm/connection.go:101.3,101.40 1 4
github.com/kintsdev/norm/connection.go:101.40,110.11 5 3
github.com/kintsdev/norm/connection.go:111.29,111.29 0 3
github.com/kintsdev/norm/connection.go:112.22,113.21 1 0
github.com/kintsdev/norm/connection.go:117.2,117.12 1 1
github.com/kintsdev/norm/dbexec.go:24.109,25.35 1 1
github.com/kintsdev/norm/dbexec.go:25.35,26.37 1 1
github.com/kintsdev/norm/dbexec.go:26.37,28.4 1 1
github.com/kintsdev/norm/dbexec.go:29.3,31.18 3 0
github.com/kintsdev/norm/dbexec.go:33.2,33.44 1 0
github.com/kintsdev/norm/dbexec.go:36.96,37.35 1 1
github.com/kintsdev/norm/dbexec.go:37.35,38.37 1 1
github.com/kintsdev/norm/dbexec.go:38.37,40.4 1 0
github.com/kintsdev/norm/dbexec.go:41.3,43.19 3 1
github.com/kintsdev/norm/dbexec.go:45.2,45.40 1 0
github.com/kintsdev/norm/dbexec.go:48.89,49.35 1 1
github.com/kintsdev/norm/dbexec.go:49.35,50.37 1 1
github.com/kintsdev/norm/dbexec.go:50.37,53.4 1 0
github.com/kintsdev/norm/dbexec.go:54.3,55.57 2 1
github.com/kintsdev/norm/dbexec.go:55.57,55.74 1 1
github.com/kintsdev/norm/dbexec.go:57.2,57.43 1 0
github.com/kintsdev/norm/dbexec.go:63.43,63.59 1 1
github.com/kintsdev/norm/dbexec.go:72.48,74.19 2 3
github.com/kintsdev/norm/dbexec.go:74.19,75.21 1 2
github.com/kintsdev/norm/dbexec.go:75.21,77.4 1 2
github.com/kintsdev/norm/dbexec.go:79.2,79.12 1 3
github.com/kintsdev/norm/dbexec.go:85.109,87.35 2 0
github.com/kintsdev/norm/dbexec.go:87.35,88.37 1 0
github.com/kintsdev/norm/dbexec.go:88.37,90.4 1 0
github.com/kintsdev/norm/dbexec.go:91.3,93.18 3 0
github.com/kintsdev/norm/dbexec.go:95.2,95.42 1 0
github.com/kintsdev/norm/dbexec.go:98.96,100.35 2 0
github.com/kintsdev/norm/dbexec.go:100.35,101.37 1 0
github.com/kintsdev/norm/dbexec.go:101.37,103.4 1 0
github.com/kintsdev/norm/dbexec.go:104.3,106.19 3 0
github.com/kintsdev/norm/dbexec.go:108.2,108.38 1 0
github.com/kintsdev/norm/dbexec.go:111.89,113.35 2 0
github.com/kintsdev/norm/dbexec.go:113.35,114.37 1 0
github.com/kintsdev/norm/dbexec.go:114.37,116.4 1 0
github.com/kintsdev/norm/dbexec.go:117.3,118.57 2 0
github.com/kintsdev/norm/dbexec.go:118.57,118.74 1 0
github.com/kintsdev/norm/dbexec.go:120.2,120.41 1 0
github.com/kintsdev/norm/errors.go:38.35,38.55 1 1
github.com/kintsdev/norm/errors.go:41.35,41.56 1 2
github.com/kintsdev/norm/errors.go:45.46,46.16 1 7
github.com/kintsdev/norm/errors.go:48.15,49.26 1 2
github.com/kintsdev/norm/errors.go:50.15,51.27 1 1
github.com/kintsdev/norm/errors.go:52.15,53.27 1 1
github.com/kintsdev/norm/errors.go:54.15,55.27 1 1
github.com/kintsdev/norm/errors.go:56.15,57.27 1 0
github.com/kintsdev/norm/errors.go:59.15,60.28 1 1
github.com/kintsdev/norm/errors.go:61.15,62.28 1 0
github.com/kintsdev/norm/errors.go:63.15,64.28 1 0
github.com/kintsdev/norm/errors.go:65.15,66.28 1 0
github.com/kintsdev/norm/errors.go:76.11,77.27 1 0
github.com/kintsdev/norm/errors.go:79.15,80.30 1 0
github.com/kintsdev/norm/errors.go:83.11,84.27 1 0
github.com/kintsdev/norm/errors.go:85.15,86.32 1 0
github.com/kintsdev/norm/errors.go:87.15,88.28 1 0
github.com/kintsdev/norm/errors.go:89.15,90.30 1 0
github.com/kintsdev/norm/errors.go:91.10,92.27 1 1
github.com/kintsdev/norm/errors.go:96.61,97.16 1 7
github.com/kintsdev/norm/errors.go:97.16,99.3 1 0
github.com/kintsdev/norm/errors.go:101.2,102.25 2 7
github.com/kintsdev/norm/errors.go:102.25,104.3 1 0
github.com/kintsdev/norm/errors.go:105.2,107.82 2 7
github.com/kintsdev/norm/errors.go:107.82,109.3 1 2
github.com/kintsdev/norm/errors.go:111.2,111.29 1 5
github.com/kintsdev/norm/errors.go:111.29,113.3 1 1
github.com/kintsdev/norm/errors.go:114.2,114.28 1 4
github.com/kintsdev/norm/errors.go:114.28,116.3 1 1
github.com/kintsdev/norm/errors.go:117.2,117.12 1 3
github.com/kintsdev/norm/logger.go:44.55,44.56 0 1
github.com/kintsdev/norm/logger.go:45.55,45.56 0 1
github.com/kintsdev/norm/logger.go:46.55,46.56 0 1
github.com/kintsdev/norm/logger.go:47.55,47.56 0 1
github.com/kintsdev/norm/logger.go:52.53,52.93 1 1
github.com/kintsdev/norm/logger.go:53.53,53.92 1 1
github.com/kintsdev/norm/logger.go:54.53,54.92 1 0
github.com/kintsdev/norm/logger.go:55.53,55.93 1 0
github.com/kintsdev/norm/logger.go:57.61,58.27 1 2
github.com/kintsdev/norm/logger.go:58.27,59.22 1 3
github.com/kintsdev/norm/logger.go:59.22,60.48 1 1
github.com/kintsdev/norm/logger.go:60.48,63.5 2 1
github.com/kintsdev/norm/logger.go:66.2,66.60 1 1
github.com/kintsdev/norm/logger.go:69.42,70.22 1 3
github.com/kintsdev/norm/logger.go:70.22,72.3 1 1
github.com/kintsdev/norm/logger.go:73.2,74.27 2 2
github.com/kintsdev/norm/logger.go:74.27,76.36 2 4
github.com/kintsdev/norm/logger.go:76.36,78.4 1 2
github.com/kintsdev/norm/logger.go:78.9,80.4 1 2
github.com/kintsdev/norm/logger.go:81.3,81.39 1 4
github.com/kintsdev/norm/logger.go:83.2,83.33 1 2
github.com/kintsdev/norm/logger.go:87.49,88.20 1 3
github.com/kintsdev/norm/logger.go:88.20,90.33 2 1
github.com/kintsdev/norm/logger.go:90.33,92.4 1 0
github.com/kintsdev/norm/logger.go:93.3,93.21 1 1
github.com/kintsdev/norm/logger.go:95.2,96.34 2 2
github.com/kintsdev/norm/logger.go:96.34,100.3 3 7
github.com/kintsdev/norm/logger.go:101.2,102.32 2 2
github.com/kintsdev/norm/logger.go:102.32,104.3 1 0
github.com/kintsdev/norm/logger.go:105.2,105.22 1 2
github.com/kintsdev/norm/logger.go:108.31,109.14 1 9
github.com/kintsdev/norm/logger.go:109.14,111.3 1 1
github.com/kintsdev/norm/logger.go:112.2,112.23 1 8
github.com/kintsdev/norm/logger.go:113.14,114.40 1 2
github.com/kintsdev/norm/logger.go:115.14,117.74 1 1
github.com/kintsdev/norm/logger.go:118.12,119.8 1 2
github.com/kintsdev/norm/logger.go:119.8,121.4 1 1
github.com/kintsdev/norm/logger.go:122.3,122.17 1 1
github.com/kintsdev/norm/logger.go:123.17,124.48 1 1
github.com/kintsdev/norm/logger.go:126.2,127.19 2 2
github.com/kintsdev/norm/logger.go:130.36,131.30 1 1
github.com/kintsdev/norm/logger.go:133.2,133.58 1 1
github.com/kintsdev/norm/logger.go:136.39,138.2 1 4
github.com/kintsdev/norm/metrics.go:16.73,16.74 0 1
github.com/kintsdev/norm/metrics.go:17.73,17.74 0 1
github.com/kintsdev/norm/metrics.go:18.73,18.74 0 1
github.com/kintsdev/norm/metrics.go:19.73,19.74 0 1
github.com/kintsdev/norm/metrics_expvar.go:23.70,26.2 2 1
github.com/kintsdev/norm/metrics_expvar.go:27.58,30.2 2 1
github.com/kintsdev/norm/metrics_expvar.go:31.51,33.2 1 1
github.com/kintsdev/norm/metrics_expvar.go:34.56,36.2 1 1
github.com/kintsdev/norm/norm.go:34.62,35.19 1 0
github.com/kintsdev/norm/norm.go:35.19,37.3 1 0
github.com/kintsdev/norm/norm.go:39.2,40.27 2 0
github.com/kintsdev/norm/norm.go:40.27,42.3 1 0
github.com/kintsdev/norm/norm.go:44.2,45.16 2 0
github.com/kintsdev/norm/norm.go:45.16,47.3 1 0
github.com/kintsdev/norm/norm.go:49.2,62.37 2 0
github.com/kintsdev/norm/norm.go:62.37,64.18 2 0
github.com/kintsdev/norm/norm.go:64.18,67.4 2 0
github.com/kintsdev/norm/norm.go:68.3,68.19 1 0
github.com/kintsdev/norm/norm.go:70.2,72.34 2 0
github.com/kintsdev/norm/norm.go:72.34,77.38 1 0
github.com/kintsdev/norm/norm.go:77.38,78.26 1 0
github.com/kintsdev/norm/norm.go:78.26,80.6 1 0
github.com/kintsdev/norm/norm.go:84.2,84.16 1 0
github.com/kintsdev/norm/norm.go:88.79,90.27 2 0
github.com/kintsdev/norm/norm.go:90.27,92.3 1 0
github.com/kintsdev/norm/norm.go:94.2,95.16 2 0
github.com/kintsdev/norm/norm.go:95.16,97.3 1 0
github.com/kintsdev/norm/norm.go:98.2,111.16 3 0
github.com/kintsdev/norm/norm.go:115.91,117.45 2 2
github.com/kintsdev/norm/norm.go:117.45,118.64 1 2
github.com/kintsdev/norm/norm.go:118.64,120.4 1 2
github.com/kintsdev/norm/norm.go:122.2,123.32 2 2
github.com/kintsdev/norm/norm.go:123.32,125.3 1 1
github.com/kintsdev/norm/norm.go:125.8,128.3 2 1
github.com/kintsdev/norm/norm.go:129.2,129.15 1 2
github.com/kintsdev/norm/norm.go:133.39,134.12 1 2
github.com/kintsdev/norm/norm.go:134.12,136.3 1 1
github.com/kintsdev/norm/norm.go:137.2,137.10 1 1
github.com/kintsdev/norm/norm.go:139.64,140.12 1 3
github.com/kintsdev/norm/norm.go:140.12,142.3 1 2
github.com/kintsdev/norm/norm.go:143.2,143.10 1 1
github.com/kintsdev/norm/norm.go:147.55,148.81 1 0
github.com/kintsdev/norm/norm.go:148.81,150.3 1 0
github.com/kintsdev/norm/norm.go:151.2,151.12 1 0
github.com/kintsdev/norm/norm.go:155.116,156.16 1 0
github.com/kintsdev/norm/norm.go:156.16,158.3 1 0
github.com/kintsdev/norm/norm.go:159.2,159.81 1 0
github.com/kintsdev/norm/norm.go:159.81,161.3 1 0
github.com/kintsdev/norm/norm.go:162.2,162.12 1 0
github.com/kintsdev/norm/norm.go:166.74,167.16 1 0
github.com/kintsdev/norm/norm.go:167.16,169.3 1 0
github.com/kintsdev/norm/norm.go:170.2,170.59 1 0
github.com/kintsdev/norm/norm.go:170.59,172.3 1 0
github.com/kintsdev/norm/norm.go:173.2,173.12 1 0
github.com/kintsdev/norm/norm.go:177.87,178.16 1 0
github.com/kintsdev/norm/norm.go:178.16,180.3 1 0
github.com/kintsdev/norm/norm.go:181.2,181.68 1 0
github.com/kintsdev/norm/norm.go:181.68,183.3 1 0
github.com/kintsdev/norm/norm.go:184.2,184.12 1 0
github.com/kintsdev/norm/norm.go:188.78,190.2 1 0
github.com/kintsdev/norm/norm.go:193.102,194.16 1 0
github.com/kintsdev/norm/norm.go:194.16,196.3 1 0
github.com/kintsdev/norm/norm.go:197.2,197.63 1 0
github.com/kintsdev/norm/norm.go:197.63,199.3 1 0
github.com/kintsdev/norm/norm.go:200.2,200.12 1 0
github.com/kintsdev/norm/norm.go:204.115,205.16 1 0
github.com/kintsdev/norm/norm.go:205.16,207.3 1 0
github.com/kintsdev/norm/norm.go:208.2,208.72 1 0
github.com/kintsdev/norm/norm.go:208.72,210.3 1 0
github.com/kintsdev/norm/norm.go:211.2,211.12 1 0
github.com/kintsdev/norm/norm.go:215.36,216.20 1 2
github.com/kintsdev/norm/norm.go:216.20,218.3 1 0
github.com/kintsdev/norm/norm.go:219.2,219.24 1 2
github.com/kintsdev/norm/norm.go:219.24,221.3 1 0
github.com/kintsdev/norm/norm.go:222.2,222.12 1 2
github.com/kintsdev/norm/norm.go:226.56,227.16 1 1
github.com/kintsdev/norm/norm.go:227.16,229.3 1 0
github.com/kintsdev/norm/norm.go:230.2,233.34 3 1
github.com/kintsdev/norm/norm.go:237.43,237.61 1 1
github.com/kintsdev/norm/norm.go:240.47,241.24 1 5
github.com/kintsdev/norm/norm.go:241.24,243.3 1 2
github.com/kintsdev/norm/norm.go:244.2,244.16 1 3
github.com/kintsdev/norm/norm.go:248.48,251.23 3 2
github.com/kintsdev/norm/norm.go:251.23,253.3 1 0
github.com/kintsdev/norm/norm.go:254.2,255.11 2 2
github.com/kintsdev/norm/options.go:23.31,34.2 1 3
github.com/kintsdev/norm/options.go:36.36,36.62 1 1
github.com/kintsdev/norm/options.go:36.62,36.78 1 1
github.com/kintsdev/norm/options.go:37.36,37.62 1 1
github.com/kintsdev/norm/options.go:37.62,37.79 1 1
github.com/kintsdev/norm/options.go:38.36,38.62 1 1
github.com/kintsdev/norm/options.go:38.62,38.77 1 1
github.com/kintsdev/norm/options.go:41.39,41.65 1 1
github.com/kintsdev/norm/options.go:41.65,41.85 1 1
github.com/kintsdev/norm/options.go:44.72,45.26 1 1
github.com/kintsdev/norm/options.go:45.26,45.53 1 1
github.com/kintsdev/norm/options.go:49.61,50.26 1 1
github.com/kintsdev/norm/options.go:50.26,50.62 1 1
github.com/kintsdev/norm/options.go:54.48,55.26 1 1
github.com/kintsdev/norm/options.go:55.26,55.49 1 1
github.com/kintsdev/norm/options.go:59.43,60.26 1 1
github.com/kintsdev/norm/options.go:60.26,60.48 1 1
github.com/kintsdev/norm/query_builder.go:67.44,69.24 1 3
github.com/kintsdev/norm/query_builder.go:69.24,72.3 2 1
github.com/kintsdev/norm/query_builder.go:73.2,74.23 2 2
github.com/kintsdev/norm/query_builder.go:74.23,76.3 1 0
github.com/kintsdev/norm/query_builder.go:77.2,77.42 1 2
github.com/kintsdev/norm/query_builder.go:82.53,85.2 2 0
github.com/kintsdev/norm/query_builder.go:88.48,92.2 2 46
github.com/kintsdev/norm/query_builder.go:95.41,96.35 1 40
github.com/kintsdev/norm/query_builder.go:96.35,98.3 1 0
github.com/kintsdev/norm/query_builder.go:99.2,100.26 2 40
github.com/kintsdev/norm/query_builder.go:100.26,102.3 1 44
github.com/kintsdev/norm/query_builder.go:103.2,103.33 1 40
github.com/kintsdev/norm/query_builder.go:107.59,112.2 3 1
github.com/kintsdev/norm/query_builder.go:115.66,116.28 1 1
github.com/kintsdev/norm/query_builder.go:116.28,118.3 1 2
github.com/kintsdev/norm/query_builder.go:119.2,119.11 1 1
github.com/kintsdev/norm/query_builder.go:124.67,125.28 1 1
github.com/kintsdev/norm/query_builder.go:125.28,127.3 1 1
github.com/kintsdev/norm/query_builder.go:128.2,128.11 1 1
github.com/kintsdev/norm/query_builder.go:132.52,134.26 2 1
github.com/kintsdev/norm/query_builder.go:134.26,136.3 1 0
github.com/kintsdev/norm/query_builder.go:137.2,138.11 2 1
github.com/kintsdev/norm/query_builder.go:142.47,145.2 2 0
github.com/kintsdev/norm/query_builder.go:149.53,151.26 2 1
github.com/kintsdev/norm/query_builder.go:151.26,153.3 1 0
github.com/kintsdev/norm/query_builder.go:154.2,155.11 2 1
github.com/kintsdev/norm/query_builder.go:158.58,163.2 3 28
github.com/kintsdev/norm/query_builder.go:171.56,173.14 2 0
github.com/kintsdev/norm/query_builder.go:173.14,175.3 1 0
github.com/kintsdev/norm/query_builder.go:176.2,176.34 1 0
github.com/kintsdev/norm/query_builder.go:176.34,178.3 1 0
github.com/kintsdev/norm/query_builder.go:179.2,181.11 3 0
github.com/kintsdev/norm/query_builder.go:184.65,187.2 2 4
github.com/kintsdev/norm/query_builder.go:189.62,192.2 2 2
github.com/kintsdev/norm/query_builder.go:195.67,197.2 1 1
github.com/kintsdev/norm/query_builder.go:200.66,203.2 2 1
github.com/kintsdev/norm/query_builder.go:206.67,209.2 2 1
github.com/kintsdev/norm/query_builder.go:212.66,215.2 2 1
github.com/kintsdev/norm/query_builder.go:218.63,221.2 2 1
github.com/kintsdev/norm/query_builder.go:223.76,227.2 3 14
github.com/kintsdev/norm/query_builder.go:230.94,232.16 2 3
github.com/kintsdev/norm/query_builder.go:232.16,235.3 2 1
github.com/kintsdev/norm/query_builder.go:236.2,238.11 3 2
github.com/kintsdev/norm/query_builder.go:241.58,241.88 2 5
github.com/kintsdev/norm/query_builder.go:242.58,242.85 2 2
github.com/kintsdev/norm/query_builder.go:243.58,243.86 2 1
github.com/kintsdev/norm/query_builder.go:246.71,250.2 3 1
github.com/kintsdev/norm/query_builder.go:251.72,255.2 3 1
github.com/kintsdev/norm/query_builder.go:257.68,262.2 4 3
github.com/kintsdev/norm/query_builder.go:265.86,267.16 2 2
github.com/kintsdev/norm/query_builder.go:267.16,270.3 2 1
github.com/kintsdev/norm/query_builder.go:271.2,274.11 4 1
github.com/kintsdev/norm/query_builder.go:278.62,280.2 1 1
github.com/kintsdev/norm/query_builder.go:283.83,287.2 3 1
github.com/kintsdev/norm/query_builder.go:290.74,293.2 2 2
github.com/kintsdev/norm/query_builder.go:296.53,296.105 2 0
github.com/kintsdev/norm/query_builder.go:299.53,299.105 2 0
github.com/kintsdev/norm/query_builder.go:302.50,302.77 1 0
github.com/kintsdev/norm/query_builder.go:304.45,305.33 1 2
github.com/kintsdev/norm/query_builder.go:305.33,307.3 1 0
github.com/kintsdev/norm/query_builder.go:308.2,308.82 1 2
github.com/kintsdev/norm/query_builder.go:311.44,312.15 1 23
github.com/kintsdev/norm/query_builder.go:312.15,314.3 1 0
github.com/kintsdev/norm/query_builder.go:315.2,315.15 1 23
github.com/kintsdev/norm/query_builder.go:318.48,319.21 1 11
github.com/kintsdev/norm/query_builder.go:319.21,321.3 1 0
github.com/kintsdev/norm/query_builder.go:322.2,323.29 2 11
github.com/kintsdev/norm/query_builder.go:323.29,325.3 1 14
github.com/kintsdev/norm/query_builder.go:326.2,326.15 1 11
github.com/kintsdev/norm/query_builder.go:329.55,330.14 1 16
github.com/kintsdev/norm/query_builder.go:330.14,333.3 1 0
github.com/kintsdev/norm/query_builder.go:334.2,335.25 2 16
github.com/kintsdev/norm/query_builder.go:335.25,337.3 1 6
github.com/kintsdev/norm/query_builder.go:338.2,343.23 6 16
github.com/kintsdev/norm/query_builder.go:343.23,346.3 2 1
github.com/kintsdev/norm/query_builder.go:348.2,350.27 3 16
github.com/kintsdev/norm/query_builder.go:350.27,351.24 1 0
github.com/kintsdev/norm/query_builder.go:352.30,353.65 1 0
github.com/kintsdev/norm/query_builder.go:354.30,354.30 0 0
github.com/kintsdev/norm/query_builder.go:356.11,357.61 1 0
github.com/kintsdev/norm/query_builder.go:360.2,360.27 1 16
github.com/kintsdev/norm/query_builder.go:360.27,365.3 4 9
github.com/kintsdev/norm/query_builder.go:366.2,369.18 3 16
github.com/kintsdev/norm/query_builder.go:369.18,370.29 1 2
github.com/kintsdev/norm/query_builder.go:370.29,372.4 1 2
github.com/kintsdev/norm/query_builder.go:372.9,374.4 1 0
github.com/kintsdev/norm/query_builder.go:375.3,376.37 2 2
github.com/kintsdev/norm/query_builder.go:378.2,378.22 1 16
github.com/kintsdev/norm/query_builder.go:378.22,381.3 2 7
github.com/kintsdev/norm/query_builder.go:382.2,382.18 1 16
github.com/kintsdev/norm/query_builder.go:382.18,385.3 2 6
github.com/kintsdev/norm/query_builder.go:386.2,386.19 1 16
github.com/kintsdev/norm/query_builder.go:386.19,389.3 2 1
github.com/kintsdev/norm/query_builder.go:390.2,390.26 1 16
github.com/kintsdev/norm/query_builder.go:394.64,395.20 1 0
github.com/kintsdev/norm/query_builder.go:395.20,397.3 1 0
github.com/kintsdev/norm/query_builder.go:398.2,401.19 4 0
github.com/kintsdev/norm/query_builder.go:401.19,402.76 1 0
github.com/kintsdev/norm/query_builder.go:402.76,405.55 2 0
github.com/kintsdev/norm/query_builder.go:405.55,407.5 1 0
github.com/kintsdev/norm/query_builder.go:408.4,411.58 3 0
github.com/kintsdev/norm/query_builder.go:411.59,413.5 0 0
github.com/kintsdev/norm/query_builder.go:413.10,413.43 1 0
github.com/kintsdev/norm/query_builder.go:413.43,416.5 2 0
github.com/kintsdev/norm/query_builder.go:417.4,417.9 1 0
github.com/kintsdev/norm/query_builder.go:418.9,421.4 2 0
github.com/kintsdev/norm/query_builder.go:423.2,423.20 1 0
github.com/kintsdev/norm/query_builder.go:426.33,427.23 1 0
github.com/kintsdev/norm/query_builder.go:428.26,429.19 1 0
github.com/kintsdev/norm/query_builder.go:430.18,431.18 1 0
github.com/kintsdev/norm/query_builder.go:432.29,433.19 1 0
github.com/kintsdev/norm/query_builder.go:434.20,435.18 1 0
github.com/kintsdev/norm/query_builder.go:436.15,437.16 1 0
github.com/kintsdev/norm/query_builder.go:438.15,439.28 1 0
github.com/kintsdev/norm/query_builder.go:440.12,441.19 1 0
github.com/kintsdev/norm/query_builder.go:442.17,443.23 1 0
github.com/kintsdev/norm/query_builder.go:444.14,445.17 1 0
github.com/kintsdev/norm/query_builder.go:446.14,447.16 1 0
github.com/kintsdev/norm/query_builder.go:448.10,450.16 2 0
github.com/kintsdev/norm/query_builder.go:455.67,456.40 1 10
github.com/kintsdev/norm/query_builder.go:456.40,458.3 1 1
github.com/kintsdev/norm/query_builder.go:459.2,459.16 1 9
github.com/kintsdev/norm/query_builder.go:459.16,461.3 1 0
github.com/kintsdev/norm/query_builder.go:463.2,463.45 1 9
github.com/kintsdev/norm/query_builder.go:463.45,464.59 1 0
github.com/kintsdev/norm/query_builder.go:464.59,466.50 1 0
github.com/kintsdev/norm/query_builder.go:466.50,468.57 2 0
github.com/kintsdev/norm/query_builder.go:468.57,471.6 2 0
github.com/kintsdev/norm/query_builder.go:475.2,479.41 4 9
github.com/kintsdev/norm/query_builder.go:479.41,480.24 1 0
github.com/kintsdev/norm/query_builder.go:481.26,482.73 1 0
github.com/kintsdev/norm/query_builder.go:483.26,483.26 0 0
github.com/kintsdev/norm/query_builder.go:485.18,486.21 1 0
github.com/kintsdev/norm/query_builder.go:486.21,488.5 1 0
github.com/kintsdev/norm/query_builder.go:491.2,491.26 1 9
github.com/kintsdev/norm/query_builder.go:491.26,493.3 1 0
github.com/kintsdev/norm/query_builder.go:494.2,494.73 1 9
github.com/kintsdev/norm/query_builder.go:494.73,495.65 1 0
github.com/kintsdev/norm/query_builder.go:495.65,499.4 3 0
github.com/kintsdev/norm/query_builder.go:501.2,501.16 1 9
github.com/kintsdev/norm/query_builder.go:501.16,502.42 1 0
github.com/kintsdev/norm/query_builder.go:502.42,503.51 1 0
github.com/kintsdev/norm/query_builder.go:503.51,507.5 3 0
github.com/kintsdev/norm/query_builder.go:509.3,509.39 1 0
github.com/kintsdev/norm/query_builder.go:511.2,514.26 2 9
github.com/kintsdev/norm/query_builder.go:515.25,516.19 1 2
github.com/kintsdev/norm/query_builder.go:516.19,518.18 2 2
github.com/kintsdev/norm/query_builder.go:518.18,520.5 1 0
github.com/kintsdev/norm/query_builder.go:521.4,523.27 3 2
github.com/kintsdev/norm/query_builder.go:523.27,525.5 1 2
github.com/kintsdev/norm/query_builder.go:526.4,526.22 1 2
github.com/kintsdev/norm/query_builder.go:528.3,528.36 1 2
github.com/kintsdev/norm/query_builder.go:528.36,530.4 1 0
github.com/kintsdev/norm/query_builder.go:532.3,532.65 1 2
github.com/kintsdev/norm/query_builder.go:532.65,533.48 1 0
github.com/kintsdev/norm/query_builder.go:533.48,535.5 1 0
github.com/kintsdev/norm/query_builder.go:537.3,537.13 1 2
github.com/kintsdev/norm/query_builder.go:538.10,541.72 2 7
github.com/kintsdev/norm/query_builder.go:541.72,543.4 1 1
github.com/kintsdev/norm/query_builder.go:544.3,547.19 4 6
github.com/kintsdev/norm/query_builder.go:547.19,549.18 2 8
github.com/kintsdev/norm/query_builder.go:549.18,551.5 1 0
github.com/kintsdev/norm/query_builder.go:552.4,554.27 3 8
github.com/kintsdev/norm/query_builder.go:554.27,556.49 2 21
github.com/kintsdev/norm/query_builder.go:556.49,558.6 1 21
github.com/kintsdev/norm/query_builder.go:560.4,560.58 1 8
github.com/kintsdev/norm/query_builder.go:562.3,562.36 1 6
github.com/kintsdev/norm/query_builder.go:562.36,564.4 1 0
github.com/kintsdev/norm/query_builder.go:566.3,566.13 1 6
github.com/kintsdev/norm/query_builder.go:571.68,575.72 3 3
github.com/kintsdev/norm/query_builder.go:575.72,579.43 3 1
github.com/kintsdev/norm/query_builder.go:579.43,581.4 1 0
github.com/kintsdev/norm/query_builder.go:582.3,583.20 2 1
github.com/kintsdev/norm/query_builder.go:583.20,585.4 1 0
github.com/kintsdev/norm/query_builder.go:586.3,587.13 2 1
github.com/kintsdev/norm/query_builder.go:590.2,590.43 1 2
github.com/kintsdev/norm/query_builder.go:590.43,592.3 1 1
github.com/kintsdev/norm/query_builder.go:594.2,594.26 1 1
github.com/kintsdev/norm/query_builder.go:595.25,596.19 1 1
github.com/kintsdev/norm/query_builder.go:596.19,598.4 1 0
github.com/kintsdev/norm/query_builder.go:600.2,600.12 1 1
github.com/kintsdev/norm/query_builder.go:604.67,605.41 1 2
github.com/kintsdev/norm/query_builder.go:605.41,607.3 1 1
github.com/kintsdev/norm/query_builder.go:609.2,611.38 3 1
github.com/kintsdev/norm/query_builder.go:611.38,613.3 1 1
github.com/kintsdev/norm/query_builder.go:613.8,613.46 1 0
github.com/kintsdev/norm/query_builder.go:613.46,615.3 1 0
github.com/kintsdev/norm/query_builder.go:615.8,617.3 1 0
github.com/kintsdev/norm/query_builder.go:618.2,619.28 2 1
github.com/kintsdev/norm/query_builder.go:623.55,625.19 1 4
github.com/kintsdev/norm/query_builder.go:625.19,629.25 4 2
github.com/kintsdev/norm/query_builder.go:629.25,634.4 4 2
github.com/kintsdev/norm/query_builder.go:635.3,635.30 1 2
github.com/kintsdev/norm/query_builder.go:639.2,644.24 5 2
github.com/kintsdev/norm/query_builder.go:644.24,650.3 5 2
github.com/kintsdev/norm/query_builder.go:650.8,652.3 1 0
github.com/kintsdev/norm/query_builder.go:653.2,653.29 1 2
github.com/kintsdev/norm/query_builder.go:657.68,658.40 1 4
github.com/kintsdev/norm/query_builder.go:658.40,660.3 1 0
github.com/kintsdev/norm/query_builder.go:661.2,661.16 1 4
github.com/kintsdev/norm/query_builder.go:661.16,663.3 1 0
github.com/kintsdev/norm/query_builder.go:664.2,667.41 4 4
github.com/kintsdev/norm/query_builder.go:667.41,668.24 1 0
github.com/kintsdev/norm/query_builder.go:669.26,670.72 1 0
github.com/kintsdev/norm/query_builder.go:671.26,671.26 0 0
github.com/kintsdev/norm/query_builder.go:672.18,673.21 1 0
github.com/kintsdev/norm/query_builder.go:673.21,675.5 1 0
github.com/kintsdev/norm/query_builder.go:678.2,678.26 1 4
github.com/kintsdev/norm/query_builder.go:678.26,680.3 1 0
github.com/kintsdev/norm/query_builder.go:681.2,681.73 1 4
github.com/kintsdev/norm/query_builder.go:681.73,682.65 1 0
github.com/kintsdev/norm/query_builder.go:682.65,686.4 3 0
github.com/kintsdev/norm/query_builder.go:688.2,688.16 1 4
github.com/kintsdev/norm/query_builder.go:688.16,689.42 1 0
github.com/kintsdev/norm/query_builder.go:689.42,690.51 1 0
github.com/kintsdev/norm/query_builder.go:690.51,694.5 3 0
github.com/kintsdev/norm/query_builder.go:696.3,696.42 1 0
github.com/kintsdev/norm/query_builder.go:698.2,698.50 1 4
github.com/kintsdev/norm/query_builder.go:698.50,700.3 1 0
github.com/kintsdev/norm/query_builder.go:701.2,701.39 1 4
github.com/kintsdev/norm/query_builder.go:705.52,708.2 2 2
github.com/kintsdev/norm/query_builder.go:714.57,715.40 1 4
github.com/kintsdev/norm/query_builder.go:715.40,717.3 1 1
github.com/kintsdev/norm/query_builder.go:718.2,718.15 1 3
github.com/kintsdev/norm/query_builder.go:718.15,720.3 1 0
github.com/kintsdev/norm/query_builder.go:721.2,723.41 3 3
github.com/kintsdev/norm/query_builder.go:723.41,724.24 1 0
github.com/kintsdev/norm/query_builder.go:725.26,726.76 1 0
github.com/kintsdev/norm/query_builder.go:727.26,727.26 0 0
github.com/kintsdev/norm/query_builder.go:728.18,729.21 1 0
github.com/kintsdev/norm/query_builder.go:729.21,731.5 1 0
github.com/kintsdev/norm/query_builder.go:734.2,734.26 1 3
github.com/kintsdev/norm/query_builder.go:734.26,736.3 1 0
github.com/kintsdev/norm/query_builder.go:737.2,737.73 1 3
github.com/kintsdev/norm/query_builder.go:737.73,738.65 1 0
github.com/kintsdev/norm/query_builder.go:738.65,742.4 3 0
github.com/kintsdev/norm/query_builder.go:744.2,744.16 1 3
github.com/kintsdev/norm/query_builder.go:744.16,745.42 1 2
github.com/kintsdev/norm/query_builder.go:745.42,746.51 1 0
github.com/kintsdev/norm/query_builder.go:746.51,750.5 3 0
github.com/kintsdev/norm/query_builder.go:752.3,752.43 1 2
github.com/kintsdev/norm/query_builder.go:754.2,754.50 1 1
github.com/kintsdev/norm/query_builder.go:754.50,756.3 1 0
github.com/kintsdev/norm/query_builder.go:757.2,757.12 1 1
github.com/kintsdev/norm/query_builder.go:761.65,765.2 3 5
github.com/kintsdev/norm/query_builder.go:766.61,769.2 2 4
github.com/kintsdev/norm/query_builder.go:770.64,773.2 2 1
github.com/kintsdev/norm/query_builder.go:774.66,774.104 2 5
github.com/kintsdev/norm/query_builder.go:775.66,775.103 2 1
github.com/kintsdev/norm/query_builder.go:776.80,780.2 3 1
github.com/kintsdev/norm/query_builder.go:782.55,786.31 4 5
github.com/kintsdev/norm/query_builder.go:786.31,790.3 3 5
github.com/kintsdev/norm/query_builder.go:791.2,794.34 3 5
github.com/kintsdev/norm/query_builder.go:794.34,796.3 1 6
github.com/kintsdev/norm/query_builder.go:797.2,799.35 3 5
github.com/kintsdev/norm/query_builder.go:799.35,800.13 1 6
github.com/kintsdev/norm/query_builder.go:800.13,802.4 1 1
github.com/kintsdev/norm/query_builder.go:803.3,804.21 2 6
github.com/kintsdev/norm/query_builder.go:804.21,805.14 1 10
github.com/kintsdev/norm/query_builder.go:805.14,807.5 1 4
github.com/kintsdev/norm/query_builder.go:808.4,810.12 3 10
github.com/kintsdev/norm/query_builder.go:812.3,813.28 2 6
github.com/kintsdev/norm/query_builder.go:815.2,815.30 1 5
github.com/kintsdev/norm/query_builder.go:815.30,819.29 4 1
github.com/kintsdev/norm/query_builder.go:819.29,828.4 7 1
github.com/kintsdev/norm/query_builder.go:828.9,830.4 1 0
github.com/kintsdev/norm/query_builder.go:832.2,832.31 1 5
github.com/kintsdev/norm/query_builder.go:832.31,835.3 2 2
github.com/kintsdev/norm/query_builder.go:836.2,836.26 1 5
github.com/kintsdev/norm/query_builder.go:839.82,840.40 1 2
github.com/kintsdev/norm/query_builder.go:840.40,842.3 1 0
github.com/kintsdev/norm/query_builder.go:843.2,843.23 1 2
github.com/kintsdev/norm/query_builder.go:843.23,845.3 1 0
github.com/kintsdev/norm/query_builder.go:846.2,846.16 1 2
github.com/kintsdev/norm/query_builder.go:846.16,848.3 1 0
github.com/kintsdev/norm/query_builder.go:849.2,850.32 2 2
github.com/kintsdev/norm/query_builder.go:850.32,853.42 3 1
github.com/kintsdev/norm/query_builder.go:853.42,854.25 1 0
github.com/kintsdev/norm/query_builder.go:855.27,856.148 1 0
github.com/kintsdev/norm/query_builder.go:857.27,857.27 0 0
github.com/kintsdev/norm/query_builder.go:858.19,859.22 1 0
github.com/kintsdev/norm/query_builder.go:859.22,861.6 1 0
github.com/kintsdev/norm/query_builder.go:864.3,864.27 1 1
github.com/kintsdev/norm/query_builder.go:864.27,866.4 1 0
github.com/kintsdev/norm/query_builder.go:867.3,867.17 1 1
github.com/kintsdev/norm/query_builder.go:867.17,868.43 1 0
github.com/kintsdev/norm/query_builder.go:868.43,869.52 1 0
github.com/kintsdev/norm/query_builder.go:869.52,871.6 1 0
github.com/kintsdev/norm/query_builder.go:873.4,873.43 1 0
github.com/kintsdev/norm/query_builder.go:875.3,875.51 1 1
github.com/kintsdev/norm/query_builder.go:875.51,877.4 1 0
github.com/kintsdev/norm/query_builder.go:878.3,878.40 1 1
github.com/kintsdev/norm/query_builder.go:881.2,883.41 3 1
github.com/kintsdev/norm/query_builder.go:883.41,884.24 1 0
github.com/kintsdev/norm/query_builder.go:885.26,886.73 1 0
github.com/kintsdev/norm/query_builder.go:887.26,887.26 0 0
github.com/kintsdev/norm/query_builder.go:888.18,889.21 1 0
github.com/kintsdev/norm/query_builder.go:889.21,891.5 1 0
github.com/kintsdev/norm/query_builder.go:894.2,894.26 1 1
github.com/kintsdev/norm/query_builder.go:894.26,896.3 1 0
github.com/kintsdev/norm/query_builder.go:897.2,897.16 1 1
github.com/kintsdev/norm/query_builder.go:897.16,898.42 1 0
github.com/kintsdev/norm/query_builder.go:898.42,899.51 1 0
github.com/kintsdev/norm/query_builder.go:899.51,903.5 3 0
github.com/kintsdev/norm/query_builder.go:905.3,905.42 1 0
github.com/kintsdev/norm/query_builder.go:907.2,908.26 2 1
github.com/kintsdev/norm/query_builder.go:909.25,911.19 2 1
github.com/kintsdev/norm/query_builder.go:911.19,913.18 2 1
github.com/kintsdev/norm/query_builder.go:913.18,915.5 1 0
github.com/kintsdev/norm/query_builder.go:916.4,918.27 3 1
github.com/kintsdev/norm/query_builder.go:918.27,920.5 1 1
github.com/kintsdev/norm/query_builder.go:921.4,922.11 2 1
github.com/kintsdev/norm/query_builder.go:924.3,924.36 1 1
github.com/kintsdev/norm/query_builder.go:924.36,926.4 1 0
github.com/kintsdev/norm/query_builder.go:927.3,927.51 1 1
github.com/kintsdev/norm/query_builder.go:927.51,929.4 1 0
github.com/kintsdev/norm/query_builder.go:930.3,930.20 1 1
github.com/kintsdev/norm/query_builder.go:931.10,932.104 1 0
github.com/kintsdev/norm/query_builder.go:937.72,942.2 4 2
github.com/kintsdev/norm/query_builder.go:944.55,955.24 10 3
github.com/kintsdev/norm/query_builder.go:955.24,962.3 5 3
github.com/kintsdev/norm/query_builder.go:963.2,963.31 1 3
github.com/kintsdev/norm/query_builder.go:963.31,966.3 2 2
github.com/kintsdev/norm/query_builder.go:967.2,967.26 1 3
github.com/kintsdev/norm/query_builder.go:970.82,971.40 1 2
github.com/kintsdev/norm/query_builder.go:971.40,973.3 1 0
github.com/kintsdev/norm/query_builder.go:974.2,974.23 1 2
github.com/kintsdev/norm/query_builder.go:974.23,976.3 1 0
github.com/kintsdev/norm/query_builder.go:977.2,977.16 1 2
github.com/kintsdev/norm/query_builder.go:977.16,979.3 1 0
github.com/kintsdev/norm/query_builder.go:980.2,981.32 2 2
github.com/kintsdev/norm/query_builder.go:981.32,984.27 3 1
github.com/kintsdev/norm/query_builder.go:984.27,986.4 1 0
github.com/kintsdev/norm/query_builder.go:987.3,987.17 1 1
github.com/kintsdev/norm/query_builder.go:987.17,989.4 1 0
github.com/kintsdev/norm/query_builder.go:990.3,990.51 1 1
github.com/kintsdev/norm/query_builder.go:990.51,992.4 1 0
github.com/kintsdev/norm/query_builder.go:993.3,993.40 1 1
github.com/kintsdev/norm/query_builder.go:995.2,997.41 3 1
github.com/kintsdev/norm/query_builder.go:997.41,998.24 1 0
github.com/kintsdev/norm/query_builder.go:999.26,1000.73 1 0
github.com/kintsdev/norm/query_builder.go:1001.26,1001.26 0 0
github.com/kintsdev/norm/query_builder.go:1002.18,1003.21 1 0
github.com/kintsdev/norm/query_builder.go:1003.21,1005.5 1 0
github.com/kintsdev/norm/query_builder.go:1008.2,1008.26 1 1
github.com/kintsdev/norm/query_builder.go:1008.26,1010.3 1 0
github.com/kintsdev/norm/query_builder.go:1011.2,1011.16 1 1
github.com/kintsdev/norm/query_builder.go:1011.16,1012.42 1 0
github.com/kintsdev/norm/query_builder.go:1012.42,1013.51 1 0
github.com/kintsdev/norm/query_builder.go:1013.51,1017.5 3 0
github.com/kintsdev/norm/query_builder.go:1019.3,1019.42 1 0
github.com/kintsdev/norm/query_builder.go:1021.2,1022.26 2 1
github.com/kintsdev/norm/query_builder.go:1023.25,1025.19 2 1
github.com/kintsdev/norm/query_builder.go:1025.19,1027.18 2 1
github.com/kintsdev/norm/query_builder.go:1027.18,1029.5 1 0
github.com/kintsdev/norm/query_builder.go:1030.4,1032.27 3 1
github.com/kintsdev/norm/query_builder.go:1032.27,1034.5 1 1
github.com/kintsdev/norm/query_builder.go:1035.4,1036.11 2 1
github.com/kintsdev/norm/query_builder.go:1038.3,1038.36 1 1
github.com/kintsdev/norm/query_builder.go:1038.36,1040.4 1 0
github.com/kintsdev/norm/query_builder.go:1041.3,1041.51 1 1
github.com/kintsdev/norm/query_builder.go:1041.51,1043.4 1 0
github.com/kintsdev/norm/query_builder.go:1044.3,1044.20 1 1
github.com/kintsdev/norm/query_builder.go:1045.10,1046.104 1 0
github.com/kintsdev/norm/query_builder.go:1051.86,1056.36 5 1
github.com/kintsdev/norm/query_builder.go:1056.36,1058.22 2 3
github.com/kintsdev/norm/query_builder.go:1058.22,1059.12 1 0
github.com/kintsdev/norm/query_builder.go:1061.3,1062.16 2 3
github.com/kintsdev/norm/query_builder.go:1062.16,1064.4 1 0
github.com/kintsdev/norm/query_builder.go:1066.3,1067.16 2 3
github.com/kintsdev/norm/query_builder.go:1067.16,1069.4 1 1
github.com/kintsdev/norm/query_builder.go:1070.3,1071.68 2 3
github.com/kintsdev/norm/query_builder.go:1071.68,1072.12 1 0
github.com/kintsdev/norm/query_builder.go:1074.3,1075.55 2 3
github.com/kintsdev/norm/query_builder.go:1075.55,1076.12 1 1
github.com/kintsdev/norm/query_builder.go:1078.3,1079.36 2 2
github.com/kintsdev/norm/query_builder.go:1081.2,1081.63 1 1
github.com/kintsdev/norm/query_builder.go:1085.107,1091.36 6 1
github.com/kintsdev/norm/query_builder.go:1091.36,1093.22 2 3
github.com/kintsdev/norm/query_builder.go:1093.22,1094.12 1 0
github.com/kintsdev/norm/query_builder.go:1096.3,1097.16 2 3
github.com/kintsdev/norm/query_builder.go:1097.16,1099.4 1 0
github.com/kintsdev/norm/query_builder.go:1100.3,1101.39 2 3
github.com/kintsdev/norm/query_builder.go:1101.39,1103.12 2 1
github.com/kintsdev/norm/query_builder.go:1105.3,1106.26 2 2
github.com/kintsdev/norm/query_builder.go:1108.2,1108.15 1 1
github.com/kintsdev/norm/query_builder.go:1108.15,1110.3 1 0
github.com/kintsdev/norm/query_builder.go:1111.2,1115.32 5 1
github.com/kintsdev/norm/query_builder.go:1118.75,1120.51 1 16
github.com/kintsdev/norm/query_builder.go:1120.51,1122.3 1 14
github.com/kintsdev/norm/query_builder.go:1124.2,1126.39 3 2
github.com/kintsdev/norm/query_builder.go:1126.39,1128.3 1 0
github.com/kintsdev/norm/query_builder.go:1130.2,1131.26 2 2
github.com/kintsdev/norm/query_builder.go:1131.26,1133.20 2 2
github.com/kintsdev/norm/query_builder.go:1133.20,1135.4 1 0
github.com/kintsdev/norm/query_builder.go:1136.3,1140.44 5 2
github.com/kintsdev/norm/query_builder.go:1142.2,1143.26 2 2
github.com/kintsdev/norm/query_builder.go:1143.26,1145.3 1 2
github.com/kintsdev/norm/query_builder.go:1146.2,1146.27 1 2
github.com/kintsdev/norm/query_builder.go:1146.27,1147.19 1 2
github.com/kintsdev/norm/query_builder.go:1147.19,1149.4 1 2
github.com/kintsdev/norm/query_builder.go:1150.3,1151.20 2 2
github.com/kintsdev/norm/query_builder.go:1151.20,1153.4 1 0
github.com/kintsdev/norm/query_builder.go:1154.3,1159.38 6 2
github.com/kintsdev/norm/query_builder.go:1161.2,1161.26 1 2
github.com/kintsdev/norm/relations.go:14.176,15.23 1 1
github.com/kintsdev/norm/relations.go:15.23,17.3 1 1
github.com/kintsdev/norm/relations.go:19.2,20.28 2 0
github.com/kintsdev/norm/relations.go:20.28,23.3 2 0
github.com/kintsdev/norm/relations.go:25.2,29.141 5 0
github.com/kintsdev/norm/relations.go:29.141,31.3 1 0
github.com/kintsdev/norm/relations.go:33.2,35.9 3 0
github.com/kintsdev/norm/relations.go:35.9,37.3 1 0
github.com/kintsdev/norm/relations.go:38.2,39.26 2 0
github.com/kintsdev/norm/relations.go:39.26,44.3 4 0
github.com/kintsdev/norm/relations.go:46.2,46.28 1 0
github.com/kintsdev/norm/relations.go:46.28,49.3 2 0
github.com/kintsdev/norm/relations.go:50.2,50.12 1 0
github.com/kintsdev/norm/relations.go:54.114,59.110 5 0
github.com/kintsdev/norm/relations.go:59.110,61.3 1 0
github.com/kintsdev/norm/relations.go:62.2,63.22 2 0
github.com/kintsdev/norm/relations.go:63.22,65.3 1 0
github.com/kintsdev/norm/relations.go:66.2,66.17 1 0
github.com/kintsdev/norm/repository.go:55.56,58.24 2 0
github.com/kintsdev/norm/repository.go:58.24,60.3 1 0
github.com/kintsdev/norm/repository.go:60.8,62.24 2 0
github.com/kintsdev/norm/repository.go:62.24,64.4 1 0
github.com/kintsdev/norm/repository.go:66.2,66.37 1 0
github.com/kintsdev/norm/repository.go:70.85,72.2 1 0
github.com/kintsdev/norm/repository.go:74.47,74.102 3 0
github.com/kintsdev/norm/repository.go:75.47,75.102 3 0
github.com/kintsdev/norm/repository.go:78.117,79.42 1 8
github.com/kintsdev/norm/repository.go:79.42,81.3 1 8
github.com/kintsdev/norm/repository.go:82.2,89.4 1 0
github.com/kintsdev/norm/repository.go:92.38,95.36 3 13
github.com/kintsdev/norm/repository.go:95.36,97.3 1 0
github.com/kintsdev/norm/repository.go:98.2,98.43 1 13
github.com/kintsdev/norm/repository.go:101.64,102.19 1 3
github.com/kintsdev/norm/repository.go:102.19,104.3 1 0
github.com/kintsdev/norm/repository.go:106.2,106.46 1 3
github.com/kintsdev/norm/repository.go:106.46,107.46 1 0
github.com/kintsdev/norm/repository.go:107.46,109.4 1 0
github.com/kintsdev/norm/repository.go:111.2,111.25 1 3
github.com/kintsdev/norm/repository.go:111.25,119.39 8 3
github.com/kintsdev/norm/repository.go:119.39,121.23 2 9
github.com/kintsdev/norm/repository.go:121.23,122.13 1 0
github.com/kintsdev/norm/repository.go:124.4,125.17 2 9
github.com/kintsdev/norm/repository.go:125.17,127.5 1 0
github.com/kintsdev/norm/repository.go:128.4,128.76 1 9
github.com/kintsdev/norm/repository.go:128.76,129.13 1 3
github.com/kintsdev/norm/repository.go:132.4,133.17 2 6
github.com/kintsdev/norm/repository.go:133.17,135.5 1 3
github.com/kintsdev/norm/repository.go:137.4,138.69 2 6
github.com/kintsdev/norm/repository.go:138.69,139.13 1 0
github.com/kintsdev/norm/repository.go:141.4,142.56 2 6
github.com/kintsdev/norm/repository.go:142.56,143.13 1 0
github.com/kintsdev/norm/repository.go:145.4,148.9 4 6
github.com/kintsdev/norm/repository.go:150.3,152.17 3 3
github.com/kintsdev/norm/repository.go:152.17,154.4 1 0
github.com/kintsdev/norm/repository.go:155.3,155.13 1 3
github.com/kintsdev/norm/repository.go:157.2,157.17 1 3
github.com/kintsdev/norm/repository.go:157.17,158.53 1 3
github.com/kintsdev/norm/repository.go:158.53,160.4 1 0
github.com/kintsdev/norm/repository.go:161.8,162.34 1 0
github.com/kintsdev/norm/repository.go:162.34,164.4 1 0
github.com/kintsdev/norm/repository.go:167.2,167.45 1 3
github.com/kintsdev/norm/repository.go:167.45,168.45 1 0
github.com/kintsdev/norm/repository.go:168.45,170.4 1 0
github.com/kintsdev/norm/repository.go:172.2,173.12 2 3
github.com/kintsdev/norm/repository.go:176.73,177.24 1 1
github.com/kintsdev/norm/repository.go:177.24,179.3 1 0
github.com/kintsdev/norm/repository.go:181.2,181.37 1 1
github.com/kintsdev/norm/repository.go:181.37,183.17 2 0
github.com/kintsdev/norm/repository.go:183.17,185.4 1 0
github.com/kintsdev/norm/repository.go:186.3,188.26 3 0
github.com/kintsdev/norm/repository.go:188.26,190.4 1 0
github.com/kintsdev/norm/repository.go:191.3,192.30 2 0
github.com/kintsdev/norm/repository.go:192.30,193.48 1 0
github.com/kintsdev/norm/repository.go:193.48,195.5 1 0
github.com/kintsdev/norm/repository.go:197.3,197.24 1 0
github.com/kintsdev/norm/repository.go:200.2,200.29 1 1
github.com/kintsdev/norm/repository.go:200.29,201.42 1 2
github.com/kintsdev/norm/repository.go:201.42,203.4 1 0
github.com/kintsdev/norm/repository.go:205.2,205.12 1 1
github.com/kintsdev/norm/repository.go:208.68,213.48 4 0
github.com/kintsdev/norm/repository.go:213.48,214.17 1 0
github.com/kintsdev/norm/repository.go:215.28,216.43 1 0
github.com/kintsdev/norm/repository.go:217.28,217.28 0 0
github.com/kintsdev/norm/repository.go:219.11,220.39 1 0
github.com/kintsdev/norm/repository.go:223.2,223.43 1 0
github.com/kintsdev/norm/repository.go:223.43,225.3 1 0
github.com/kintsdev/norm/repository.go:226.2,226.19 1 0
github.com/kintsdev/norm/repository.go:226.19,228.3 1 0
github.com/kintsdev/norm/repository.go:229.2,229.21 1 0
github.com/kintsdev/norm/repository.go:232.64,234.46 1 1
github.com/kintsdev/norm/repository.go:234.46,235.46 1 0
github.com/kintsdev/norm/repository.go:235.46,237.4 1 0
github.com/kintsdev/norm/repository.go:239.2,242.32 4 1
github.com/kintsdev/norm/repository.go:242.32,244.3 1 0
github.com/kintsdev/norm/repository.go:246.2,252.38 6 1
github.com/kintsdev/norm/repository.go:252.38,254.22 2 3
github.com/kintsdev/norm/repository.go:254.22,255.12 1 0
github.com/kintsdev/norm/repository.go:257.3,258.16 2 3
github.com/kintsdev/norm/repository.go:258.16,260.4 1 0
github.com/kintsdev/norm/repository.go:261.3,262.51 2 3
github.com/kintsdev/norm/repository.go:262.51,264.12 2 1
github.com/kintsdev/norm/repository.go:267.3,267.81 1 2
github.com/kintsdev/norm/repository.go:267.81,270.12 3 1
github.com/kintsdev/norm/repository.go:272.3,272.23 1 1
github.com/kintsdev/norm/repository.go:272.23,274.12 2 0
github.com/kintsdev/norm/repository.go:276.3,278.8 3 1
github.com/kintsdev/norm/repository.go:280.2,280.15 1 1
github.com/kintsdev/norm/repository.go:280.15,282.3 1 0
github.com/kintsdev/norm/repository.go:284.2,284.32 1 1
github.com/kintsdev/norm/repository.go:284.32,286.95 1 1
github.com/kintsdev/norm/repository.go:286.95,286.166 1 3
github.com/kintsdev/norm/repository.go:287.3,290.17 4 1
github.com/kintsdev/norm/repository.go:290.17,292.4 1 0
github.com/kintsdev/norm/repository.go:293.3,293.30 1 1
github.com/kintsdev/norm/repository.go:293.30,295.4 1 1
github.com/kintsdev/norm/repository.go:296.3,297.13 2 0
github.com/kintsdev/norm/repository.go:299.2,302.16 4 0
github.com/kintsdev/norm/repository.go:302.16,304.3 1 0
github.com/kintsdev/norm/repository.go:306.2,306.45 1 0
github.com/kintsdev/norm/repository.go:306.45,307.45 1 0
github.com/kintsdev/norm/repository.go:307.45,309.4 1 0
github.com/kintsdev/norm/repository.go:311.2,312.12 2 0
github.com/kintsdev/norm/repository.go:315.91,319.36 3 1
github.com/kintsdev/norm/repository.go:319.36,321.3 1 0
github.com/kintsdev/norm/repository.go:322.2,323.22 2 1
github.com/kintsdev/norm/repository.go:323.22,324.28 1 0
github.com/kintsdev/norm/repository.go:324.28,326.4 1 0
github.com/kintsdev/norm/repository.go:327.3,328.32 2 0
github.com/kintsdev/norm/repository.go:328.32,330.4 1 0
github.com/kintsdev/norm/repository.go:331.3,333.13 3 0
github.com/kintsdev/norm/repository.go:335.2,339.29 5 1
github.com/kintsdev/norm/repository.go:339.29,344.3 4 1
github.com/kintsdev/norm/repository.go:346.2,346.31 1 1
github.com/kintsdev/norm/repository.go:346.31,347.51 1 0
github.com/kintsdev/norm/repository.go:347.51,349.4 1 0
github.com/kintsdev/norm/repository.go:351.2,354.12 4 1
github.com/kintsdev/norm/repository.go:357.61,360.42 2 1
github.com/kintsdev/norm/repository.go:360.42,361.50 1 0
github.com/kintsdev/norm/repository.go:361.50,363.4 1 0
github.com/kintsdev/norm/repository.go:364.8,364.49 1 1
github.com/kintsdev/norm/repository.go:364.49,365.51 1 0
github.com/kintsdev/norm/repository.go:365.51,367.4 1 0
github.com/kintsdev/norm/repository.go:369.2,371.16 3 1
github.com/kintsdev/norm/repository.go:371.16,374.3 2 0
github.com/kintsdev/norm/repository.go:375.2,376.41 2 1
github.com/kintsdev/norm/repository.go:376.41,377.49 1 0
github.com/kintsdev/norm/repository.go:377.49,379.4 1 0
github.com/kintsdev/norm/repository.go:380.8,380.48 1 1
github.com/kintsdev/norm/repository.go:380.48,381.50 1 0
github.com/kintsdev/norm/repository.go:381.50,383.4 1 0
github.com/kintsdev/norm/repository.go:385.2,385.12 1 1
github.com/kintsdev/norm/repository.go:388.65,391.49 2 1
github.com/kintsdev/norm/repository.go:391.49,393.3 1 0
github.com/kintsdev/norm/repository.go:394.2,394.47 1 1
github.com/kintsdev/norm/repository.go:394.47,395.55 1 0
github.com/kintsdev/norm/repository.go:395.55,397.4 1 0
github.com/kintsdev/norm/repository.go:398.8,398.54 1 1
github.com/kintsdev/norm/repository.go:398.54,399.56 1 0
github.com/kintsdev/norm/repository.go:399.56,401.4 1 0
github.com/kintsdev/norm/repository.go:404.2,406.16 3 1
github.com/kintsdev/norm/repository.go:406.16,409.3 2 0
github.com/kintsdev/norm/repository.go:410.2,411.46 2 1
github.com/kintsdev/norm/repository.go:411.46,412.54 1 0
github.com/kintsdev/norm/repository.go:412.54,414.4 1 0
github.com/kintsdev/norm/repository.go:415.8,415.53 1 1
github.com/kintsdev/norm/repository.go:415.53,416.55 1 0
github.com/kintsdev/norm/repository.go:416.55,418.4 1 0
github.com/kintsdev/norm/repository.go:420.2,420.12 1 1
github.com/kintsdev/norm/repository.go:423.69,425.49 2 1
github.com/kintsdev/norm/repository.go:425.49,427.3 1 0
github.com/kintsdev/norm/repository.go:428.2,430.16 3 1
github.com/kintsdev/norm/repository.go:430.16,432.3 1 0
github.com/kintsdev/norm/repository.go:433.2,433.39 1 1
github.com/kintsdev/norm/repository.go:436.62,438.49 2 1
github.com/kintsdev/norm/repository.go:438.49,440.3 1 0
github.com/kintsdev/norm/repository.go:441.2,441.43 1 1
github.com/kintsdev/norm/repository.go:441.43,442.51 1 0
github.com/kintsdev/norm/repository.go:442.51,444.4 1 0
github.com/kintsdev/norm/repository.go:445.8,445.50 1 1
github.com/kintsdev/norm/repository.go:445.50,446.52 1 0
github.com/kintsdev/norm/repository.go:446.52,448.4 1 0
github.com/kintsdev/norm/repository.go:450.2,452.16 3 1
github.com/kintsdev/norm/repository.go:452.16,455.3 2 0
github.com/kintsdev/norm/repository.go:456.2,457.42 2 1
github.com/kintsdev/norm/repository.go:457.42,458.50 1 0
github.com/kintsdev/norm/repository.go:458.50,460.4 1 0
github.com/kintsdev/norm/repository.go:461.8,461.49 1 1
github.com/kintsdev/norm/repository.go:461.49,462.51 1 0
github.com/kintsdev/norm/repository.go:462.51,464.4 1 0
github.com/kintsdev/norm/repository.go:466.2,466.12 1 1
github.com/kintsdev/norm/repository.go:469.68,471.49 2 1
github.com/kintsdev/norm/repository.go:471.49,473.3 1 0
github.com/kintsdev/norm/repository.go:474.2,474.48 1 1
github.com/kintsdev/norm/repository.go:474.48,475.52 1 0
github.com/kintsdev/norm/repository.go:475.52,477.4 1 0
github.com/kintsdev/norm/repository.go:478.8,478.55 1 1
github.com/kintsdev/norm/repository.go:478.55,479.53 1 0
github.com/kintsdev/norm/repository.go:479.53,481.4 1 0
github.com/kintsdev/norm/repository.go:483.2,485.16 3 1
github.com/kintsdev/norm/repository.go:485.16,488.3 2 0
github.com/kintsdev/norm/repository.go:489.2,491.47 3 1
github.com/kintsdev/norm/repository.go:491.47,492.61 1 0
github.com/kintsdev/norm/repository.go:492.61,494.4 1 0
github.com/kintsdev/norm/repository.go:495.8,495.54 1 1
github.com/kintsdev/norm/repository.go:495.54,496.62 1 0
github.com/kintsdev/norm/repository.go:496.62,498.4 1 0
github.com/kintsdev/norm/repository.go:500.2,500.22 1 1
github.com/kintsdev/norm/repository.go:503.84,505.31 2 0
github.com/kintsdev/norm/repository.go:505.31,507.3 1 0
github.com/kintsdev/norm/repository.go:508.2,509.48 2 0
github.com/kintsdev/norm/repository.go:509.48,510.17 1 0
github.com/kintsdev/norm/repository.go:511.28,512.43 1 0
github.com/kintsdev/norm/repository.go:513.28,513.28 0 0
github.com/kintsdev/norm/repository.go:515.11,516.39 1 0
github.com/kintsdev/norm/repository.go:519.2,522.43 3 0
github.com/kintsdev/norm/repository.go:522.43,524.3 1 0
github.com/kintsdev/norm/repository.go:525.2,525.21 1 0
github.com/kintsdev/norm/repository.go:525.21,527.3 1 0
github.com/kintsdev/norm/repository.go:528.2,528.17 1 0
github.com/kintsdev/norm/repository.go:531.85,533.31 2 0
github.com/kintsdev/norm/repository.go:533.31,535.3 1 0
github.com/kintsdev/norm/repository.go:536.2,537.48 2 0
github.com/kintsdev/norm/repository.go:537.48,538.17 1 0
github.com/kintsdev/norm/repository.go:539.28,540.43 1 0
github.com/kintsdev/norm/repository.go:541.28,541.28 0 0
github.com/kintsdev/norm/repository.go:543.11,544.39 1 0
github.com/kintsdev/norm/repository.go:547.2,548.43 2 0
github.com/kintsdev/norm/repository.go:548.43,550.3 1 0
github.com/kintsdev/norm/repository.go:551.2,551.19 1 0
github.com/kintsdev/norm/repository.go:551.19,553.3 1 0
github.com/kintsdev/norm/repository.go:554.2,554.21 1 0
github.com/kintsdev/norm/repository.go:557.86,559.31 2 0
github.com/kintsdev/norm/repository.go:559.31,561.3 1 0
github.com/kintsdev/norm/repository.go:562.2,563.48 2 0
github.com/kintsdev/norm/repository.go:563.48,564.17 1 0
github.com/kintsdev/norm/repository.go:565.28,566.43 1 0
github.com/kintsdev/norm/repository.go:567.28,567.28 0 0
github.com/kintsdev/norm/repository.go:569.11,570.39 1 0
github.com/kintsdev/norm/repository.go:573.2,574.44 2 0
github.com/kintsdev/norm/repository.go:574.44,576.3 1 0
github.com/kintsdev/norm/repository.go:577.2,577.20 1 0
github.com/kintsdev/norm/repository.go:577.20,579.3 1 0
github.com/kintsdev/norm/repository.go:580.2,580.38 1 0
github.com/kintsdev/norm/repository.go:581.13,582.16 1 0
github.com/kintsdev/norm/repository.go:583.13,584.23 1 0
github.com/kintsdev/norm/repository.go:585.11,586.23 1 0
github.com/kintsdev/norm/repository.go:587.10,588.16 1 0
github.com/kintsdev/norm/repository.go:592.86,595.2 2 0
github.com/kintsdev/norm/repository.go:613.109,615.16 2 0
github.com/kintsdev/norm/repository.go:615.16,617.3 1 0
github.com/kintsdev/norm/repository.go:618.2,619.31 2 0
github.com/kintsdev/norm/repository.go:619.31,621.3 1 0
github.com/kintsdev/norm/repository.go:622.2,623.48 2 0
github.com/kintsdev/norm/repository.go:623.48,624.17 1 0
github.com/kintsdev/norm/repository.go:625.28,626.43 1 0
github.com/kintsdev/norm/repository.go:627.28,627.28 0 0
github.com/kintsdev/norm/repository.go:628.11,629.39 1 0
github.com/kintsdev/norm/repository.go:632.2,632.24 1 0
github.com/kintsdev/norm/repository.go:632.24,634.3 1 0
github.com/kintsdev/norm/repository.go:635.2,635.20 1 0
github.com/kintsdev/norm/repository.go:635.20,637.3 1 0
github.com/kintsdev/norm/repository.go:638.2,638.21 1 0
github.com/kintsdev/norm/repository.go:638.21,640.3 1 0
github.com/kintsdev/norm/repository.go:641.2,642.43 2 0
github.com/kintsdev/norm/repository.go:642.43,644.3 1 0
github.com/kintsdev/norm/repository.go:645.2,646.21 2 0
github.com/kintsdev/norm/repository.go:646.21,648.3 1 0
github.com/kintsdev/norm/repository.go:649.2,649.89 1 0
github.com/kintsdev/norm/repository.go:654.104,656.29 2 0
github.com/kintsdev/norm/repository.go:656.29,658.17 2 0
github.com/kintsdev/norm/repository.go:658.17,660.4 1 0
github.com/kintsdev/norm/repository.go:661.3,661.28 1 0
github.com/kintsdev/norm/repository.go:664.2,665.16 2 0
github.com/kintsdev/norm/repository.go:665.16,667.3 1 0
github.com/kintsdev/norm/repository.go:668.2,671.16 4 0
github.com/kintsdev/norm/repository.go:671.16,673.3 1 0
github.com/kintsdev/norm/repository.go:674.2,674.15 1 0
github.com/kintsdev/norm/repository.go:677.86,682.30 5 2
github.com/kintsdev/norm/repository.go:682.30,684.10 2 3
github.com/kintsdev/norm/repository.go:684.10,686.4 1 1
github.com/kintsdev/norm/repository.go:687.3,687.50 1 2
github.com/kintsdev/norm/repository.go:689.2,689.17 1 1
github.com/kintsdev/norm/repository.go:693.108,695.46 1 1
github.com/kintsdev/norm/repository.go:695.46,696.46 1 0
github.com/kintsdev/norm/repository.go:696.46,698.4 1 0
github.com/kintsdev/norm/repository.go:701.2,708.38 8 1
github.com/kintsdev/norm/repository.go:708.38,710.22 2 3
github.com/kintsdev/norm/repository.go:710.22,711.12 1 0
github.com/kintsdev/norm/repository.go:713.3,714.16 2 3
github.com/kintsdev/norm/repository.go:714.16,716.4 1 0
github.com/kintsdev/norm/repository.go:717.3,717.75 1 3
github.com/kintsdev/norm/repository.go:717.75,718.12 1 1
github.com/kintsdev/norm/repository.go:720.3,723.8 4 2
github.com/kintsdev/norm/repository.go:725.2,726.31 2 1
github.com/kintsdev/norm/repository.go:726.31,729.3 2 1
github.com/kintsdev/norm/repository.go:730.2,732.16 3 1
github.com/kintsdev/norm/repository.go:732.16,734.3 1 0
github.com/kintsdev/norm/repository.go:736.2,736.45 1 1
github.com/kintsdev/norm/repository.go:736.45,737.45 1 0
github.com/kintsdev/norm/repository.go:737.45,739.4 1 0
github.com/kintsdev/norm/repository.go:741.2,742.12 2 1
github.com/kintsdev/norm/repository.go:746.72,747.36 1 3
github.com/kintsdev/norm/repository.go:747.36,749.3 1 0
github.com/kintsdev/norm/repository.go:750.2,751.30 2 3
github.com/kintsdev/norm/repository.go:751.30,752.22 1 9
github.com/kintsdev/norm/repository.go:752.22,753.12 1 0
github.com/kintsdev/norm/repository.go:756.3,757.16 2 9
github.com/kintsdev/norm/repository.go:757.16,759.4 1 3
github.com/kintsdev/norm/repository.go:760.3,761.68 2 9
github.com/kintsdev/norm/repository.go:761.68,762.12 1 0
github.com/kintsdev/norm/repository.go:764.3,764.16 1 9
github.com/kintsdev/norm/repository.go:764.16,765.12 1 3
github.com/kintsdev/norm/repository.go:767.3,768.24 2 6
github.com/kintsdev/norm/repository.go:768.24,770.47 2 9
github.com/kintsdev/norm/repository.go:770.47,772.18 2 1
github.com/kintsdev/norm/repository.go:772.18,774.6 1 0
github.com/kintsdev/norm/repository.go:775.5,775.20 1 1
github.com/kintsdev/norm/repository.go:779.2,779.12 1 3
github.com/kintsdev/norm/rls.go:12.82,15.16 3 0
github.com/kintsdev/norm/rls.go:15.16,17.3 1 0
github.com/kintsdev/norm/rls.go:18.2,18.12 1 0
github.com/kintsdev/norm/rls.go:22.77,25.16 3 0
github.com/kintsdev/norm/rls.go:25.16,27.3 1 0
github.com/kintsdev/norm/rls.go:28.2,28.12 1 0
github.com/kintsdev/norm/rls.go:33.70,36.16 3 0
github.com/kintsdev/norm/rls.go:36.16,38.3 1 0
github.com/kintsdev/norm/rls.go:39.2,39.12 1 0
github.com/kintsdev/norm/rls.go:43.59,45.16 2 0
github.com/kintsdev/norm/rls.go:45.16,47.3 1 0
github.com/kintsdev/norm/rls.go:48.2,48.12 1 0
github.com/kintsdev/norm/rls.go:60.104,62.16 2 0
github.com/kintsdev/norm/rls.go:62.16,64.3 1 0
github.com/kintsdev/norm/rls.go:65.2,68.20 2 0
github.com/kintsdev/norm/rls.go:68.20,70.50 2 0
github.com/kintsdev/norm/rls.go:70.50,73.4 2 0
github.com/kintsdev/norm/rls.go:77.2,77.42 1 0
github.com/kintsdev/norm/rls.go:77.42,79.50 2 0
github.com/kintsdev/norm/rls.go:79.50,82.4 2 0
github.com/kintsdev/norm/rls.go:86.2,86.32 1 0
github.com/kintsdev/norm/rls.go:86.32,89.3 2 0
github.com/kintsdev/norm/rls.go:91.2,91.24 1 0
github.com/kintsdev/norm/rls.go:95.41,98.26 2 0
github.com/kintsdev/norm/rls.go:98.26,100.3 1 0
github.com/kintsdev/norm/rls.go:101.2,101.33 1 0
github.com/kintsdev/norm/rls.go:105.45,109.2 2 0
github.com/kintsdev/norm/transaction.go:26.37,26.66 1 0
github.com/kintsdev/norm/transaction.go:33.95,35.16 2 0
github.com/kintsdev/norm/transaction.go:35.16,37.3 1 0
github.com/kintsdev/norm/transaction.go:38.2,38.32 1 0
github.com/kintsdev/norm/transaction.go:38.32,41.3 2 0
github.com/kintsdev/norm/transaction.go:42.2,42.24 1 0
github.com/kintsdev/norm/transaction.go:45.88,47.16 2 0
github.com/kintsdev/norm/transaction.go:47.16,49.3 1 0
github.com/kintsdev/norm/transaction.go:50.2,50.39 1 0
github.com/kintsdev/norm/transaction.go:53.54,53.81 1 0
github.com/kintsdev/norm/transaction.go:54.54,54.83 1 0
github.com/kintsdev/norm/transaction.go:56.58,58.2 1 0
github.com/kintsdev/norm/transaction.go:60.36,61.25 1 0
github.com/kintsdev/norm/transaction.go:61.25,63.3 1 0
github.com/kintsdev/norm/transaction.go:64.2,64.13 1 0
github.com/kintsdev/norm/transaction.go:66.40,68.25 2 0
github.com/kintsdev/norm/transaction.go:68.25,70.3 1 0
github.com/kintsdev/norm/transaction.go:70.8,72.3 1 0
github.com/kintsdev/norm/transaction.go:73.2,73.11 1 0
github.com/kintsdev/norm/examples/main.go:32.13,51.16 4 0
github.com/kintsdev/norm/examples/main.go:51.16,53.3 1 0
github.com/kintsdev/norm/examples/main.go:54.2,54.15 1 0
github.com/kintsdev/norm/examples/main.go:54.15,54.33 1 0
github.com/kintsdev/norm/examples/main.go:57.2,57.39 1 0
github.com/kintsdev/norm/examples/main.go:57.39,59.3 1 0
github.com/kintsdev/norm/examples/main.go:62.2,62.60 1 0
github.com/kintsdev/norm/examples/main.go:62.60,64.3 1 0
github.com/kintsdev/norm/examples/main.go:66.2,66.102 1 0
github.com/kintsdev/norm/examples/main.go:66.102,68.3 1 0
github.com/kintsdev/norm/examples/main.go:70.2,74.65 3 0
github.com/kintsdev/norm/examples/main.go:74.65,76.3 1 0
github.com/kintsdev/norm/examples/main.go:79.2,97.16 11 0
github.com/kintsdev/norm/examples/main.go:97.16,102.3 3 0
github.com/kintsdev/norm/examples/main.go:104.2,113.16 6 0
github.com/kintsdev/norm/examples/main.go:113.16,118.3 4 0
github.com/kintsdev/norm/examples/main.go:119.2,142.23 12 0
github.com/kintsdev/norm/examples/main.go:142.23,145.3 2 0
github.com/kintsdev/norm/examples/main.go:148.2,178.67 16 0
github.com/kintsdev/norm/examples/main.go:178.67,182.3 3 0
github.com/kintsdev/norm/examples/main.go:184.2,185.16 2 0
github.com/kintsdev/norm/examples/main.go:185.16,189.3 3 0
github.com/kintsdev/norm/examples/main.go:193.2,197.25 5 0
github.com/kintsdev/norm/examples/main.go:197.25,199.3 1 0
github.com/kintsdev/norm/examples/main.go:200.2,200.61 1 0
github.com/kintsdev/norm/examples/main.go:200.61,200.76 1 0
github.com/kintsdev/norm/examples/main.go:200.118,203.3 1 0
github.com/kintsdev/norm/examples/main.go:204.2,209.50 4 0
github.com/kintsdev/norm/examples/blog/main.go:47.13,50.16 3 0
github.com/kintsdev/norm/examples/blog/main.go:50.16,52.3 1 0
github.com/kintsdev/norm/examples/blog/main.go:53.2,55.69 2 0
github.com/kintsdev/norm/examples/blog/main.go:55.69,57.3 1 0
github.com/kintsdev/norm/examples/blog/main.go:59.2,60.72 2 0
github.com/kintsdev/norm/examples/blog/main.go:60.72,60.98 1 0
github.com/kintsdev/norm/examples/blog/main.go:61.2,61.73 1 0
github.com/kintsdev/norm/examples/blog/main.go:61.73,61.102 1 0
github.com/kintsdev/norm/examples/blog/main.go:62.2,62.72 1 0
github.com/kintsdev/norm/examples/blog/main.go:62.72,62.98 1 0
github.com/kintsdev/norm/examples/blog/main.go:63.2,63.73 1 0
github.com/kintsdev/norm/examples/blog/main.go:63.73,63.102 1 0
github.com/kintsdev/norm/examples/blog/main.go:64.2,64.75 1 0
github.com/kintsdev/norm/examples/blog/main.go:64.75,64.104 1 0
github.com/kintsdev/norm/examples/blog/main.go:65.2,65.76 1 0
github.com/kintsdev/norm/examples/blog/main.go:65.76,65.108 1 0
github.com/kintsdev/norm/examples/blog/main.go:67.2,68.106 2 0
github.com/kintsdev/norm/examples/blog/main.go:68.106,70.3 1 0
github.com/kintsdev/norm/examples/blog/main.go:73.54,74.71 1 0
github.com/kintsdev/norm/examples/blog/main.go:74.71,77.3 2 0
github.com/kintsdev/norm/examples/blog/main.go:81.79,84.18 3 0
github.com/kintsdev/norm/examples/blog/main.go:85.22,87.17 2 0
github.com/kintsdev/norm/examples/blog/main.go:87.17,90.4 2 0
github.com/kintsdev/norm/examples/blog/main.go:91.3,91.37 1 0
github.com/kintsdev/norm/examples/blog/main.go:92.23,97.61 2 0
github.com/kintsdev/norm/examples/blog/main.go:97.61,100.4 2 0
github.com/kintsdev/norm/examples/blog/main.go:101.3,102.45 2 0
github.com/kintsdev/norm/examples/blog/main.go:102.45,105.4 2 0
github.com/kintsdev/norm/examples/blog/main.go:107.3,108.17 2 0
github.com/kintsdev/norm/examples/blog/main.go:108.17,111.4 2 0
github.com/kintsdev/norm/examples/blog/main.go:112.3,112.44 1 0
github.com/kintsdev/norm/examples/blog/main.go:113.10,114.48 1 0
github.com/kintsdev/norm/examples/blog/main.go:118.82,121.16 3 0
github.com/kintsdev/norm/examples/blog/main.go:121.16,124.3 2 0
github.com/kintsdev/norm/examples/blog/main.go:125.2,126.18 2 0
github.com/kintsdev/norm/examples/blog/main.go:127.22,129.17 2 0
github.com/kintsdev/norm/examples/blog/main.go:129.17,132.4 2 0
github.com/kintsdev/norm/examples/blog/main.go:133.3,133.33 1 0
github.com/kintsdev/norm/examples/blog/main.go:134.22,136.61 2 0
github.com/kintsdev/norm/examples/blog/main.go:136.61,139.4 2 0
github.com/kintsdev/norm/examples/blog/main.go:141.3,142.30 2 0
github.com/kintsdev/norm/examples/blog/main.go:142.30,143.31 1 0
github.com/kintsdev/norm/examples/blog/main.go:143.31,145.5 1 0
github.com/kintsdev/norm/examples/blog/main.go:147.3,147.31 1 0
github.com/kintsdev/norm/examples/blog/main.go:147.31,148.31 1 0
github.com/kintsdev/norm/examples/blog/main.go:148.31,150.5 1 0
github.com/kintsdev/norm/examples/blog/main.go:152.3,152.58 1 0
github.com/kintsdev/norm/examples/blog/main.go:152.58,155.4 2 0
github.com/kintsdev/norm/examples/blog/main.go:156.3,157.17 2 0
github.com/kintsdev/norm/examples/blog/main.go:157.17,160.4 2 0
github.com/kintsdev/norm/examples/blog/main.go:161.3,161.33 1 0
github.com/kintsdev/norm/examples/blog/main.go:162.25,163.46 1 0
github.com/kintsdev/norm/examples/blog/main.go:163.46,166.4 2 0
github.com/kintsdev/norm/examples/blog/main.go:167.3,167.38 1 0
github.com/kintsdev/norm/examples/blog/main.go:168.10,169.48 1 0
github.com/kintsdev/norm/examples/blog/main.go:174.79,177.18 3 0
github.com/kintsdev/norm/examples/blog/main.go:178.22,180.59 1 0
github.com/kintsdev/norm/examples/blog/main.go:180.59,182.18 2 0
github.com/kintsdev/norm/examples/blog/main.go:182.18,185.5 2 0
github.com/kintsdev/norm/examples/blog/main.go:186.4,187.18 2 0
github.com/kintsdev/norm/examples/blog/main.go:187.18,190.5 2 0
github.com/kintsdev/norm/examples/blog/main.go:191.4,192.10 2 0
github.com/kintsdev/norm/examples/blog/main.go:194.3,195.17 2 0
github.com/kintsdev/norm/examples/blog/main.go:195.17,198.4 2 0
github.com/kintsdev/norm/examples/blog/main.go:199.3,199.37 1 0
github.com/kintsdev/norm/examples/blog/main.go:200.23,206.61 2 0
github.com/kintsdev/norm/examples/blog/main.go:206.61,209.4 2 0
github.com/kintsdev/norm/examples/blog/main.go:210.3,211.45 2 0
github.com/kintsdev/norm/examples/blog/main.go:211.45,214.4 2 0
github.com/kintsdev/norm/examples/blog/main.go:216.3,217.17 2 0
github.com/kintsdev/norm/examples/blog/main.go:217.17,220.4 2 0
github.com/kintsdev/norm/examples/blog/main.go:221.3,221.44 1 0
github.com/kintsdev/norm/examples/blog/main.go:222.10,223.48 1 0
github.com/kintsdev/norm/examples/blog/main.go:227.82,230.16 3 0
github.com/kintsdev/norm/examples/blog/main.go:230.16,233.3 2 0
github.com/kintsdev/norm/examples/blog/main.go:234.2,235.18 2 0
github.com/kintsdev/norm/examples/blog/main.go:236.22,238.17 2 0
github.com/kintsdev/norm/examples/blog/main.go:238.17,241.4 2 0
github.com/kintsdev/norm/examples/blog/main.go:242.3,242.33 1 0
github.com/kintsdev/norm/examples/blog/main.go:243.22,245.61 2 0
github.com/kintsdev/norm/examples/blog/main.go:245.61,248.4 2 0
github.com/kintsdev/norm/examples/blog/main.go:249.3,250.40 2 0
github.com/kintsdev/norm/examples/blog/main.go:250.40,252.4 1 0
github.com/kintsdev/norm/examples/blog/main.go:253.3,253.42 1 0
github.com/kintsdev/norm/examples/blog/main.go:253.42,255.4 1 0
github.com/kintsdev/norm/examples/blog/main.go:256.3,256.33 1 0
github.com/kintsdev/norm/examples/blog/main.go:256.33,257.26 1 0
github.com/kintsdev/norm/examples/blog/main.go:258.17,259.31 1 0
github.com/kintsdev/norm/examples/blog/main.go:260.15,261.24 1 0
github.com/kintsdev/norm/examples/blog/main.go:264.3,264.58 1 0
github.com/kintsdev/norm/examples/blog/main.go:264.58,267.4 2 0
github.com/kintsdev/norm/examples/blog/main.go:268.3,269.17 2 0
github.com/kintsdev/norm/examples/blog/main.go:269.17,272.4 2 0
github.com/kintsdev/norm/examples/blog/main.go:273.3,273.33 1 0
github.com/kintsdev/norm/examples/blog/main.go:274.25,275.46 1 0
github.com/kintsdev/norm/examples/blog/main.go:275.46,278.4 2 0
github.com/kintsdev/norm/examples/blog/main.go:279.3,279.38 1 0
github.com/kintsdev/norm/examples/blog/main.go:280.10,281.48 1 0
github.com/kintsdev/norm/examples/blog/main.go:286.82,289.18 3 0
github.com/kintsdev/norm/examples/blog/main.go:290.22,292.47 2 0
github.com/kintsdev/norm/examples/blog/main.go:292.47,294.18 2 0
github.com/kintsdev/norm/examples/blog/main.go:294.18,297.5 2 0
github.com/kintsdev/norm/examples/blog/main.go:298.4,299.18 2 0
github.com/kintsdev/norm/examples/blog/main.go:299.18,302.5 2 0
github.com/kintsdev/norm/examples/blog/main.go:303.4,304.10 2 0
github.com/kintsdev/norm/examples/blog/main.go:306.3,307.17 2 0
github.com/kintsdev/norm/examples/blog/main.go:307.17,310.4 2 0
github.com/kintsdev/norm/examples/blog/main.go:311.3,311.34 1 0
github.com/kintsdev/norm/examples/blog/main.go:312.23,318.61 2 0
github.com/kintsdev/norm/examples/blog/main.go:318.61,321.4 2 0
github.com/kintsdev/norm/examples/blog/main.go:322.3,323.45 2 0
github.com/kintsdev/norm/examples/blog/main.go:323.45,326.4 2 0
github.com/kintsdev/norm/examples/blog/main.go:327.3,328.17 2 0
github.com/kintsdev/norm/examples/blog/main.go:328.17,331.4 2 0
github.com/kintsdev/norm/examples/blog/main.go:332.3,332.44 1 0
github.com/kintsdev/norm/examples/blog/main.go:333.10,334.48 1 0
github.com/kintsdev/norm/examples/blog/main.go:338.85,341.16 3 0
github.com/kintsdev/norm/examples/blog/main.go:341.16,344.3 2 0
github.com/kintsdev/norm/examples/blog/main.go:345.2,346.18 2 0
github.com/kintsdev/norm/examples/blog/main.go:347.22,349.17 2 0
github.com/kintsdev/norm/examples/blog/main.go:349.17,352.4 2 0
github.com/kintsdev/norm/examples/blog/main.go:353.3,353.33 1 0
github.com/kintsdev/norm/examples/blog/main.go:354.22,356.61 2 0
github.com/kintsdev/norm/examples/blog/main.go:356.61,359.4 2 0
github.com/kintsdev/norm/examples/blog/main.go:360.3,361.39 2 0
github.com/kintsdev/norm/examples/blog/main.go:361.39,363.4 1 0
github.com/kintsdev/norm/examples/blog/main.go:364.3,364.33 1 0
github.com/kintsdev/norm/examples/blog/main.go:364.33,365.26 1 0
github.com/kintsdev/norm/examples/blog/main.go:366.17,367.31 1 0
github.com/kintsdev/norm/examples/blog/main.go:368.15,369.24 1 0
github.com/kintsdev/norm/examples/blog/main.go:372.3,372.33 1 0
github.com/kintsdev/norm/examples/blog/main.go:372.33,373.26 1 0
github.com/kintsdev/norm/examples/blog/main.go:374.17,375.31 1 0
github.com/kintsdev/norm/examples/blog/main.go:376.15,377.24 1 0
github.com/kintsdev/norm/examples/blog/main.go:380.3,380.58 1 0
github.com/kintsdev/norm/examples/blog/main.go:380.58,383.4 2 0
github.com/kintsdev/norm/examples/blog/main.go:384.3,385.17 2 0
github.com/kintsdev/norm/examples/blog/main.go:385.17,388.4 2 0
github.com/kintsdev/norm/examples/blog/main.go:389.3,389.33 1 0
github.com/kintsdev/norm/examples/blog/main.go:390.25,391.46 1 0
github.com/kintsdev/norm/examples/blog/main.go:391.46,394.4 2 0
github.com/kintsdev/norm/examples/blog/main.go:395.3,395.38 1 0
github.com/kintsdev/norm/examples/blog/main.go:396.10,397.48 1 0
github.com/kintsdev/norm/examples/blog/main.go:401.50,403.20 2 0
github.com/kintsdev/norm/examples/blog/main.go:403.20,405.3 1 0
github.com/kintsdev/norm/examples/blog/main.go:406.2,406.54 1 0
github.com/kintsdev/norm/examples/blog/main.go:409.61,410.16 1 0
github.com/kintsdev/norm/examples/blog/main.go:410.16,413.3 2 0
github.com/kintsdev/norm/examples/blog/main.go:414.2,415.66 2 0
github.com/kintsdev/norm/examples/blog/main.go:418.58,421.2 2 0
github.com/kintsdev/norm/examples/composite_unique/main.go:17.13,20.16 3 0
github.com/kintsdev/norm/examples/composite_unique/main.go:20.16,22.3 1 0
github.com/kintsdev/norm/examples/composite_unique/main.go:23.2,25.51 2 0
github.com/kintsdev/norm/examples/composite_unique/main.go:25.51,27.3 1 0
github.com/kintsdev/norm/examples/composite_unique/main.go:30.2,30.131 1 0
github.com/kintsdev/norm/examples/composite_unique/main.go:30.131,32.3 1 0
github.com/kintsdev/norm/examples/composite_unique/main.go:34.2,34.131 1 0
github.com/kintsdev/norm/examples/composite_unique/main.go:34.131,36.3 1 0
github.com/kintsdev/norm/examples/decimal/main.go:21.13,24.16 3 0
github.com/kintsdev/norm/examples/decimal/main.go:24.16,26.3 1 0
github.com/kintsdev/norm/examples/decimal/main.go:27.2,29.49 2 0
github.com/kintsdev/norm/examples/decimal/main.go:29.49,31.3 1 0
github.com/kintsdev/norm/examples/decimal/main.go:34.2,34.141 1 0
github.com/kintsdev/norm/examples/decimal/main.go:34.141,36.3 1 0
github.com/kintsdev/norm/examples/decimal/main.go:38.2,39.110 2 0
github.com/kintsdev/norm/examples/decimal/main.go:39.110,41.3 1 0
github.com/kintsdev/norm/examples/decimal/main.go:42.2,45.154 2 0
github.com/kintsdev/norm/examples/decimal/main.go:45.154,47.3 1 0
github.com/kintsdev/norm/examples/decimal/main.go:50.2,51.16 2 0
github.com/kintsdev/norm/examples/decimal/main.go:51.16,53.3 1 0
github.com/kintsdev/norm/examples/decimal/main.go:54.2,58.120 3 0
github.com/kintsdev/norm/examples/decimal/main.go:58.120,60.3 1 0
github.com/kintsdev/norm/examples/decimal/main.go:61.2,65.16 3 0
github.com/kintsdev/norm/examples/decimal/main.go:65.16,67.3 1 0
github.com/kintsdev/norm/examples/decimal/main.go:68.2,68.20 1 0
github.com/kintsdev/norm/examples/fk_actions/main.go:20.13,23.16 3 0
github.com/kintsdev/norm/examples/fk_actions/main.go:23.16,25.3 1 0
github.com/kintsdev/norm/examples/fk_actions/main.go:26.2,28.60 2 0
github.com/kintsdev/norm/examples/fk_actions/main.go:28.60,30.3 1 0
github.com/kintsdev/norm/examples/fk_actions/main.go:32.2,34.83 3 0
github.com/kintsdev/norm/examples/ignore_field/main.go:17.13,20.16 3 0
github.com/kintsdev/norm/examples/ignore_field/main.go:20.16,22.3 1 0
github.com/kintsdev/norm/examples/ignore_field/main.go:23.2,25.47 2 0
github.com/kintsdev/norm/examples/ignore_field/main.go:25.47,27.3 1 0
github.com/kintsdev/norm/examples/ignore_field/main.go:30.2,30.88 1 0
github.com/kintsdev/norm/examples/index_partial/main.go:18.13,21.16 3 0
github.com/kintsdev/norm/examples/index_partial/main.go:21.16,23.3 1 0
github.com/kintsdev/norm/examples/index_partial/main.go:24.2,26.54 2 0
github.com/kintsdev/norm/examples/index_partial/main.go:26.54,28.3 1 0
github.com/kintsdev/norm/examples/index_partial/main.go:31.2,31.128 1 0
github.com/kintsdev/norm/examples/index_partial/main.go:31.128,33.3 1 0
github.com/kintsdev/norm/examples/keyset_pagination/main.go:17.13,20.16 3 0
github.com/kintsdev/norm/examples/keyset_pagination/main.go:20.16,22.3 1 0
github.com/kintsdev/norm/examples/keyset_pagination/main.go:23.2,25.49 2 0
github.com/kintsdev/norm/examples/keyset_pagination/main.go:25.49,27.3 1 0
github.com/kintsdev/norm/examples/keyset_pagination/main.go:29.2,29.19 1 0
github.com/kintsdev/norm/examples/keyset_pagination/main.go:29.19,31.3 1 0
github.com/kintsdev/norm/examples/keyset_pagination/main.go:33.2,34.128 2 0
github.com/kintsdev/norm/examples/keyset_pagination/main.go:34.128,36.3 1 0
github.com/kintsdev/norm/examples/keyset_pagination/main.go:37.2,37.25 1 0
github.com/kintsdev/norm/examples/keyset_pagination/main.go:37.25,39.3 1 0
github.com/kintsdev/norm/examples/observability/main.go:16.13,34.68 3 0
github.com/kintsdev/norm/examples/observability/main.go:34.68,35.43 1 0
github.com/kintsdev/norm/examples/observability/main.go:35.43,37.5 1 0
github.com/kintsdev/norm/examples/observability/main.go:38.4,38.14 1 0
github.com/kintsdev/norm/examples/observability/main.go:47.2,47.16 1 0
github.com/kintsdev/norm/examples/observability/main.go:47.16,49.3 1 0
github.com/kintsdev/norm/examples/observability/main.go:50.2,50.15 1 0
github.com/kintsdev/norm/examples/observability/main.go:50.15,50.33 1 0
github.com/kintsdev/norm/examples/observability/main.go:52.2,52.39 1 0
github.com/kintsdev/norm/examples/observability/main.go:52.39,54.3 1 0
github.com/kintsdev/norm/examples/observability/main.go:57.2,61.98 3 0
github.com/kintsdev/norm/examples/observability/main.go:61.98,63.3 1 0
github.com/kintsdev/norm/examples/observability/main.go:64.2,74.12 7 0
github.com/kintsdev/norm/examples/observability/main.go:74.12,76.77 2 0
github.com/kintsdev/norm/examples/observability/main.go:76.77,78.4 1 0
github.com/kintsdev/norm/examples/observability/main.go:82.2,85.40 4 0
github.com/kintsdev/norm/examples/soft_delete/main.go:19.13,22.16 3 0
github.com/kintsdev/norm/examples/soft_delete/main.go:22.16,24.3 1 0
github.com/kintsdev/norm/examples/soft_delete/main.go:25.2,27.50 2 0
github.com/kintsdev/norm/examples/soft_delete/main.go:27.50,29.3 1 0
github.com/kintsdev/norm/examples/soft_delete/main.go:31.2,32.108 2 0
github.com/kintsdev/norm/examples/soft_delete/main.go:32.108,34.3 1 0
github.com/kintsdev/norm/examples/soft_delete/main.go:35.2,36.16 2 0
github.com/kintsdev/norm/examples/soft_delete/main.go:36.16,38.3 1 0
github.com/kintsdev/norm/examples/soft_delete/main.go:41.2,41.68 1 0
github.com/kintsdev/norm/examples/soft_delete/main.go:41.68,43.3 1 0
github.com/kintsdev/norm/examples/soft_delete/main.go:46.2,46.97 1 0
github.com/kintsdev/norm/examples/soft_delete/main.go:46.97,48.3 1 0
github.com/kintsdev/norm/examples/sql_migrations/main.go:12.13,16.15 3 0
github.com/kintsdev/norm/examples/sql_migrations/main.go:16.15,18.3 1 0
github.com/kintsdev/norm/examples/sql_migrations/main.go:20.2,21.16 2 0
github.com/kintsdev/norm/examples/sql_migrations/main.go:21.16,23.3 1 0
github.com/kintsdev/norm/examples/sql_migrations/main.go:24.2,28.61 3 0
github.com/kintsdev/norm/examples/sql_migrations/main.go:28.61,30.3 1 0
github.com/kintsdev/norm/examples/sql_migrations/main.go:32.2,32.134 1 0
github.com/kintsdev/norm/examples/tx/main.go:15.13,18.16 3 0
github.com/kintsdev/norm/examples/tx/main.go:18.16,20.3 1 0
github.com/kintsdev/norm/examples/tx/main.go:21.2,22.49 2 0
github.com/kintsdev/norm/examples/tx/main.go:22.49,24.3 1 0
github.com/kintsdev/norm/examples/tx/main.go:27.2,27.84 1 0
github.com/kintsdev/norm/examples/tx/main.go:27.84,28.125 1 0
github.com/kintsdev/norm/examples/tx/main.go:28.125,30.4 1 0
github.com/kintsdev/norm/examples/tx/main.go:31.3,31.82 1 0
[...]
github.com/kintsdev/norm/migration/manual.go:171.3,171.16 1 0
github.com/kintsdev/norm/migration/manual.go:171.16,173.4 1 0
github.com/kintsdev/norm/migration/manual.go:174.3,176.18 3 0
github.com/kintsdev/norm/migration/manual.go:176.18,178.4 1 0
github.com/kintsdev/norm/migration/manual.go:179.3,182.18 4 0
github.com/kintsdev/norm/migration/manual.go:182.18,184.4 1 0
github.com/kintsdev/norm/migration/manual.go:185.3,186.15 2 0
github.com/kintsdev/norm/migration/manual.go:186.15,189.4 2 0
github.com/kintsdev/norm/migration/manual.go:190.3,190.19 1 0
github.com/kintsdev/norm/migration/manual.go:190.19,194.4 3 0
github.com/kintsdev/norm/migration/manual.go:194.9,198.4 3 0
github.com/kintsdev/norm/migration/manual.go:199.3,199.13 1 0
github.com/kintsdev/norm/migration/manual.go:201.2,201.16 1 0
github.com/kintsdev/norm/migration/manual.go:201.16,203.3 1 0
github.com/kintsdev/norm/migration/manual.go:204.2,205.28 2 0
github.com/kintsdev/norm/migration/manual.go:205.28,207.3 1 0
github.com/kintsdev/norm/migration/manual.go:208.2,208.17 1 0
github.com/kintsdev/norm/migration/manual.go:211.46,214.26 3 2
github.com/kintsdev/norm/migration/manual.go:214.26,216.14 2 9
github.com/kintsdev/norm/migration/manual.go:216.14,217.12 1 5
github.com/kintsdev/norm/migration/manual.go:219.3,219.23 1 4
github.com/kintsdev/norm/migration/manual.go:221.2,221.12 1 2
github.com/kintsdev/norm/migration/manual.go:224.42,226.22 2 2
github.com/kintsdev/norm/migration/manual.go:226.22,227.25 1 8
github.com/kintsdev/norm/migration/manual.go:227.25,229.4 1 1
github.com/kintsdev/norm/migration/manual.go:230.3,230.26 1 7
github.com/kintsdev/norm/migration/manual.go:232.2,232.15 1 1
github.com/kintsdev/norm/migration/migrator.go:20.48,20.80 1 0
github.com/kintsdev/norm/migration/migrator.go:29.57,29.80 1 0
github.com/kintsdev/norm/migration/migrator.go:44.81,55.16 4 0
github.com/kintsdev/norm/migration/migrator.go:55.16,57.3 1 0
github.com/kintsdev/norm/migration/migrator.go:58.2,64.18 4 0
github.com/kintsdev/norm/migration/migrator.go:64.18,67.65 3 0
github.com/kintsdev/norm/migration/migrator.go:67.65,69.4 1 0
github.com/kintsdev/norm/migration/migrator.go:70.3,70.33 1 0
github.com/kintsdev/norm/migration/migrator.go:70.33,72.4 1 0
github.com/kintsdev/norm/migration/migrator.go:73.3,73.85 1 0
github.com/kintsdev/norm/migration/migrator.go:75.2,75.23 1 0
github.com/kintsdev/norm/migration/migrator.go:75.23,77.3 1 0
github.com/kintsdev/norm/migration/migrator.go:80.2,87.17 3 0
github.com/kintsdev/norm/migration/migrator.go:87.17,89.20 2 0
github.com/kintsdev/norm/migration/migrator.go:89.20,91.44 2 0
github.com/kintsdev/norm/migration/migrator.go:91.44,93.5 1 0
github.com/kintsdev/norm/migration/migrator.go:97.2,98.31 2 0
github.com/kintsdev/norm/migration/migrator.go:98.31,103.31 3 0
github.com/kintsdev/norm/migration/migrator.go:103.31,106.31 3 0
github.com/kintsdev/norm/migration/migrator.go:106.31,111.5 3 0
github.com/kintsdev/norm/migration/migrator.go:111.10,111.37 1 0
github.com/kintsdev/norm/migration/migrator.go:111.37,113.5 1 0
github.com/kintsdev/norm/migration/migrator.go:116.3,116.43 1 0
github.com/kintsdev/norm/migration/migrator.go:116.43,120.38 3 0
github.com/kintsdev/norm/migration/migrator.go:120.38,121.46 1 0
github.com/kintsdev/norm/migration/migrator.go:121.46,126.45 4 0
github.com/kintsdev/norm/migration/migrator.go:126.45,128.7 1 0
github.com/kintsdev/norm/migration/migrator.go:129.6,130.57 2 0
github.com/kintsdev/norm/migration/migrator.go:130.57,131.15 1 0
github.com/kintsdev/norm/migration/migrator.go:134.5,134.35 1 0
github.com/kintsdev/norm/migration/migrator.go:136.4,137.12 2 0
github.com/kintsdev/norm/migration/migrator.go:139.3,139.31 1 0
github.com/kintsdev/norm/migration/migrator.go:139.31,141.26 1 0
github.com/kintsdev/norm/migration/migrator.go:141.26,144.32 3 0
github.com/kintsdev/norm/migration/migrator.go:144.32,149.6 3 0
github.com/kintsdev/norm/migration/migrator.go:149.11,149.38 1 0
github.com/kintsdev/norm/migration/migrator.go:149.38,151.6 1 0
github.com/kintsdev/norm/migration/migrator.go:154.4,154.54 1 0
github.com/kintsdev/norm/migration/migrator.go:154.54,156.24 2 0
github.com/kintsdev/norm/migration/migrator.go:156.24,158.6 1 0
github.com/kintsdev/norm/migration/migrator.go:159.5,159.52 1 0
github.com/kintsdev/norm/migration/migrator.go:160.10,165.57 4 0
github.com/kintsdev/norm/migration/migrator.go:165.57,169.6 2 0
github.com/kintsdev/norm/migration/migrator.go:171.5,171.61 1 0
github.com/kintsdev/norm/migration/migrator.go:171.61,174.6 2 0
github.com/kintsdev/norm/migration/migrator.go:177.3,178.31 2 0
github.com/kintsdev/norm/migration/migrator.go:178.31,181.42 2 0
github.com/kintsdev/norm/migration/migrator.go:181.42,182.46 1 0
github.com/kintsdev/norm/migration/migrator.go:182.46,186.45 4 0
github.com/kintsdev/norm/migration/migrator.go:186.45,188.7 1 0
github.com/kintsdev/norm/migration/migrator.go:189.6,190.57 2 0
github.com/kintsdev/norm/migration/migrator.go:190.57,191.15 1 0
github.com/kintsdev/norm/migration/migrator.go:194.5,194.35 1 0
github.com/kintsdev/norm/migration/migrator.go:196.4,196.58 1 0
github.com/kintsdev/norm/migration/migrator.go:201.2,202.28 2 0
github.com/kintsdev/norm/migration/migrator.go:202.28,203.36 1 0
github.com/kintsdev/norm/migration/migrator.go:203.36,204.12 1 0
github.com/kintsdev/norm/migration/migrator.go:206.3,206.37 1 0
github.com/kintsdev/norm/migration/migrator.go:206.37,207.12 1 0
github.com/kintsdev/norm/migration/migrator.go:209.3,210.137 2 0
github.com/kintsdev/norm/migration/migrator.go:214.2,214.34 1 0
github.com/kintsdev/norm/migration/migrator.go:214.34,215.37 1 0
github.com/kintsdev/norm/migration/migrator.go:215.37,216.12 1 0
github.com/kintsdev/norm/migration/migrator.go:219.3,220.32 2 0
github.com/kintsdev/norm/migration/migrator.go:220.32,222.27 2 0
github.com/kintsdev/norm/migration/migrator.go:222.27,223.13 1 0
github.com/kintsdev/norm/migration/migrator.go:225.4,225.32 1 0
github.com/kintsdev/norm/migration/migrator.go:225.32,227.5 1 0
github.com/kintsdev/norm/migration/migrator.go:229.3,229.24 1 0
github.com/kintsdev/norm/migration/migrator.go:229.24,231.35 2 0
github.com/kintsdev/norm/migration/migrator.go:231.35,233.5 1 0
github.com/kintsdev/norm/migration/migrator.go:237.2,238.16 2 0
github.com/kintsdev/norm/migration/migrator.go:238.16,243.32 4 0
github.com/kintsdev/norm/migration/migrator.go:243.32,245.32 2 0
github.com/kintsdev/norm/migration/migrator.go:245.32,246.17 1 0
github.com/kintsdev/norm/migration/migrator.go:246.17,248.6 1 0
github.com/kintsdev/norm/migration/migrator.go:248.11,248.23 1 0
github.com/kintsdev/norm/migration/migrator.go:248.23,250.6 1 0
github.com/kintsdev/norm/migration/migrator.go:253.3,253.22 1 0
github.com/kintsdev/norm/migration/migrator.go:253.22,255.58 2 0
github.com/kintsdev/norm/migration/migrator.go:255.58,256.13 1 0
github.com/kintsdev/norm/migration/migrator.go:258.4,258.40 1 0
github.com/kintsdev/norm/migration/migrator.go:258.40,259.13 1 0
github.com/kintsdev/norm/migration/migrator.go:261.4,261.41 1 0
github.com/kintsdev/norm/migration/migrator.go:261.41,264.33 2 0
github.com/kintsdev/norm/migration/migrator.go:264.33,266.6 1 0
github.com/kintsdev/norm/migration/migrator.go:267.5,267.13 1 0
github.com/kintsdev/norm/migration/migrator.go:270.4,270.103 1 0
github.com/kintsdev/norm/migration/migrator.go:275.2,281.17 2 0
github.com/kintsdev/norm/migration/migrator.go:281.17,284.32 3 0
github.com/kintsdev/norm/migration/migrator.go:284.32,286.32 2 0
github.com/kintsdev/norm/migration/migrator.go:286.32,287.44 1 0
github.com/kintsdev/norm/migration/migrator.go:287.44,289.6 1 0
github.com/kintsdev/norm/migration/migrator.go:292.3,292.20 1 0
github.com/kintsdev/norm/migration/migrator.go:292.20,294.47 2 0
github.com/kintsdev/norm/migration/migrator.go:294.47,295.13 1 0
github.com/kintsdev/norm/migration/migrator.go:297.4,297.42 1 0
github.com/kintsdev/norm/migration/migrator.go:297.42,298.13 1 0
github.com/kintsdev/norm/migration/migrator.go:300.4,300.41 1 0
github.com/kintsdev/norm/migration/migrator.go:300.41,302.5 1 0
github.com/kintsdev/norm/migration/migrator.go:306.2,306.18 1 0
github.com/kintsdev/norm/migration/migrator.go:310.74,312.16 2 0
github.com/kintsdev/norm/migration/migrator.go:312.16,314.3 1 0
github.com/kintsdev/norm/migration/migrator.go:315.2,316.16 2 0
github.com/kintsdev/norm/migration/migrator.go:316.16,318.3 1 0
github.com/kintsdev/norm/migration/migrator.go:319.2,319.15 1 0
github.com/kintsdev/norm/migration/migrator.go:319.15,319.39 1 0
github.com/kintsdev/norm/migration/migrator.go:320.2,320.118 1 0
github.com/kintsdev/norm/migration/migrator.go:320.118,322.3 1 0
github.com/kintsdev/norm/migration/migrator.go:323.2,323.179 1 0
github.com/kintsdev/norm/migration/migrator.go:323.179,325.3 1 0
github.com/kintsdev/norm/migration/migrator.go:326.2,328.38 2 0
github.com/kintsdev/norm/migration/migrator.go:328.38,329.44 1 0
github.com/kintsdev/norm/migration/migrator.go:329.44,331.4 1 0
github.com/kintsdev/norm/migration/migrator.go:332.3,332.33 1 0
github.com/kintsdev/norm/migration/migrator.go:334.2,334.36 1 0
github.com/kintsdev/norm/migration/migrator.go:334.36,335.44 1 0
github.com/kintsdev/norm/migration/migrator.go:335.44,337.4 1 0
github.com/kintsdev/norm/migration/migrator.go:338.3,338.33 1 0
github.com/kintsdev/norm/migration/migrator.go:340.2,342.135 3 0
github.com/kintsdev/norm/migration/migrator.go:342.135,344.3 1 0
github.com/kintsdev/norm/migration/migrator.go:345.2,345.13 1 0
github.com/kintsdev/norm/migration/migrator.go:345.13,347.119 2 0
github.com/kintsdev/norm/migration/migrator.go:347.119,349.4 1 0
github.com/kintsdev/norm/migration/migrator.go:350.3,350.132 1 0
github.com/kintsdev/norm/migration/migrator.go:350.132,352.4 1 0
github.com/kintsdev/norm/migration/migrator.go:354.2,354.23 1 0
github.com/kintsdev/norm/migration/migrator.go:366.104,368.16 2 0
github.com/kintsdev/norm/migration/migrator.go:368.16,370.3 1 0
github.com/kintsdev/norm/migration/migrator.go:371.2,372.16 2 0
github.com/kintsdev/norm/migration/migrator.go:372.16,374.3 1 0
github.com/kintsdev/norm/migration/migrator.go:375.2,375.15 1 0
github.com/kintsdev/norm/migration/migrator.go:375.15,375.39 1 0
github.com/kintsdev/norm/migration/migrator.go:376.2,376.118 1 0
github.com/kintsdev/norm/migration/migrator.go:376.118,378.3 1 0
github.com/kintsdev/norm/migration/migrator.go:379.2,379.179 1 0
github.com/kintsdev/norm/migration/migrator.go:379.179,381.3 1 0
github.com/kintsdev/norm/migration/migrator.go:382.2,384.38 2 0
github.com/kintsdev/norm/migration/migrator.go:384.38,385.44 1 0
github.com/kintsdev/norm/migration/migrator.go:385.44,387.4 1 0
github.com/kintsdev/norm/migration/migrator.go:388.3,388.33 1 0
github.com/kintsdev/norm/migration/migrator.go:390.2,390.36 1 0
github.com/kintsdev/norm/migration/migrator.go:390.36,391.44 1 0
github.com/kintsdev/norm/migration/migrator.go:391.44,393.4 1 0
github.com/kintsdev/norm/migration/migrator.go:394.3,394.33 1 0
github.com/kintsdev/norm/migration/migrator.go:396.2,396.27 1 0
github.com/kintsdev/norm/migration/migrator.go:396.27,397.48 1 0
github.com/kintsdev/norm/migration/migrator.go:397.48,398.45 1 0
github.com/kintsdev/norm/migration/migrator.go:398.45,400.5 1 0
github.com/kintsdev/norm/migration/migrator.go:401.4,401.34 1 0
github.com/kintsdev/norm/migration/migrator.go:404.2,404.27 1 0
github.com/kintsdev/norm/migration/migrator.go:404.27,405.37 1 0
github.com/kintsdev/norm/migration/migrator.go:405.37,406.45 1 0
github.com/kintsdev/norm/migration/migrator.go:406.45,408.5 1 0
github.com/kintsdev/norm/migration/migrator.go:409.4,409.34 1 0
github.com/kintsdev/norm/migration/migrator.go:412.2,412.31 1 0
github.com/kintsdev/norm/migration/migrator.go:412.31,413.42 1 0
github.com/kintsdev/norm/migration/migrator.go:413.42,415.33 1 0
github.com/kintsdev/norm/migration/migrator.go:415.33,416.13 1 0
github.com/kintsdev/norm/migration/migrator.go:418.4,418.45 1 0
github.com/kintsdev/norm/migration/migrator.go:418.45,420.5 1 0
github.com/kintsdev/norm/migration/migrator.go:421.4,421.34 1 0
github.com/kintsdev/norm/migration/migrator.go:424.2,424.26 1 0
github.com/kintsdev/norm/migration/migrator.go:424.26,425.37 1 0
github.com/kintsdev/norm/migration/migrator.go:425.37,426.45 1 0
github.com/kintsdev/norm/migration/migrator.go:426.45,428.5 1 0
github.com/kintsdev/norm/migration/migrator.go:429.4,429.34 1 0
github.com/kintsdev/norm/migration/migrator.go:432.2,434.135 3 0
github.com/kintsdev/norm/migration/migrator.go:434.135,436.3 1 0
github.com/kintsdev/norm/migration/migrator.go:437.2,437.13 1 0
github.com/kintsdev/norm/migration/migrator.go:437.13,439.119 2 0
github.com/kintsdev/norm/migration/migrator.go:439.119,441.4 1 0
github.com/kintsdev/norm/migration/migrator.go:442.3,442.132 1 0
github.com/kintsdev/norm/migration/migrator.go:442.132,444.4 1 0
github.com/kintsdev/norm/migration/migrator.go:446.2,446.23 1 0
github.com/kintsdev/norm/migration/migrator.go:449.39,452.2 2 0
github.com/kintsdev/norm/migration/migrator.go:455.61,457.12 2 4
github.com/kintsdev/norm/migration/migrator.go:458.17,459.19 1 2
github.com/kintsdev/norm/migration/migrator.go:460.16,461.18 1 0
github.com/kintsdev/norm/migration/migrator.go:462.17,463.19 1 0
github.com/kintsdev/norm/migration/migrator.go:464.14,465.16 1 0
github.com/kintsdev/norm/migration/migrator.go:466.26,467.28 1 0
github.com/kintsdev/norm/migration/migrator.go:468.14,469.16 1 0
github.com/kintsdev/norm/migration/migrator.go:470.34,471.23 1 0
github.com/kintsdev/norm/migration/migrator.go:472.27,473.18 1 2
github.com/kintsdev/norm/migration/migrator.go:473.18,475.4 1 1
github.com/kintsdev/norm/migration/migrator.go:476.3,476.19 1 1
github.com/kintsdev/norm/migration/migrator.go:477.10,478.35 1 0
github.com/kintsdev/norm/migration/parser.go:59.40,63.22 4 10
github.com/kintsdev/norm/migration/parser.go:63.22,64.12 1 190
github.com/kintsdev/norm/migration/parser.go:65.12,67.18 2 6
github.com/kintsdev/norm/migration/parser.go:68.12,69.17 1 6
github.com/kintsdev/norm/migration/parser.go:69.17,71.5 1 6
github.com/kintsdev/norm/migration/parser.go:72.4,72.18 1 6
github.com/kintsdev/norm/migration/parser.go:73.12,74.18 1 8
github.com/kintsdev/norm/migration/parser.go:74.18,76.18 2 8
github.com/kintsdev/norm/migration/parser.go:76.18,78.6 1 8
github.com/kintsdev/norm/migration/parser.go:79.5,79.14 1 8
github.com/kintsdev/norm/migration/parser.go:80.10,82.5 1 0
github.com/kintsdev/norm/migration/parser.go:83.11,84.18 1 170
github.com/kintsdev/norm/migration/parser.go:87.2,87.49 1 10
github.com/kintsdev/norm/migration/parser.go:87.49,89.3 1 10
github.com/kintsdev/norm/migration/parser.go:90.2,90.15 1 10
github.com/kintsdev/norm/migration/parser.go:94.35,95.14 1 15
github.com/kintsdev/norm/migration/parser.go:95.14,97.3 1 0
github.com/kintsdev/norm/migration/parser.go:99.2,100.25 2 15
github.com/kintsdev/norm/migration/parser.go:103.35,105.22 2 2
github.com/kintsdev/norm/migration/parser.go:105.22,106.36 1 10
github.com/kintsdev/norm/migration/parser.go:106.36,108.4 1 2
github.com/kintsdev/norm/migration/parser.go:108.9,109.28 1 8
github.com/kintsdev/norm/migration/parser.go:109.28,111.5 1 0
github.com/kintsdev/norm/migration/parser.go:111.10,113.5 1 8
github.com/kintsdev/norm/migration/parser.go:116.2,116.20 1 2
github.com/kintsdev/norm/migration/parser.go:119.46,120.34 1 2
github.com/kintsdev/norm/migration/parser.go:120.34,122.3 1 0
github.com/kintsdev/norm/migration/parser.go:123.2,123.36 1 2
github.com/kintsdev/norm/migration/parser.go:126.38,128.34 2 2
github.com/kintsdev/norm/migration/parser.go:128.34,130.3 1 0
github.com/kintsdev/norm/migration/parser.go:131.2,133.38 2 2
github.com/kintsdev/norm/migration/parser.go:133.38,135.3 1 0
github.com/kintsdev/norm/migration/parser.go:137.2,137.40 1 2
github.com/kintsdev/norm/migration/parser.go:137.40,139.3 1 0
github.com/kintsdev/norm/migration/parser.go:140.2,140.28 1 2
github.com/kintsdev/norm/migration/parser.go:140.28,142.22 2 12
github.com/kintsdev/norm/migration/parser.go:142.22,143.12 1 0
github.com/kintsdev/norm/migration/parser.go:145.3,146.15 2 12
github.com/kintsdev/norm/migration/parser.go:146.15,148.4 1 0
github.com/kintsdev/norm/migration/parser.go:150.3,151.16 2 12
github.com/kintsdev/norm/migration/parser.go:151.16,153.4 1 2
github.com/kintsdev/norm/migration/parser.go:154.3,155.16 2 12
github.com/kintsdev/norm/migration/parser.go:155.16,159.31 3 10
github.com/kintsdev/norm/migration/parser.go:159.31,161.51 2 18
github.com/kintsdev/norm/migration/parser.go:161.51,163.11 2 0
github.com/kintsdev/norm/migration/parser.go:166.4,166.15 1 10
github.com/kintsdev/norm/migration/parser.go:166.15,167.13 1 0
github.com/kintsdev/norm/migration/parser.go:169.4,169.29 1 10
github.com/kintsdev/norm/migration/parser.go:169.29,171.12 2 18
github.com/kintsdev/norm/migration/parser.go:172.29,173.26 1 2
github.com/kintsdev/norm/migration/parser.go:174.64,176.65 2 0
github.com/kintsdev/norm/migration/parser.go:177.32,178.23 1 2
github.com/kintsdev/norm/migration/parser.go:179.24,180.22 1 2
github.com/kintsdev/norm/migration/parser.go:181.59,183.69 2 0
github.com/kintsdev/norm/migration/parser.go:184.64,185.68 1 0
github.com/kintsdev/norm/migration/parser.go:186.26,187.23 1 2
github.com/kintsdev/norm/migration/parser.go:188.43,190.24 2 0
github.com/kintsdev/norm/migration/parser.go:191.43,192.52 1 2
github.com/kintsdev/norm/migration/parser.go:193.23,194.21 1 2
github.com/kintsdev/norm/migration/parser.go:195.58,197.67 2 0
github.com/kintsdev/norm/migration/parser.go:198.64,199.68 1 0
github.com/kintsdev/norm/migration/parser.go:200.114,201.69 1 0
github.com/kintsdev/norm/migration/parser.go:202.62,203.55 1 2
github.com/kintsdev/norm/migration/parser.go:204.25,205.26 1 2
github.com/kintsdev/norm/migration/parser.go:206.111,208.76 2 0
github.com/kintsdev/norm/migration/parser.go:208.76,211.7 2 0
github.com/kintsdev/norm/migration/parser.go:212.60,213.64 1 0
github.com/kintsdev/norm/migration/parser.go:214.62,215.68 1 0
github.com/kintsdev/norm/migration/parser.go:216.65,217.68 1 0
github.com/kintsdev/norm/migration/parser.go:218.45,219.28 1 0
github.com/kintsdev/norm/migration/parser.go:220.93,221.35 1 0
github.com/kintsdev/norm/migration/parser.go:222.59,223.54 1 0
github.com/kintsdev/norm/migration/parser.go:224.60,225.65 1 0
github.com/kintsdev/norm/migration/parser.go:226.60,227.65 1 0
github.com/kintsdev/norm/migration/parser.go:228.57,229.64 1 0
github.com/kintsdev/norm/migration/parser.go:230.13,233.176 2 2
github.com/kintsdev/norm/migration/parser.go:233.176,235.7 1 2
github.com/kintsdev/norm/migration/parser.go:239.3,239.36 1 12
github.com/kintsdev/norm/migration/parser.go:241.2,241.11 1 2
github.com/kintsdev/norm/migration/parser.go:244.62,246.34 1 16
github.com/kintsdev/norm/migration/parser.go:246.34,248.3 1 2
github.com/kintsdev/norm/migration/parser.go:249.2,249.18 1 16
github.com/kintsdev/norm/migration/parser.go:250.21,252.56 1 0
github.com/kintsdev/norm/migration/parser.go:252.56,254.4 1 0
github.com/kintsdev/norm/migration/parser.go:255.50,256.19 1 1
github.com/kintsdev/norm/migration/parser.go:257.34,258.18 1 4
github.com/kintsdev/norm/migration/parser.go:259.53,260.19 1 1
github.com/kintsdev/norm/migration/parser.go:261.36,262.18 1 0
github.com/kintsdev/norm/migration/parser.go:263.20,264.19 1 0
github.com/kintsdev/norm/migration/parser.go:265.23,266.16 1 1
github.com/kintsdev/norm/migration/parser.go:267.23,268.28 1 1
github.com/kintsdev/norm/migration/parser.go:269.22,271.59 1 4
github.com/kintsdev/norm/migration/parser.go:271.59,273.4 1 2
github.com/kintsdev/norm/migration/parser.go:274.3,274.16 1 2
github.com/kintsdev/norm/migration/parser.go:275.22,276.40 1 4
github.com/kintsdev/norm/migration/parser.go:276.40,278.4 1 4
github.com/kintsdev/norm/migration/parser.go:281.3,281.100 1 0
github.com/kintsdev/norm/migration/parser.go:281.100,283.4 1 0
github.com/kintsdev/norm/migration/parser.go:285.2,285.15 1 0
